#
# There is insufficient memory for the Java Runtime Environment to continue.
# Native memory allocation (mmap) failed to map 55574528 bytes for Failed to commit area from 0x0000000090800000 to 0x0000000093d00000 of length 55574528.
# Possible reasons:
#   The system is out of physical RAM or swap space
#   The process is running with CompressedOops enabled, and the Java Heap may be blocking the growth of the native heap
# Possible solutions:
#   Reduce memory load on the system
#   Increase physical memory or swap space
#   Check if swap backing store is full
#   Decrease Java heap size (-Xmx/-Xms)
#   Decrease number of Java threads
#   Decrease Java thread stack sizes (-Xss)
#   Set larger code cache with -XX:ReservedCodeCacheSize=
#   JVM is running with Unscaled Compressed Oops mode in which the Java heap is
#     placed in the first 4GB address space. The Java Heap base address is the
#     maximum limit for the native heap growth. Please use -XX:HeapBaseMinAddress
#     to set the Java Heap base and to place the Java Heap above 4GB virtual address.
# This output file may be truncated or incomplete.
#
#  Out of Memory Error (./src/hotspot/os/windows/os_windows.cpp:3301), pid=29356, tid=32688
#
# JRE version: OpenJDK Runtime Environment (11.0.10) (build 11.0.10+0-b96-7249189)
# Java VM: OpenJDK 64-Bit Server VM (11.0.10+0-b96-7249189, mixed mode, tiered, compressed oops, g1 gc, windows-amd64)
# No core dump will be written. Minidumps are not enabled by default on client versions of Windows
#

---------------  S U M M A R Y ------------

Command Line: --add-opens=java.base/java.util=ALL-UNNAMED --add-opens=java.base/java.lang=ALL-UNNAMED --add-opens=java.base/java.lang.invoke=ALL-UNNAMED --add-opens=java.base/java.util=ALL-UNNAMED --add-opens=java.prefs/java.util.prefs=ALL-UNNAMED --add-opens=java.prefs/java.util.prefs=ALL-UNNAMED --add-opens=java.base/java.nio.charset=ALL-UNNAMED --add-opens=java.base/java.net=ALL-UNNAMED --add-opens=java.base/java.util.concurrent.atomic=ALL-UNNAMED -Xmx2048m -Dfile.encoding=UTF-8 -Duser.country=US -Duser.language=en -Duser.variant org.gradle.launcher.daemon.bootstrap.GradleDaemon 7.0.2

Host: Intel(R) Core(TM) i5-8250U CPU @ 1.60GHz, 8 cores, 7G,  Windows 10 , 64 bit Build 19041 (10.0.19041.804)
Time: Sat Oct  2 17:20:44 2021 Eastern Daylight Time elapsed time: 22.585169 seconds (0d 0h 0m 22s)

---------------  T H R E A D  ---------------

Current thread (0x000001e8872ca800):  VMThread "VM Thread" [stack: 0x0000004022e00000,0x0000004022f00000] [id=32688]

Stack: [0x0000004022e00000,0x0000004022f00000]
[error occurred during error reporting (printing stack bounds), id 0xc0000005, EXCEPTION_ACCESS_VIOLATION (0xc0000005) at pc=0x000001e8f0120f2d]

Native frames: (J=compiled Java code, j=interpreted, Vv=VM code, C=native code)
V  [jvm.dll+0x5ecfaa]
V  [jvm.dll+0x722bd5]
V  [jvm.dll+0x72412d]
V  [jvm.dll+0x724745]
V  [jvm.dll+0x7246fb]
V  [jvm.dll+0x5ec348]
V  [jvm.dll+0x5ecad8]
C  [ntdll.dll+0xa1f6f]
C  [ntdll.dll+0x51454]
C  [ntdll.dll+0xa0a9e]
C  0x000001e8f0120f2d

VM_Operation (0x00000040261f97c0): G1CollectForAllocation, mode: safepoint, requested by thread 0x000001e88a205000


---------------  P R O C E S S  ---------------

Threads class SMR info:
_java_thread_list=0x000001e88bc1fcf0, length=64, elements={
0x000001e8eae2d800, 0x000001e8872cf800, 0x000001e8872d9800, 0x000001e8872ff800,
0x000001e887303800, 0x000001e887305000, 0x000001e887306800, 0x000001e887c8e000,
0x000001e887c92800, 0x000001e887e20000, 0x000001e889617800, 0x000001e887ebd800,
0x000001e888e86800, 0x000001e889a58800, 0x000001e889017000, 0x000001e888e60800,
0x000001e88a054800, 0x000001e88973c800, 0x000001e88a324800, 0x000001e889051800,
0x000001e889052800, 0x000001e889050000, 0x000001e889051000, 0x000001e88af65800,
0x000001e88af66000, 0x000001e88af63800, 0x000001e88af64800, 0x000001e88af61800,
0x000001e88af67000, 0x000001e88af68000, 0x000001e88af62000, 0x000001e88af6c000,
0x000001e88af6c800, 0x000001e88af69800, 0x000001e88af6e800, 0x000001e88af6a800,
0x000001e88af6b000, 0x000001e88af6d800, 0x000001e88a209800, 0x000001e88a20a800,
0x000001e88a205800, 0x000001e88a207000, 0x000001e88a205000, 0x000001e88a20c000,
0x000001e88a208000, 0x000001e88a20b800, 0x000001e88a209000, 0x000001e88a206800,
0x000001e88a212800, 0x000001e88a210000, 0x000001e88a20f800, 0x000001e88a213800,
0x000001e88a20e000, 0x000001e88a20e800, 0x000001e88a211000, 0x000001e88f328800,
0x000001e88f32a000, 0x000001e88f32b000, 0x000001e88f329000, 0x000001e88f32c800,
0x000001e88f32d800, 0x000001e88f32f000, 0x000001e88f331800, 0x000001e88f32b800
}

Java Threads: ( => current thread )
  0x000001e8eae2d800 JavaThread "main" [_thread_blocked, id=31660, stack(0x0000004022800000,0x0000004022900000)]
  0x000001e8872cf800 JavaThread "Reference Handler" daemon [_thread_blocked, id=26380, stack(0x0000004022f00000,0x0000004023000000)]
  0x000001e8872d9800 JavaThread "Finalizer" daemon [_thread_blocked, id=21716, stack(0x0000004023000000,0x0000004023100000)]
  0x000001e8872ff800 JavaThread "Signal Dispatcher" daemon [_thread_blocked, id=32100, stack(0x0000004023100000,0x0000004023200000)]
  0x000001e887303800 JavaThread "Attach Listener" daemon [_thread_blocked, id=24260, stack(0x0000004023200000,0x0000004023300000)]
  0x000001e887305000 JavaThread "Service Thread" daemon [_thread_blocked, id=16368, stack(0x0000004023300000,0x0000004023400000)]
  0x000001e887306800 JavaThread "C2 CompilerThread0" daemon [_thread_blocked, id=28796, stack(0x0000004023400000,0x0000004023500000)]
  0x000001e887c8e000 JavaThread "C1 CompilerThread0" daemon [_thread_blocked, id=31656, stack(0x0000004023500000,0x0000004023600000)]
  0x000001e887c92800 JavaThread "Sweeper thread" daemon [_thread_blocked, id=18340, stack(0x0000004023600000,0x0000004023700000)]
  0x000001e887e20000 JavaThread "Common-Cleaner" daemon [_thread_blocked, id=20532, stack(0x0000004023700000,0x0000004023800000)]
  0x000001e889617800 JavaThread "Daemon health stats" [_thread_blocked, id=11912, stack(0x0000004023c00000,0x0000004023d00000)]
  0x000001e887ebd800 JavaThread "Incoming local TCP Connector on port 56256" [_thread_in_native, id=34688, stack(0x0000004023900000,0x0000004023a00000)]
  0x000001e888e86800 JavaThread "Daemon periodic checks" [_thread_blocked, id=31716, stack(0x0000004023d00000,0x0000004023e00000)]
  0x000001e889a58800 JavaThread "Daemon" [_thread_blocked, id=29684, stack(0x0000004023e00000,0x0000004023f00000)]
  0x000001e889017000 JavaThread "Handler for socket connection from /127.0.0.1:56256 to /127.0.0.1:56257" [_thread_in_native, id=32300, stack(0x0000004023f00000,0x0000004024000000)]
  0x000001e888e60800 JavaThread "Cancel handler" [_thread_blocked, id=16760, stack(0x0000004024000000,0x0000004024100000)]
  0x000001e88a054800 JavaThread "Daemon worker" [_thread_blocked, id=19352, stack(0x0000004024100000,0x0000004024200000)]
  0x000001e88973c800 JavaThread "Asynchronous log dispatcher for DefaultDaemonConnection: socket connection from /127.0.0.1:56256 to /127.0.0.1:56257" [_thread_blocked, id=22872, stack(0x0000004024200000,0x0000004024300000)]
  0x000001e88a324800 JavaThread "Stdin handler" [_thread_blocked, id=27256, stack(0x0000004024300000,0x0000004024400000)]
  0x000001e889051800 JavaThread "Daemon client event forwarder" [_thread_blocked, id=6212, stack(0x0000004024400000,0x0000004024500000)]
  0x000001e889052800 JavaThread "Cache worker for file hash cache (C:\Users\27073\.gradle\caches\7.0.2\fileHashes)" [_thread_blocked, id=31280, stack(0x0000004024a00000,0x0000004024b00000)]
  0x000001e889050000 JavaThread "File lock request listener" [_thread_in_native, id=30716, stack(0x0000004024b00000,0x0000004024c00000)]
  0x000001e889051000 JavaThread "Cache worker for journal cache (C:\Users\27073\.gradle\caches\journal-1)" [_thread_blocked, id=17264, stack(0x0000004024d00000,0x0000004024e00000)]
  0x000001e88af65800 JavaThread "Cache worker for file hash cache (C:\Users\27073\AndroidStudioProjects\InstragramClone\.gradle\7.0.2\fileHashes)" [_thread_blocked, id=22496, stack(0x0000004024e00000,0x0000004024f00000)]
  0x000001e88af66000 JavaThread "File watcher server" daemon [_thread_blocked, id=27376, stack(0x0000004024f00000,0x0000004025000000)]
  0x000001e88af63800 JavaThread "File watcher consumer" daemon [_thread_blocked, id=23328, stack(0x0000004025000000,0x0000004025100000)]
  0x000001e88af64800 JavaThread "Cache worker for checksums cache (C:\Users\27073\AndroidStudioProjects\InstragramClone\.gradle\checksums)" [_thread_blocked, id=10936, stack(0x0000004025100000,0x0000004025200000)]
  0x000001e88af61800 JavaThread "Cache worker for cache directory md-supplier (C:\Users\27073\.gradle\caches\7.0.2\md-supplier)" [_thread_blocked, id=24084, stack(0x0000004025200000,0x0000004025300000)]
  0x000001e88af67000 JavaThread "Cache worker for cache directory md-rule (C:\Users\27073\.gradle\caches\7.0.2\md-rule)" [_thread_blocked, id=13924, stack(0x0000004025300000,0x0000004025400000)]
  0x000001e88af68000 JavaThread "C2 CompilerThread1" daemon [_thread_in_native, id=22648, stack(0x0000004025400000,0x0000004025500000)]
  0x000001e88af62000 JavaThread "Cache worker for execution history cache (C:\Users\27073\.gradle\caches\7.0.2\executionHistory)" [_thread_blocked, id=29476, stack(0x0000004025500000,0x0000004025600000)]
  0x000001e88af6c000 JavaThread "jar transforms" [_thread_blocked, id=28524, stack(0x0000004025600000,0x0000004025700000)]
  0x000001e88af6c800 JavaThread "jar transforms Thread 2" [_thread_blocked, id=21928, stack(0x0000004025700000,0x0000004025800000)]
  0x000001e88af69800 JavaThread "Cache worker for file content cache (C:\Users\27073\.gradle\caches\7.0.2\fileContent)" [_thread_blocked, id=18084, stack(0x0000004025800000,0x0000004025900000)]
  0x000001e88af6e800 JavaThread "Cache worker for dependencies-accessors (C:\Users\27073\AndroidStudioProjects\InstragramClone\.gradle\7.0.2\dependencies-accessors)" [_thread_blocked, id=4432, stack(0x0000004025900000,0x0000004025a00000)]
  0x000001e88af6a800 JavaThread "jar transforms Thread 3" [_thread_blocked, id=18344, stack(0x0000004025a00000,0x0000004025b00000)]
  0x000001e88af6b000 JavaThread "Cache worker for Build Output Cleanup Cache (C:\Users\27073\AndroidStudioProjects\InstragramClone\.gradle\buildOutputCleanup)" [_thread_blocked, id=23084, stack(0x0000004025b00000,0x0000004025c00000)]
  0x000001e88af6d800 JavaThread "Build operations" [_thread_blocked, id=26816, stack(0x0000004025c00000,0x0000004025d00000)]
  0x000001e88a209800 JavaThread "Build operations Thread 2" [_thread_blocked, id=27872, stack(0x0000004025d00000,0x0000004025e00000)]
  0x000001e88a20a800 JavaThread "Build operations Thread 3" [_thread_blocked, id=34152, stack(0x0000004025e00000,0x0000004025f00000)]
  0x000001e88a205800 JavaThread "Build operations Thread 4" [_thread_blocked, id=31076, stack(0x0000004025f00000,0x0000004026000000)]
  0x000001e88a207000 JavaThread "Build operations Thread 5" [_thread_blocked, id=20936, stack(0x0000004026000000,0x0000004026100000)]
  0x000001e88a205000 JavaThread "Build operations Thread 6" [_thread_blocked, id=5916, stack(0x0000004026100000,0x0000004026200000)]
  0x000001e88a20c000 JavaThread "Build operations Thread 7" [_thread_blocked, id=22320, stack(0x0000004026200000,0x0000004026300000)]
  0x000001e88a208000 JavaThread "Build operations Thread 8" [_thread_blocked, id=8480, stack(0x0000004026300000,0x0000004026400000)]
  0x000001e88a20b800 JavaThread "jar transforms Thread 4" [_thread_blocked, id=27808, stack(0x0000004026400000,0x0000004026500000)]
  0x000001e88a209000 JavaThread "jar transforms Thread 5" [_thread_blocked, id=22596, stack(0x0000004026500000,0x0000004026600000)]
  0x000001e88a206800 JavaThread "jar transforms Thread 6" [_thread_blocked, id=32888, stack(0x0000004026600000,0x0000004026700000)]
  0x000001e88a212800 JavaThread "jar transforms Thread 7" [_thread_blocked, id=28424, stack(0x0000004026700000,0x0000004026800000)]
  0x000001e88a210000 JavaThread "jar transforms Thread 8" [_thread_blocked, id=21252, stack(0x0000004026800000,0x0000004026900000)]
  0x000001e88a20f800 JavaThread "Memory manager" [_thread_blocked, id=35432, stack(0x0000004026900000,0x0000004026a00000)]
  0x000001e88a213800 JavaThread "build event listener" [_thread_blocked, id=14540, stack(0x0000004026a00000,0x0000004026b00000)]
  0x000001e88a20e000 JavaThread "pool-3-thread-1" [_thread_blocked, id=30320, stack(0x0000004026b00000,0x0000004026c00000)]
  0x000001e88a20e800 JavaThread "build event listener" [_thread_blocked, id=33876, stack(0x0000004026c00000,0x0000004026d00000)]
  0x000001e88a211000 JavaThread "Execution worker for ':'" [_thread_blocked, id=9920, stack(0x0000004026d00000,0x0000004026e00000)]
  0x000001e88f328800 JavaThread "Execution worker for ':' Thread 2" [_thread_blocked, id=23856, stack(0x0000004026e00000,0x0000004026f00000)]
  0x000001e88f32a000 JavaThread "Execution worker for ':' Thread 3" [_thread_blocked, id=26668, stack(0x0000004026f00000,0x0000004027000000)]
  0x000001e88f32b000 JavaThread "Execution worker for ':' Thread 4" [_thread_blocked, id=29128, stack(0x0000004027000000,0x0000004027100000)]
  0x000001e88f329000 JavaThread "Execution worker for ':' Thread 5" [_thread_blocked, id=32124, stack(0x0000004027100000,0x0000004027200000)]
  0x000001e88f32c800 JavaThread "Execution worker for ':' Thread 6" [_thread_blocked, id=31132, stack(0x0000004027200000,0x0000004027300000)]
  0x000001e88f32d800 JavaThread "Execution worker for ':' Thread 7" [_thread_blocked, id=16440, stack(0x0000004027300000,0x0000004027400000)]
  0x000001e88f32f000 JavaThread "Cache worker for execution history cache (C:\Users\27073\AndroidStudioProjects\InstragramClone\.gradle\7.0.2\executionHistory)" [_thread_blocked, id=31224, stack(0x0000004027400000,0x0000004027500000)]
  0x000001e88f331800 JavaThread "WorkerExecutor Queue" [_thread_blocked, id=32748, stack(0x0000004027500000,0x0000004027600000)]
  0x000001e88f32b800 JavaThread "WorkerExecutor Queue Thread 2" [_thread_blocked, id=28240, stack(0x0000004027600000,0x0000004027700000)]

Other Threads:
=>0x000001e8872ca800 VMThread "VM Thread" [stack: 0x0000004022e00000,0x0000004022f00000] [id=32688]
  0x000001e887e23800 WatcherThread [stack: 0x0000004023800000,0x0000004023900000] [id=32148]
  0x000001e8eae41000 GCTaskThread "GC Thread#0" [stack: 0x0000004022900000,0x0000004022a00000] [id=32044]
  0x000001e888cba800 GCTaskThread "GC Thread#1" [stack: 0x0000004023a00000,0x0000004023b00000] [id=1340]
  0x000001e888ace800 GCTaskThread "GC Thread#2" [stack: 0x0000004023b00000,0x0000004023c00000] [id=33272]
  0x000001e88a0c9000 GCTaskThread "GC Thread#3" [stack: 0x0000004024500000,0x0000004024600000] [id=32452]
  0x000001e889c49000 GCTaskThread "GC Thread#4" [stack: 0x0000004024600000,0x0000004024700000] [id=32528]
  0x000001e889a27000 GCTaskThread "GC Thread#5" [stack: 0x0000004024700000,0x0000004024800000] [id=31972]
  0x000001e88a10b800 GCTaskThread "GC Thread#6" [stack: 0x0000004024800000,0x0000004024900000] [id=27596]
  0x000001e888dda000 GCTaskThread "GC Thread#7" [stack: 0x0000004024900000,0x0000004024a00000] [id=32436]
  0x000001e8eae75000 ConcurrentGCThread "G1 Main Marker" [stack: 0x0000004022a00000,0x0000004022b00000] [id=1700]
  0x000001e8eae76800 ConcurrentGCThread "G1 Conc#0" [stack: 0x0000004022b00000,0x0000004022c00000] [id=32372]
  0x000001e88a2b1800 ConcurrentGCThread "G1 Conc#1" [stack: 0x0000004024c00000,0x0000004024d00000] [id=32064]
  0x000001e8eaf07800 ConcurrentGCThread "G1 Refine#0" [stack: 0x0000004022c00000,0x0000004022d00000] [id=31180]
  0x000001e887120800 ConcurrentGCThread "G1 Young RemSet Sampling" [stack: 0x0000004022d00000,0x0000004022e00000] [id=32120]

Threads with active compile tasks:
C2 CompilerThread0  22632 14596       4       com.android.tools.r8.internal.W4::a (268 bytes)
C2 CompilerThread1  22632 13950 %     4       com.android.tools.r8.ir.regalloc.a::a @ 2121 (3985 bytes)

VM state:at safepoint (normal execution)

VM Mutex/Monitor currently owned by a thread:  ([mutex/lock_event])
[0x000001e8eae29fe0] Threads_lock - owner thread: 0x000001e8872ca800
[0x000001e8eae2a970] Heap_lock - owner thread: 0x000001e88a205000

Heap address: 0x0000000080000000, size: 2048 MB, Compressed Oops mode: 32-bit
Narrow klass base: 0x0000000000000000, Narrow klass shift: 3
Compressed class space size: 1073741824 Address: 0x0000000100000000

Heap:
 garbage-first heap   total 324608K, used 105895K [0x0000000080000000, 0x0000000100000000)
  region size 1024K, 9 young (9216K), 9 survivors (9216K)
 Metaspace       used 101610K, capacity 104231K, committed 104268K, reserved 1138688K
  class space    used 13143K, capacity 14137K, committed 14156K, reserved 1048576K
Heap Regions: E=young(eden), S=young(survivor), O=old, HS=humongous(starts), HC=humongous(continues), CS=collection set, F=free, A=archive, TAMS=top-at-mark-start (previous, next)
|   0|0x0000000080000000, 0x0000000080100000, 0x0000000080100000|100%| O|  |TAMS 0x0000000080100000, 0x0000000080000000| Untracked 
|   1|0x0000000080100000, 0x0000000080200000, 0x0000000080200000|100%| O|  |TAMS 0x0000000080200000, 0x0000000080100000| Untracked 
|   2|0x0000000080200000, 0x0000000080300000, 0x0000000080300000|100%| O|  |TAMS 0x0000000080300000, 0x0000000080200000| Untracked 
|   3|0x0000000080300000, 0x0000000080400000, 0x0000000080400000|100%|HS|  |TAMS 0x0000000080400000, 0x0000000080300000| Complete 
|   4|0x0000000080400000, 0x0000000080500000, 0x0000000080500000|100%|HC|  |TAMS 0x0000000080500000, 0x0000000080400000| Complete 
|   5|0x0000000080500000, 0x0000000080600000, 0x0000000080600000|100%|HC|  |TAMS 0x0000000080600000, 0x0000000080500000| Complete 
|   6|0x0000000080600000, 0x0000000080700000, 0x0000000080700000|100%| O|  |TAMS 0x0000000080700000, 0x0000000080600000| Untracked 
|   7|0x0000000080700000, 0x0000000080800000, 0x0000000080800000|100%| O|  |TAMS 0x0000000080800000, 0x0000000080700000| Untracked 
|   8|0x0000000080800000, 0x0000000080900000, 0x0000000080900000|100%| O|  |TAMS 0x0000000080900000, 0x0000000080800000| Untracked 
|   9|0x0000000080900000, 0x0000000080a00000, 0x0000000080a00000|100%| O|  |TAMS 0x0000000080a00000, 0x0000000080900000| Untracked 
|  10|0x0000000080a00000, 0x0000000080b00000, 0x0000000080b00000|100%| O|  |TAMS 0x0000000080b00000, 0x0000000080a00000| Untracked 
|  11|0x0000000080b00000, 0x0000000080c00000, 0x0000000080c00000|100%| O|  |TAMS 0x0000000080c00000, 0x0000000080b00000| Untracked 
|  12|0x0000000080c00000, 0x0000000080d00000, 0x0000000080d00000|100%| O|  |TAMS 0x0000000080d00000, 0x0000000080c00000| Untracked 
|  13|0x0000000080d00000, 0x0000000080e00000, 0x0000000080e00000|100%| O|  |TAMS 0x0000000080e00000, 0x0000000080d00000| Untracked 
|  14|0x0000000080e00000, 0x0000000080f00000, 0x0000000080f00000|100%| O|  |TAMS 0x0000000080f00000, 0x0000000080e00000| Untracked 
|  15|0x0000000080f00000, 0x0000000081000000, 0x0000000081000000|100%| O|  |TAMS 0x0000000081000000, 0x0000000080f00000| Untracked 
|  16|0x0000000081000000, 0x0000000081100000, 0x0000000081100000|100%|HS|  |TAMS 0x0000000081100000, 0x0000000081000000| Complete 
|  17|0x0000000081100000, 0x0000000081200000, 0x0000000081200000|100%| O|  |TAMS 0x0000000081200000, 0x0000000081100000| Untracked 
|  18|0x0000000081200000, 0x0000000081300000, 0x0000000081300000|100%| O|  |TAMS 0x0000000081300000, 0x0000000081200000| Untracked 
|  19|0x0000000081300000, 0x0000000081400000, 0x0000000081400000|100%| O|  |TAMS 0x0000000081400000, 0x0000000081300000| Untracked 
|  20|0x0000000081400000, 0x0000000081500000, 0x0000000081500000|100%| O|  |TAMS 0x0000000081500000, 0x0000000081400000| Untracked 
|  21|0x0000000081500000, 0x0000000081600000, 0x0000000081600000|100%| O|  |TAMS 0x0000000081600000, 0x0000000081500000| Untracked 
|  22|0x0000000081600000, 0x0000000081700000, 0x0000000081700000|100%| O|  |TAMS 0x0000000081700000, 0x0000000081600000| Untracked 
|  23|0x0000000081700000, 0x0000000081800000, 0x0000000081800000|100%| O|  |TAMS 0x0000000081800000, 0x0000000081700000| Untracked 
|  24|0x0000000081800000, 0x0000000081900000, 0x0000000081900000|100%| O|  |TAMS 0x0000000081900000, 0x0000000081800000| Untracked 
|  25|0x0000000081900000, 0x0000000081a00000, 0x0000000081a00000|100%| O|  |TAMS 0x0000000081a00000, 0x0000000081900000| Untracked 
|  26|0x0000000081a00000, 0x0000000081b00000, 0x0000000081b00000|100%| O|  |TAMS 0x0000000081b00000, 0x0000000081a00000| Untracked 
|  27|0x0000000081b00000, 0x0000000081c00000, 0x0000000081c00000|100%|HS|  |TAMS 0x0000000081c00000, 0x0000000081b00000| Complete 
|  28|0x0000000081c00000, 0x0000000081d00000, 0x0000000081d00000|100%|HS|  |TAMS 0x0000000081d00000, 0x0000000081c00000| Complete 
|  29|0x0000000081d00000, 0x0000000081e00000, 0x0000000081e00000|100%|HC|  |TAMS 0x0000000081e00000, 0x0000000081d00000| Complete 
|  30|0x0000000081e00000, 0x0000000081f00000, 0x0000000081f00000|100%| O|  |TAMS 0x0000000081f00000, 0x0000000081e00000| Untracked 
|  31|0x0000000081f00000, 0x0000000082000000, 0x0000000082000000|100%| O|  |TAMS 0x0000000082000000, 0x0000000081f00000| Untracked 
|  32|0x0000000082000000, 0x0000000082100000, 0x0000000082100000|100%| O|  |TAMS 0x0000000082100000, 0x0000000082000000| Untracked 
|  33|0x0000000082100000, 0x0000000082200000, 0x0000000082200000|100%| O|  |TAMS 0x0000000082200000, 0x0000000082100000| Untracked 
|  34|0x0000000082200000, 0x0000000082300000, 0x0000000082300000|100%| O|  |TAMS 0x0000000082300000, 0x0000000082200000| Untracked 
|  35|0x0000000082300000, 0x0000000082400000, 0x0000000082400000|100%| O|  |TAMS 0x0000000082400000, 0x0000000082300000| Untracked 
|  36|0x0000000082400000, 0x0000000082500000, 0x0000000082500000|100%| O|  |TAMS 0x0000000082500000, 0x0000000082400000| Untracked 
|  37|0x0000000082500000, 0x0000000082600000, 0x0000000082600000|100%| O|  |TAMS 0x0000000082600000, 0x0000000082500000| Untracked 
|  38|0x0000000082600000, 0x0000000082700000, 0x0000000082700000|100%| O|  |TAMS 0x0000000082700000, 0x0000000082600000| Untracked 
|  39|0x0000000082700000, 0x0000000082800000, 0x0000000082800000|100%| O|  |TAMS 0x0000000082800000, 0x0000000082700000| Untracked 
|  40|0x0000000082800000, 0x0000000082900000, 0x0000000082900000|100%| O|  |TAMS 0x0000000082900000, 0x0000000082800000| Untracked 
|  41|0x0000000082900000, 0x0000000082a00000, 0x0000000082a00000|100%| O|  |TAMS 0x0000000082a00000, 0x0000000082900000| Untracked 
|  42|0x0000000082a00000, 0x0000000082b00000, 0x0000000082b00000|100%| O|  |TAMS 0x0000000082b00000, 0x0000000082a00000| Untracked 
|  43|0x0000000082b00000, 0x0000000082c00000, 0x0000000082c00000|100%| O|  |TAMS 0x0000000082c00000, 0x0000000082b00000| Untracked 
|  44|0x0000000082c00000, 0x0000000082d00000, 0x0000000082d00000|100%| O|  |TAMS 0x0000000082d00000, 0x0000000082c00000| Untracked 
|  45|0x0000000082d00000, 0x0000000082e00000, 0x0000000082e00000|100%| O|  |TAMS 0x0000000082e00000, 0x0000000082d00000| Untracked 
|  46|0x0000000082e00000, 0x0000000082f00000, 0x0000000082f00000|100%| O|  |TAMS 0x0000000082f00000, 0x0000000082e00000| Untracked 
|  47|0x0000000082f00000, 0x0000000083000000, 0x0000000083000000|100%| O|  |TAMS 0x0000000083000000, 0x0000000082f00000| Untracked 
|  48|0x0000000083000000, 0x0000000083100000, 0x0000000083100000|100%| O|  |TAMS 0x0000000083100000, 0x0000000083000000| Untracked 
|  49|0x0000000083100000, 0x0000000083200000, 0x0000000083200000|100%| O|  |TAMS 0x0000000083200000, 0x0000000083100000| Untracked 
|  50|0x0000000083200000, 0x0000000083300000, 0x0000000083300000|100%| O|  |TAMS 0x0000000083300000, 0x0000000083200000| Untracked 
|  51|0x0000000083300000, 0x0000000083400000, 0x0000000083400000|100%| O|  |TAMS 0x0000000083400000, 0x0000000083300000| Untracked 
|  52|0x0000000083400000, 0x0000000083500000, 0x0000000083500000|100%| O|  |TAMS 0x0000000083500000, 0x0000000083400000| Untracked 
|  53|0x0000000083500000, 0x0000000083600000, 0x0000000083600000|100%| O|  |TAMS 0x0000000083500000, 0x0000000083500000| Untracked 
|  54|0x0000000083600000, 0x0000000083700000, 0x0000000083700000|100%| O|  |TAMS 0x0000000083700000, 0x0000000083600000| Untracked 
|  55|0x0000000083700000, 0x0000000083800000, 0x0000000083800000|100%| O|  |TAMS 0x0000000083800000, 0x0000000083700000| Untracked 
|  56|0x0000000083800000, 0x0000000083900000, 0x0000000083900000|100%| O|  |TAMS 0x0000000083900000, 0x0000000083800000| Untracked 
|  57|0x0000000083900000, 0x0000000083a00000, 0x0000000083a00000|100%| O|  |TAMS 0x0000000083a00000, 0x0000000083900000| Untracked 
|  58|0x0000000083a00000, 0x0000000083b00000, 0x0000000083b00000|100%| O|  |TAMS 0x0000000083b00000, 0x0000000083a00000| Untracked 
|  59|0x0000000083b00000, 0x0000000083c00000, 0x0000000083c00000|100%| O|  |TAMS 0x0000000083c00000, 0x0000000083b00000| Untracked 
|  60|0x0000000083c00000, 0x0000000083d00000, 0x0000000083d00000|100%| O|  |TAMS 0x0000000083d00000, 0x0000000083c00000| Untracked 
|  61|0x0000000083d00000, 0x0000000083e00000, 0x0000000083e00000|100%| O|  |TAMS 0x0000000083e00000, 0x0000000083d00000| Untracked 
|  62|0x0000000083e00000, 0x0000000083f00000, 0x0000000083f00000|100%| O|  |TAMS 0x0000000083f00000, 0x0000000083e00000| Untracked 
|  63|0x0000000083f00000, 0x0000000084000000, 0x0000000084000000|100%| O|  |TAMS 0x0000000084000000, 0x0000000083f00000| Untracked 
|  64|0x0000000084000000, 0x0000000084100000, 0x0000000084100000|100%| O|  |TAMS 0x0000000084000000, 0x0000000084000000| Untracked 
|  65|0x0000000084100000, 0x0000000084169e00, 0x0000000084200000| 41%| O|  |TAMS 0x0000000084100000, 0x0000000084100000| Untracked 
|  66|0x0000000084200000, 0x0000000084200000, 0x0000000084300000|  0%| F|  |TAMS 0x0000000084200000, 0x0000000084200000| Untracked 
|  67|0x0000000084300000, 0x0000000084300000, 0x0000000084400000|  0%| F|  |TAMS 0x0000000084300000, 0x0000000084300000| Untracked 
|  68|0x0000000084400000, 0x0000000084400000, 0x0000000084500000|  0%| F|  |TAMS 0x0000000084400000, 0x0000000084400000| Untracked 
|  69|0x0000000084500000, 0x0000000084500000, 0x0000000084600000|  0%| F|  |TAMS 0x0000000084500000, 0x0000000084500000| Untracked 
|  70|0x0000000084600000, 0x0000000084700000, 0x0000000084700000|100%| O|  |TAMS 0x0000000084700000, 0x0000000084600000| Untracked 
|  71|0x0000000084700000, 0x0000000084800000, 0x0000000084800000|100%| O|  |TAMS 0x0000000084800000, 0x0000000084700000| Untracked 
|  72|0x0000000084800000, 0x0000000084900000, 0x0000000084900000|100%| O|  |TAMS 0x0000000084900000, 0x0000000084800000| Untracked 
|  73|0x0000000084900000, 0x0000000084900000, 0x0000000084a00000|  0%| F|  |TAMS 0x0000000084900000, 0x0000000084900000| Untracked 
|  74|0x0000000084a00000, 0x0000000084b00000, 0x0000000084b00000|100%| O|  |TAMS 0x0000000084a00000, 0x0000000084a00000| Untracked 
|  75|0x0000000084b00000, 0x0000000084c00000, 0x0000000084c00000|100%| O|  |TAMS 0x0000000084c00000, 0x0000000084b00000| Untracked 
|  76|0x0000000084c00000, 0x0000000084d00000, 0x0000000084d00000|100%| O|  |TAMS 0x0000000084d00000, 0x0000000084c00000| Untracked 
|  77|0x0000000084d00000, 0x0000000084e00000, 0x0000000084e00000|100%| O|  |TAMS 0x0000000084e00000, 0x0000000084d00000| Untracked 
|  78|0x0000000084e00000, 0x0000000084f00000, 0x0000000084f00000|100%| O|  |TAMS 0x0000000084f00000, 0x0000000084e00000| Untracked 
|  79|0x0000000084f00000, 0x0000000085000000, 0x0000000085000000|100%| O|  |TAMS 0x0000000085000000, 0x0000000084f00000| Untracked 
|  80|0x0000000085000000, 0x0000000085100000, 0x0000000085100000|100%| O|  |TAMS 0x0000000085100000, 0x0000000085000000| Untracked 
|  81|0x0000000085100000, 0x0000000085200000, 0x0000000085200000|100%| O|  |TAMS 0x00000000851d8c00, 0x0000000085100000| Untracked 
|  82|0x0000000085200000, 0x0000000085300000, 0x0000000085300000|100%| O|  |TAMS 0x0000000085200000, 0x0000000085200000| Untracked 
|  83|0x0000000085300000, 0x0000000085400000, 0x0000000085400000|100%| O|  |TAMS 0x0000000085300000, 0x0000000085300000| Untracked 
|  84|0x0000000085400000, 0x0000000085500000, 0x0000000085500000|100%| O|  |TAMS 0x0000000085400000, 0x0000000085400000| Untracked 
|  85|0x0000000085500000, 0x0000000085600000, 0x0000000085600000|100%| O|  |TAMS 0x0000000085500000, 0x0000000085500000| Untracked 
|  86|0x0000000085600000, 0x0000000085700000, 0x0000000085700000|100%| O|  |TAMS 0x0000000085700000, 0x0000000085600000| Untracked 
|  87|0x0000000085700000, 0x0000000085800000, 0x0000000085800000|100%| O|  |TAMS 0x0000000085800000, 0x0000000085700000| Untracked 
|  88|0x0000000085800000, 0x0000000085900000, 0x0000000085900000|100%| O|  |TAMS 0x0000000085900000, 0x0000000085800000| Untracked 
|  89|0x0000000085900000, 0x0000000085a00000, 0x0000000085a00000|100%| O|  |TAMS 0x0000000085a00000, 0x0000000085900000| Untracked 
|  90|0x0000000085a00000, 0x0000000085b00000, 0x0000000085b00000|100%| O|  |TAMS 0x0000000085a00000, 0x0000000085a00000| Untracked 
|  91|0x0000000085b00000, 0x0000000085c00000, 0x0000000085c00000|100%| O|  |TAMS 0x0000000085c00000, 0x0000000085b00000| Untracked 
|  92|0x0000000085c00000, 0x0000000085d00000, 0x0000000085d00000|100%| O|  |TAMS 0x0000000085c00000, 0x0000000085c00000| Untracked 
|  93|0x0000000085d00000, 0x0000000085e00000, 0x0000000085e00000|100%| O|  |TAMS 0x0000000085d00000, 0x0000000085d00000| Untracked 
|  94|0x0000000085e00000, 0x0000000085f00000, 0x0000000085f00000|100%| O|  |TAMS 0x0000000085e00000, 0x0000000085e00000| Untracked 
|  95|0x0000000085f00000, 0x0000000086000000, 0x0000000086000000|100%| O|  |TAMS 0x0000000086000000, 0x0000000085f00000| Untracked 
|  96|0x0000000086000000, 0x0000000086100000, 0x0000000086100000|100%| O|  |TAMS 0x0000000086100000, 0x0000000086000000| Untracked 
|  97|0x0000000086100000, 0x0000000086100000, 0x0000000086200000|  0%| F|  |TAMS 0x0000000086100000, 0x0000000086100000| Untracked 
|  98|0x0000000086200000, 0x0000000086300000, 0x0000000086300000|100%| O|  |TAMS 0x0000000086200000, 0x0000000086200000| Untracked 
|  99|0x0000000086300000, 0x0000000086400000, 0x0000000086400000|100%| O|  |TAMS 0x0000000086300000, 0x0000000086300000| Untracked 
| 100|0x0000000086400000, 0x0000000086500000, 0x0000000086500000|100%| O|  |TAMS 0x0000000086400000, 0x0000000086400000| Untracked 
| 101|0x0000000086500000, 0x0000000086500000, 0x0000000086600000|  0%| F|  |TAMS 0x0000000086500000, 0x0000000086500000| Untracked 
| 102|0x0000000086600000, 0x0000000086600000, 0x0000000086700000|  0%| F|  |TAMS 0x0000000086600000, 0x0000000086600000| Untracked 
| 103|0x0000000086700000, 0x0000000086700000, 0x0000000086800000|  0%| F|  |TAMS 0x0000000086700000, 0x0000000086700000| Untracked 
| 104|0x0000000086800000, 0x0000000086800000, 0x0000000086900000|  0%| F|  |TAMS 0x0000000086800000, 0x0000000086800000| Untracked 
| 105|0x0000000086900000, 0x0000000086900000, 0x0000000086a00000|  0%| F|  |TAMS 0x0000000086900000, 0x0000000086900000| Untracked 
| 106|0x0000000086a00000, 0x0000000086a00000, 0x0000000086b00000|  0%| F|  |TAMS 0x0000000086a00000, 0x0000000086a00000| Untracked 
| 107|0x0000000086b00000, 0x0000000086b00000, 0x0000000086c00000|  0%| F|  |TAMS 0x0000000086b00000, 0x0000000086b00000| Untracked 
| 108|0x0000000086c00000, 0x0000000086c00000, 0x0000000086d00000|  0%| F|  |TAMS 0x0000000086c00000, 0x0000000086c00000| Untracked 
| 109|0x0000000086d00000, 0x0000000086d00000, 0x0000000086e00000|  0%| F|  |TAMS 0x0000000086d00000, 0x0000000086d00000| Untracked 
| 110|0x0000000086e00000, 0x0000000086e00000, 0x0000000086f00000|  0%| F|  |TAMS 0x0000000086e00000, 0x0000000086e00000| Untracked 
| 111|0x0000000086f00000, 0x0000000086f00000, 0x0000000087000000|  0%| F|  |TAMS 0x0000000086f00000, 0x0000000086f00000| Untracked 
| 112|0x0000000087000000, 0x0000000087000000, 0x0000000087100000|  0%| F|  |TAMS 0x0000000087000000, 0x0000000087000000| Untracked 
| 113|0x0000000087100000, 0x0000000087100000, 0x0000000087200000|  0%| F|  |TAMS 0x0000000087100000, 0x0000000087100000| Untracked 
| 114|0x0000000087200000, 0x0000000087200000, 0x0000000087300000|  0%| F|  |TAMS 0x0000000087200000, 0x0000000087200000| Untracked 
| 115|0x0000000087300000, 0x0000000087300000, 0x0000000087400000|  0%| F|  |TAMS 0x0000000087300000, 0x0000000087300000| Untracked 
| 116|0x0000000087400000, 0x0000000087400000, 0x0000000087500000|  0%| F|  |TAMS 0x0000000087400000, 0x0000000087400000| Untracked 
| 117|0x0000000087500000, 0x0000000087500000, 0x0000000087600000|  0%| F|  |TAMS 0x0000000087500000, 0x0000000087500000| Untracked 
| 118|0x0000000087600000, 0x0000000087600000, 0x0000000087700000|  0%| F|  |TAMS 0x0000000087600000, 0x0000000087600000| Untracked 
| 119|0x0000000087700000, 0x0000000087700000, 0x0000000087800000|  0%| F|  |TAMS 0x0000000087700000, 0x0000000087700000| Untracked 
| 120|0x0000000087800000, 0x0000000087800000, 0x0000000087900000|  0%| F|  |TAMS 0x0000000087800000, 0x0000000087800000| Untracked 
| 121|0x0000000087900000, 0x0000000087900000, 0x0000000087a00000|  0%| F|  |TAMS 0x0000000087900000, 0x0000000087900000| Untracked 
| 122|0x0000000087a00000, 0x0000000087a00000, 0x0000000087b00000|  0%| F|  |TAMS 0x0000000087a00000, 0x0000000087a00000| Untracked 
| 123|0x0000000087b00000, 0x0000000087b00000, 0x0000000087c00000|  0%| F|  |TAMS 0x0000000087b00000, 0x0000000087b00000| Untracked 
| 124|0x0000000087c00000, 0x0000000087c00000, 0x0000000087d00000|  0%| F|  |TAMS 0x0000000087c00000, 0x0000000087c00000| Untracked 
| 125|0x0000000087d00000, 0x0000000087d00000, 0x0000000087e00000|  0%| F|  |TAMS 0x0000000087d00000, 0x0000000087d00000| Untracked 
| 126|0x0000000087e00000, 0x0000000087e00000, 0x0000000087f00000|  0%| F|  |TAMS 0x0000000087e00000, 0x0000000087e00000| Untracked 
| 127|0x0000000087f00000, 0x0000000087f00000, 0x0000000088000000|  0%| F|  |TAMS 0x0000000087f00000, 0x0000000087f00000| Untracked 
| 128|0x0000000088000000, 0x0000000088000000, 0x0000000088100000|  0%| F|  |TAMS 0x0000000088000000, 0x0000000088000000| Untracked 
| 129|0x0000000088100000, 0x0000000088200000, 0x0000000088200000|100%| S|CS|TAMS 0x0000000088100000, 0x0000000088100000| Complete 
| 130|0x0000000088200000, 0x0000000088300000, 0x0000000088300000|100%| S|CS|TAMS 0x0000000088200000, 0x0000000088200000| Complete 
| 131|0x0000000088300000, 0x0000000088400000, 0x0000000088400000|100%| S|CS|TAMS 0x0000000088300000, 0x0000000088300000| Complete 
| 132|0x0000000088400000, 0x0000000088500000, 0x0000000088500000|100%| S|CS|TAMS 0x0000000088400000, 0x0000000088400000| Complete 
| 133|0x0000000088500000, 0x0000000088600000, 0x0000000088600000|100%| S|CS|TAMS 0x0000000088500000, 0x0000000088500000| Complete 
| 134|0x0000000088600000, 0x0000000088700000, 0x0000000088700000|100%| S|CS|TAMS 0x0000000088600000, 0x0000000088600000| Complete 
| 135|0x0000000088700000, 0x0000000088700000, 0x0000000088800000|  0%| F|  |TAMS 0x0000000088700000, 0x0000000088700000| Untracked 
| 136|0x0000000088800000, 0x0000000088800000, 0x0000000088900000|  0%| F|  |TAMS 0x0000000088800000, 0x0000000088800000| Untracked 
| 137|0x0000000088900000, 0x0000000088900000, 0x0000000088a00000|  0%| F|  |TAMS 0x0000000088900000, 0x0000000088900000| Untracked 
| 138|0x0000000088a00000, 0x0000000088a00000, 0x0000000088b00000|  0%| F|  |TAMS 0x0000000088a00000, 0x0000000088a00000| Untracked 
| 139|0x0000000088b00000, 0x0000000088c00000, 0x0000000088c00000|100%| S|CS|TAMS 0x0000000088b00000, 0x0000000088b00000| Complete 
| 140|0x0000000088c00000, 0x0000000088d00000, 0x0000000088d00000|100%| S|CS|TAMS 0x0000000088c00000, 0x0000000088c00000| Complete 
| 141|0x0000000088d00000, 0x0000000088e00000, 0x0000000088e00000|100%| S|CS|TAMS 0x0000000088d00000, 0x0000000088d00000| Complete 
| 142|0x0000000088e00000, 0x0000000088e00000, 0x0000000088f00000|  0%| F|  |TAMS 0x0000000088e00000, 0x0000000088e00000| Untracked 
| 143|0x0000000088f00000, 0x0000000088f00000, 0x0000000089000000|  0%| F|  |TAMS 0x0000000088f00000, 0x0000000088f00000| Untracked 
| 144|0x0000000089000000, 0x0000000089000000, 0x0000000089100000|  0%| F|  |TAMS 0x0000000089000000, 0x0000000089000000| Untracked 
| 145|0x0000000089100000, 0x0000000089100000, 0x0000000089200000|  0%| F|  |TAMS 0x0000000089100000, 0x0000000089100000| Untracked 
| 146|0x0000000089200000, 0x0000000089200000, 0x0000000089300000|  0%| F|  |TAMS 0x0000000089200000, 0x0000000089200000| Untracked 
| 147|0x0000000089300000, 0x0000000089300000, 0x0000000089400000|  0%| F|  |TAMS 0x0000000089300000, 0x0000000089300000| Untracked 
| 148|0x0000000089400000, 0x0000000089400000, 0x0000000089500000|  0%| F|  |TAMS 0x0000000089400000, 0x0000000089400000| Untracked 
| 149|0x0000000089500000, 0x0000000089500000, 0x0000000089600000|  0%| F|  |TAMS 0x0000000089500000, 0x0000000089500000| Untracked 
| 150|0x0000000089600000, 0x0000000089600000, 0x0000000089700000|  0%| F|  |TAMS 0x0000000089600000, 0x0000000089600000| Untracked 
| 151|0x0000000089700000, 0x0000000089700000, 0x0000000089800000|  0%| F|  |TAMS 0x0000000089700000, 0x0000000089700000| Untracked 
| 152|0x0000000089800000, 0x0000000089800000, 0x0000000089900000|  0%| F|  |TAMS 0x0000000089800000, 0x0000000089800000| Untracked 
| 153|0x0000000089900000, 0x0000000089900000, 0x0000000089a00000|  0%| F|  |TAMS 0x0000000089900000, 0x0000000089900000| Untracked 
| 154|0x0000000089a00000, 0x0000000089a00000, 0x0000000089b00000|  0%| F|  |TAMS 0x0000000089a00000, 0x0000000089a00000| Untracked 
| 155|0x0000000089b00000, 0x0000000089b00000, 0x0000000089c00000|  0%| F|  |TAMS 0x0000000089b00000, 0x0000000089b00000| Untracked 
| 156|0x0000000089c00000, 0x0000000089c00000, 0x0000000089d00000|  0%| F|  |TAMS 0x0000000089c00000, 0x0000000089c00000| Untracked 
| 157|0x0000000089d00000, 0x0000000089d00000, 0x0000000089e00000|  0%| F|  |TAMS 0x0000000089d00000, 0x0000000089d00000| Untracked 
| 158|0x0000000089e00000, 0x0000000089e00000, 0x0000000089f00000|  0%| F|  |TAMS 0x0000000089e00000, 0x0000000089e00000| Untracked 
| 159|0x0000000089f00000, 0x0000000089f00000, 0x000000008a000000|  0%| F|  |TAMS 0x0000000089f00000, 0x0000000089f00000| Untracked 
| 160|0x000000008a000000, 0x000000008a000000, 0x000000008a100000|  0%| F|  |TAMS 0x000000008a000000, 0x000000008a000000| Untracked 
| 161|0x000000008a100000, 0x000000008a100000, 0x000000008a200000|  0%| F|  |TAMS 0x000000008a100000, 0x000000008a100000| Untracked 
| 162|0x000000008a200000, 0x000000008a200000, 0x000000008a300000|  0%| F|  |TAMS 0x000000008a200000, 0x000000008a200000| Untracked 
| 163|0x000000008a300000, 0x000000008a300000, 0x000000008a400000|  0%| F|  |TAMS 0x000000008a300000, 0x000000008a300000| Untracked 
| 164|0x000000008a400000, 0x000000008a400000, 0x000000008a500000|  0%| F|  |TAMS 0x000000008a400000, 0x000000008a400000| Untracked 
| 165|0x000000008a500000, 0x000000008a500000, 0x000000008a600000|  0%| F|  |TAMS 0x000000008a500000, 0x000000008a500000| Untracked 
| 166|0x000000008a600000, 0x000000008a600000, 0x000000008a700000|  0%| F|  |TAMS 0x000000008a600000, 0x000000008a600000| Untracked 
| 167|0x000000008a700000, 0x000000008a700000, 0x000000008a800000|  0%| F|  |TAMS 0x000000008a700000, 0x000000008a700000| Untracked 
| 168|0x000000008a800000, 0x000000008a800000, 0x000000008a900000|  0%| F|  |TAMS 0x000000008a800000, 0x000000008a800000| Untracked 
| 169|0x000000008a900000, 0x000000008a900000, 0x000000008aa00000|  0%| F|  |TAMS 0x000000008a900000, 0x000000008a900000| Untracked 
| 170|0x000000008aa00000, 0x000000008aa00000, 0x000000008ab00000|  0%| F|  |TAMS 0x000000008aa00000, 0x000000008aa00000| Untracked 
| 171|0x000000008ab00000, 0x000000008ab00000, 0x000000008ac00000|  0%| F|  |TAMS 0x000000008ab00000, 0x000000008ab00000| Untracked 
| 172|0x000000008ac00000, 0x000000008ac00000, 0x000000008ad00000|  0%| F|  |TAMS 0x000000008ac00000, 0x000000008ac00000| Untracked 
| 173|0x000000008ad00000, 0x000000008ad00000, 0x000000008ae00000|  0%| F|  |TAMS 0x000000008ad00000, 0x000000008ad00000| Untracked 
| 174|0x000000008ae00000, 0x000000008ae00000, 0x000000008af00000|  0%| F|  |TAMS 0x000000008ae00000, 0x000000008ae00000| Untracked 
| 175|0x000000008af00000, 0x000000008af00000, 0x000000008b000000|  0%| F|  |TAMS 0x000000008af00000, 0x000000008af00000| Untracked 
| 176|0x000000008b000000, 0x000000008b000000, 0x000000008b100000|  0%| F|  |TAMS 0x000000008b000000, 0x000000008b000000| Untracked 
| 177|0x000000008b100000, 0x000000008b100000, 0x000000008b200000|  0%| F|  |TAMS 0x000000008b100000, 0x000000008b100000| Untracked 
| 178|0x000000008b200000, 0x000000008b200000, 0x000000008b300000|  0%| F|  |TAMS 0x000000008b200000, 0x000000008b200000| Untracked 
| 179|0x000000008b300000, 0x000000008b300000, 0x000000008b400000|  0%| F|  |TAMS 0x000000008b300000, 0x000000008b300000| Untracked 
| 180|0x000000008b400000, 0x000000008b400000, 0x000000008b500000|  0%| F|  |TAMS 0x000000008b400000, 0x000000008b400000| Untracked 
| 181|0x000000008b500000, 0x000000008b500000, 0x000000008b600000|  0%| F|  |TAMS 0x000000008b500000, 0x000000008b500000| Untracked 
| 182|0x000000008b600000, 0x000000008b600000, 0x000000008b700000|  0%| F|  |TAMS 0x000000008b600000, 0x000000008b600000| Untracked 
| 183|0x000000008b700000, 0x000000008b700000, 0x000000008b800000|  0%| F|  |TAMS 0x000000008b700000, 0x000000008b700000| Untracked 
| 184|0x000000008b800000, 0x000000008b800000, 0x000000008b900000|  0%| F|  |TAMS 0x000000008b800000, 0x000000008b800000| Untracked 
| 185|0x000000008b900000, 0x000000008b900000, 0x000000008ba00000|  0%| F|  |TAMS 0x000000008b900000, 0x000000008b900000| Untracked 
| 186|0x000000008ba00000, 0x000000008ba00000, 0x000000008bb00000|  0%| F|  |TAMS 0x000000008ba00000, 0x000000008ba00000| Untracked 
| 187|0x000000008bb00000, 0x000000008bb00000, 0x000000008bc00000|  0%| F|  |TAMS 0x000000008bb00000, 0x000000008bb00000| Untracked 
| 188|0x000000008bc00000, 0x000000008bc00000, 0x000000008bd00000|  0%| F|  |TAMS 0x000000008bc00000, 0x000000008bc00000| Untracked 
| 189|0x000000008bd00000, 0x000000008bd00000, 0x000000008be00000|  0%| F|  |TAMS 0x000000008bd00000, 0x000000008bd00000| Untracked 
| 190|0x000000008be00000, 0x000000008be00000, 0x000000008bf00000|  0%| F|  |TAMS 0x000000008be00000, 0x000000008be00000| Untracked 
| 191|0x000000008bf00000, 0x000000008bf00000, 0x000000008c000000|  0%| F|  |TAMS 0x000000008bf00000, 0x000000008bf00000| Untracked 
| 192|0x000000008c000000, 0x000000008c000000, 0x000000008c100000|  0%| F|  |TAMS 0x000000008c000000, 0x000000008c000000| Untracked 
| 193|0x000000008c100000, 0x000000008c100000, 0x000000008c200000|  0%| F|  |TAMS 0x000000008c100000, 0x000000008c100000| Untracked 
| 194|0x000000008c200000, 0x000000008c200000, 0x000000008c300000|  0%| F|  |TAMS 0x000000008c200000, 0x000000008c200000| Untracked 
| 195|0x000000008c300000, 0x000000008c300000, 0x000000008c400000|  0%| F|  |TAMS 0x000000008c300000, 0x000000008c300000| Untracked 
| 196|0x000000008c400000, 0x000000008c400000, 0x000000008c500000|  0%| F|  |TAMS 0x000000008c400000, 0x000000008c400000| Untracked 
| 197|0x000000008c500000, 0x000000008c500000, 0x000000008c600000|  0%| F|  |TAMS 0x000000008c500000, 0x000000008c500000| Untracked 
| 198|0x000000008c600000, 0x000000008c600000, 0x000000008c700000|  0%| F|  |TAMS 0x000000008c600000, 0x000000008c600000| Untracked 
| 199|0x000000008c700000, 0x000000008c700000, 0x000000008c800000|  0%| F|  |TAMS 0x000000008c700000, 0x000000008c700000| Untracked 
| 200|0x000000008c800000, 0x000000008c800000, 0x000000008c900000|  0%| F|  |TAMS 0x000000008c800000, 0x000000008c800000| Untracked 
| 201|0x000000008c900000, 0x000000008c900000, 0x000000008ca00000|  0%| F|  |TAMS 0x000000008c900000, 0x000000008c900000| Untracked 
| 202|0x000000008ca00000, 0x000000008ca00000, 0x000000008cb00000|  0%| F|  |TAMS 0x000000008ca00000, 0x000000008ca00000| Untracked 
| 203|0x000000008cb00000, 0x000000008cb00000, 0x000000008cc00000|  0%| F|  |TAMS 0x000000008cb00000, 0x000000008cb00000| Untracked 
| 204|0x000000008cc00000, 0x000000008cc00000, 0x000000008cd00000|  0%| F|  |TAMS 0x000000008cc00000, 0x000000008cc00000| Untracked 
| 205|0x000000008cd00000, 0x000000008cd00000, 0x000000008ce00000|  0%| F|  |TAMS 0x000000008cd00000, 0x000000008cd00000| Untracked 
| 206|0x000000008ce00000, 0x000000008ce00000, 0x000000008cf00000|  0%| F|  |TAMS 0x000000008ce00000, 0x000000008ce00000| Untracked 
| 207|0x000000008cf00000, 0x000000008cf00000, 0x000000008d000000|  0%| F|  |TAMS 0x000000008cf00000, 0x000000008cf00000| Untracked 
| 208|0x000000008d000000, 0x000000008d000000, 0x000000008d100000|  0%| F|  |TAMS 0x000000008d000000, 0x000000008d000000| Untracked 
| 209|0x000000008d100000, 0x000000008d100000, 0x000000008d200000|  0%| F|  |TAMS 0x000000008d100000, 0x000000008d100000| Untracked 
| 210|0x000000008d200000, 0x000000008d200000, 0x000000008d300000|  0%| F|  |TAMS 0x000000008d200000, 0x000000008d200000| Untracked 
| 211|0x000000008d300000, 0x000000008d300000, 0x000000008d400000|  0%| F|  |TAMS 0x000000008d300000, 0x000000008d300000| Untracked 
| 212|0x000000008d400000, 0x000000008d400000, 0x000000008d500000|  0%| F|  |TAMS 0x000000008d400000, 0x000000008d400000| Untracked 
| 213|0x000000008d500000, 0x000000008d500000, 0x000000008d600000|  0%| F|  |TAMS 0x000000008d500000, 0x000000008d500000| Untracked 
| 214|0x000000008d600000, 0x000000008d600000, 0x000000008d700000|  0%| F|  |TAMS 0x000000008d600000, 0x000000008d600000| Untracked 
| 215|0x000000008d700000, 0x000000008d700000, 0x000000008d800000|  0%| F|  |TAMS 0x000000008d700000, 0x000000008d700000| Untracked 
| 216|0x000000008d800000, 0x000000008d800000, 0x000000008d900000|  0%| F|  |TAMS 0x000000008d800000, 0x000000008d800000| Untracked 
| 217|0x000000008d900000, 0x000000008d900000, 0x000000008da00000|  0%| F|  |TAMS 0x000000008d900000, 0x000000008d900000| Untracked 
| 218|0x000000008da00000, 0x000000008da00000, 0x000000008db00000|  0%| F|  |TAMS 0x000000008da00000, 0x000000008da00000| Untracked 
| 219|0x000000008db00000, 0x000000008db00000, 0x000000008dc00000|  0%| F|  |TAMS 0x000000008db00000, 0x000000008db00000| Untracked 
| 220|0x000000008dc00000, 0x000000008dc00000, 0x000000008dd00000|  0%| F|  |TAMS 0x000000008dc00000, 0x000000008dc00000| Untracked 
| 221|0x000000008dd00000, 0x000000008dd00000, 0x000000008de00000|  0%| F|  |TAMS 0x000000008dd00000, 0x000000008dd00000| Untracked 
| 222|0x000000008de00000, 0x000000008de00000, 0x000000008df00000|  0%| F|  |TAMS 0x000000008de00000, 0x000000008de00000| Untracked 
| 223|0x000000008df00000, 0x000000008df00000, 0x000000008e000000|  0%| F|  |TAMS 0x000000008df00000, 0x000000008df00000| Untracked 
| 224|0x000000008e000000, 0x000000008e000000, 0x000000008e100000|  0%| F|  |TAMS 0x000000008e000000, 0x000000008e000000| Untracked 
| 225|0x000000008e100000, 0x000000008e100000, 0x000000008e200000|  0%| F|  |TAMS 0x000000008e100000, 0x000000008e100000| Untracked 
| 226|0x000000008e200000, 0x000000008e200000, 0x000000008e300000|  0%| F|  |TAMS 0x000000008e200000, 0x000000008e200000| Untracked 
| 227|0x000000008e300000, 0x000000008e300000, 0x000000008e400000|  0%| F|  |TAMS 0x000000008e300000, 0x000000008e300000| Untracked 
| 228|0x000000008e400000, 0x000000008e400000, 0x000000008e500000|  0%| F|  |TAMS 0x000000008e400000, 0x000000008e400000| Untracked 
| 229|0x000000008e500000, 0x000000008e500000, 0x000000008e600000|  0%| F|  |TAMS 0x000000008e500000, 0x000000008e500000| Untracked 
| 230|0x000000008e600000, 0x000000008e600000, 0x000000008e700000|  0%| F|  |TAMS 0x000000008e600000, 0x000000008e600000| Untracked 
| 231|0x000000008e700000, 0x000000008e700000, 0x000000008e800000|  0%| F|  |TAMS 0x000000008e700000, 0x000000008e700000| Untracked 
| 232|0x000000008e800000, 0x000000008e800000, 0x000000008e900000|  0%| F|  |TAMS 0x000000008e800000, 0x000000008e800000| Untracked 
| 233|0x000000008e900000, 0x000000008e900000, 0x000000008ea00000|  0%| F|  |TAMS 0x000000008e900000, 0x000000008e900000| Untracked 
| 234|0x000000008ea00000, 0x000000008ea00000, 0x000000008eb00000|  0%| F|  |TAMS 0x000000008ea00000, 0x000000008ea00000| Untracked 
| 235|0x000000008eb00000, 0x000000008eb00000, 0x000000008ec00000|  0%| F|  |TAMS 0x000000008eb00000, 0x000000008eb00000| Untracked 
| 236|0x000000008ec00000, 0x000000008ec00000, 0x000000008ed00000|  0%| F|  |TAMS 0x000000008ec00000, 0x000000008ec00000| Untracked 
| 237|0x000000008ed00000, 0x000000008ed00000, 0x000000008ee00000|  0%| F|  |TAMS 0x000000008ed00000, 0x000000008ed00000| Untracked 
| 238|0x000000008ee00000, 0x000000008ee00000, 0x000000008ef00000|  0%| F|  |TAMS 0x000000008ee00000, 0x000000008ee00000| Untracked 
| 239|0x000000008ef00000, 0x000000008ef00000, 0x000000008f000000|  0%| F|  |TAMS 0x000000008ef00000, 0x000000008ef00000| Untracked 
| 240|0x000000008f000000, 0x000000008f000000, 0x000000008f100000|  0%| F|  |TAMS 0x000000008f000000, 0x000000008f000000| Untracked 
| 241|0x000000008f100000, 0x000000008f100000, 0x000000008f200000|  0%| F|  |TAMS 0x000000008f100000, 0x000000008f100000| Untracked 
| 242|0x000000008f200000, 0x000000008f200000, 0x000000008f300000|  0%| F|  |TAMS 0x000000008f200000, 0x000000008f200000| Untracked 
| 243|0x000000008f300000, 0x000000008f300000, 0x000000008f400000|  0%| F|  |TAMS 0x000000008f300000, 0x000000008f300000| Untracked 
| 244|0x000000008f400000, 0x000000008f400000, 0x000000008f500000|  0%| F|  |TAMS 0x000000008f400000, 0x000000008f400000| Untracked 
| 245|0x000000008f500000, 0x000000008f500000, 0x000000008f600000|  0%| F|  |TAMS 0x000000008f500000, 0x000000008f500000| Untracked 
| 246|0x000000008f600000, 0x000000008f600000, 0x000000008f700000|  0%| F|  |TAMS 0x000000008f600000, 0x000000008f600000| Untracked 
| 247|0x000000008f700000, 0x000000008f700000, 0x000000008f800000|  0%| F|  |TAMS 0x000000008f700000, 0x000000008f700000| Untracked 
| 248|0x000000008f800000, 0x000000008f800000, 0x000000008f900000|  0%| F|  |TAMS 0x000000008f800000, 0x000000008f800000| Untracked 
| 249|0x000000008f900000, 0x000000008f900000, 0x000000008fa00000|  0%| F|  |TAMS 0x000000008f900000, 0x000000008f900000| Untracked 
| 250|0x000000008fa00000, 0x000000008fa00000, 0x000000008fb00000|  0%| F|  |TAMS 0x000000008fa00000, 0x000000008fa00000| Untracked 
| 251|0x000000008fb00000, 0x000000008fb00000, 0x000000008fc00000|  0%| F|  |TAMS 0x000000008fb00000, 0x000000008fb00000| Untracked 
| 252|0x000000008fc00000, 0x000000008fc00000, 0x000000008fd00000|  0%| F|  |TAMS 0x000000008fc00000, 0x000000008fc00000| Untracked 
| 253|0x000000008fd00000, 0x000000008fd00000, 0x000000008fe00000|  0%| F|  |TAMS 0x000000008fd00000, 0x000000008fd00000| Untracked 
| 254|0x000000008fe00000, 0x000000008fe00000, 0x000000008ff00000|  0%| F|  |TAMS 0x000000008fe00000, 0x000000008fe00000| Untracked 
| 255|0x000000008ff00000, 0x000000008ff00000, 0x0000000090000000|  0%| F|  |TAMS 0x000000008ff00000, 0x000000008ff00000| Untracked 
| 256|0x0000000090000000, 0x0000000090000000, 0x0000000090100000|  0%| F|  |TAMS 0x0000000090000000, 0x0000000090000000| Untracked 
| 257|0x0000000090100000, 0x0000000090100000, 0x0000000090200000|  0%| F|  |TAMS 0x0000000090100000, 0x0000000090100000| Untracked 
| 258|0x0000000090200000, 0x0000000090200000, 0x0000000090300000|  0%| F|  |TAMS 0x0000000090200000, 0x0000000090200000| Untracked 
| 259|0x0000000090300000, 0x0000000090300000, 0x0000000090400000|  0%| F|  |TAMS 0x0000000090300000, 0x0000000090300000| Untracked 
| 260|0x0000000090400000, 0x0000000090400000, 0x0000000090500000|  0%| F|  |TAMS 0x0000000090400000, 0x0000000090400000| Untracked 
| 261|0x0000000090500000, 0x0000000090500000, 0x0000000090600000|  0%| F|  |TAMS 0x0000000090500000, 0x0000000090500000| Untracked 
| 262|0x0000000090600000, 0x0000000090600000, 0x0000000090700000|  0%| F|  |TAMS 0x0000000090600000, 0x0000000090600000| Untracked 
| 263|0x0000000090700000, 0x0000000090700000, 0x0000000090800000|  0%| F|  |TAMS 0x0000000090700000, 0x0000000090700000| Untracked 

Card table byte_map: [0x000001e880000000,0x000001e880400000] _byte_map_base: 0x000001e87fc00000

Marking Bits (Prev, Next): (CMBitMap*) 0x000001e8eae6c490, (CMBitMap*) 0x000001e8eae6c458
 Prev Bits: [0x000001e882800000, 0x000001e884800000)
 Next Bits: [0x000001e880800000, 0x000001e882800000)

Polling page: 0x000001e8eaf10000

Metaspace:

Usage:
  Non-class:     87.98 MB capacity,    86.39 MB ( 98%) used,     1.28 MB (  1%) free+waste,   311.69 KB ( <1%) overhead. 
      Class:     13.81 MB capacity,    12.84 MB ( 93%) used,   852.07 KB (  6%) free+waste,   141.75 KB (  1%) overhead. 
       Both:    101.79 MB capacity,    99.23 MB ( 97%) used,     2.12 MB (  2%) free+waste,   453.44 KB ( <1%) overhead. 

Virtual space:
  Non-class space:       88.00 MB reserved,      88.00 MB (100%) committed 
      Class space:        1.00 GB reserved,      13.82 MB (  1%) committed 
             Both:        1.09 GB reserved,     101.82 MB (  9%) committed 

Chunk freelists:
   Non-Class:  18.00 KB
       Class:  7.00 KB
        Both:  25.00 KB

MaxMetaspaceSize: 17179869184.00 GB
CompressedClassSpaceSize: 1.00 GB

CodeHeap 'non-profiled nmethods': size=120000Kb used=7335Kb max_used=7335Kb free=112664Kb
 bounds [0x000001e8f7bf0000, 0x000001e8f8320000, 0x000001e8ff120000]
CodeHeap 'profiled nmethods': size=120000Kb used=35169Kb max_used=35169Kb free=84831Kb
 bounds [0x000001e8f06c0000, 0x000001e8f2920000, 0x000001e8f7bf0000]
CodeHeap 'non-nmethods': size=5760Kb used=2311Kb max_used=2383Kb free=3448Kb
 bounds [0x000001e8f0120000, 0x000001e8f0390000, 0x000001e8f06c0000]
 total_blobs=15088 nmethods=14167 adapters=831
 compilation: enabled
              stopped_count=0, restarted_count=0
 full_count=0

Compilation events (20 events):
Event: 22.533 Thread 0x000001e887c8e000 14663       2       com.android.tools.r8.internal.ht::a (212 bytes)
Event: 22.534 Thread 0x000001e887c8e000 nmethod 14663 0x000001e8f2915010 code [0x000001e8f2915240, 0x000001e8f29158d8]
Event: 22.534 Thread 0x000001e887c8e000 14662       2       com.android.tools.r8.internal.ht$$Lambda$1581/0x0000000100dbc840::apply (44 bytes)
Event: 22.534 Thread 0x000001e887c8e000 nmethod 14662 0x000001e8f2915e10 code [0x000001e8f2915fc0, 0x000001e8f2916168]
Event: 22.535 Thread 0x000001e887c8e000 14664       2       com.android.tools.r8.internal.ht$$Lambda$1583/0x0000000100dbc440::get$Lambda (9 bytes)
Event: 22.535 Thread 0x000001e887c8e000 nmethod 14664 0x000001e8f2916290 code [0x000001e8f2916440, 0x000001e8f29165b8]
Event: 22.541 Thread 0x000001e887c8e000 14665       2       com.android.tools.r8.internal.Pf::c (8 bytes)
Event: 22.541 Thread 0x000001e887c8e000 nmethod 14665 0x000001e8f2916690 code [0x000001e8f2916860, 0x000001e8f2916aa8]
Event: 22.541 Thread 0x000001e887c8e000 14666       2       com.android.tools.r8.internal.Nf::a (21 bytes)
Event: 22.542 Thread 0x000001e887c8e000 nmethod 14666 0x000001e8f2916b90 code [0x000001e8f2916d40, 0x000001e8f2916ec8]
Event: 22.542 Thread 0x000001e887c8e000 14667       2       com.android.tools.r8.internal.Pf::e (9 bytes)
Event: 22.542 Thread 0x000001e887c8e000 nmethod 14667 0x000001e8f2916f90 code [0x000001e8f2917140, 0x000001e8f29172d8]
Event: 22.542 Thread 0x000001e887c8e000 14668       2       com.android.tools.r8.internal.Of::<init> (10 bytes)
Event: 22.542 Thread 0x000001e887c8e000 nmethod 14668 0x000001e8f2917390 code [0x000001e8f2917540, 0x000001e8f2917678]
Event: 22.542 Thread 0x000001e887c8e000 14669       2       com.android.tools.r8.internal.bf::<init> (5 bytes)
Event: 22.542 Thread 0x000001e887c8e000 nmethod 14669 0x000001e8f2917710 code [0x000001e8f29178c0, 0x000001e8f29179b8]
Event: 22.542 Thread 0x000001e887c8e000 14670       2       com.android.tools.r8.internal.bf::size (8 bytes)
Event: 22.542 Thread 0x000001e887c8e000 nmethod 14670 0x000001e8f2917a90 code [0x000001e8f2917c60, 0x000001e8f2917d98]
Event: 22.547 Thread 0x000001e887c8e000 14672       2       com.android.tools.r8.graph.e::a (36 bytes)
Event: 22.547 Thread 0x000001e887c8e000 nmethod 14672 0x000001e8f2917e90 code [0x000001e8f2918080, 0x000001e8f2918288]

GC Heap History (20 events):
Event: 18.979 GC heap after
{Heap after GC invocations=29 (full 0):
 garbage-first heap   total 225280K, used 96324K [0x0000000080000000, 0x0000000100000000)
  region size 1024K, 3 young (3072K), 3 survivors (3072K)
 Metaspace       used 100425K, capacity 103040K, committed 103244K, reserved 1138688K
  class space    used 13070K, capacity 14037K, committed 14156K, reserved 1048576K
}
Event: 19.355 GC heap before
{Heap before GC invocations=29 (full 0):
 garbage-first heap   total 225280K, used 171076K [0x0000000080000000, 0x0000000100000000)
  region size 1024K, 76 young (77824K), 3 survivors (3072K)
 Metaspace       used 100587K, capacity 103178K, committed 103500K, reserved 1138688K
  class space    used 13070K, capacity 14037K, committed 14156K, reserved 1048576K
}
Event: 19.364 GC heap after
{Heap after GC invocations=30 (full 0):
 garbage-first heap   total 225280K, used 98480K [0x0000000080000000, 0x0000000100000000)
  region size 1024K, 5 young (5120K), 5 survivors (5120K)
 Metaspace       used 100587K, capacity 103178K, committed 103500K, reserved 1138688K
  class space    used 13070K, capacity 14037K, committed 14156K, reserved 1048576K
}
Event: 19.760 GC heap before
{Heap before GC invocations=30 (full 0):
 garbage-first heap   total 225280K, used 174256K [0x0000000080000000, 0x0000000100000000)
  region size 1024K, 79 young (80896K), 5 survivors (5120K)
 Metaspace       used 100890K, capacity 103480K, committed 103756K, reserved 1138688K
  class space    used 13078K, capacity 14050K, committed 14156K, reserved 1048576K
}
Event: 19.768 GC heap after
{Heap after GC invocations=31 (full 0):
 garbage-first heap   total 225280K, used 97689K [0x0000000080000000, 0x0000000100000000)
  region size 1024K, 4 young (4096K), 4 survivors (4096K)
 Metaspace       used 100890K, capacity 103480K, committed 103756K, reserved 1138688K
  class space    used 13078K, capacity 14050K, committed 14156K, reserved 1048576K
}
Event: 20.125 GC heap before
{Heap before GC invocations=31 (full 0):
 garbage-first heap   total 225280K, used 177561K [0x0000000080000000, 0x0000000100000000)
  region size 1024K, 82 young (83968K), 4 survivors (4096K)
 Metaspace       used 101042K, capacity 103655K, committed 103756K, reserved 1138688K
  class space    used 13086K, capacity 14083K, committed 14156K, reserved 1048576K
}
Event: 20.135 GC heap after
{Heap after GC invocations=32 (full 0):
 garbage-first heap   total 225280K, used 98919K [0x0000000080000000, 0x0000000100000000)
  region size 1024K, 6 young (6144K), 6 survivors (6144K)
 Metaspace       used 101042K, capacity 103655K, committed 103756K, reserved 1138688K
  class space    used 13086K, capacity 14083K, committed 14156K, reserved 1048576K
}
Event: 20.454 GC heap before
{Heap before GC invocations=32 (full 0):
 garbage-first heap   total 225280K, used 179815K [0x0000000080000000, 0x0000000100000000)
  region size 1024K, 85 young (87040K), 6 survivors (6144K)
 Metaspace       used 101144K, capacity 103727K, committed 104012K, reserved 1138688K
  class space    used 13095K, capacity 14083K, committed 14156K, reserved 1048576K
}
Event: 20.465 GC heap after
{Heap after GC invocations=33 (full 0):
 garbage-first heap   total 225280K, used 99873K [0x0000000080000000, 0x0000000100000000)
  region size 1024K, 7 young (7168K), 7 survivors (7168K)
 Metaspace       used 101144K, capacity 103727K, committed 104012K, reserved 1138688K
  class space    used 13095K, capacity 14083K, committed 14156K, reserved 1048576K
}
Event: 20.752 GC heap before
{Heap before GC invocations=33 (full 0):
 garbage-first heap   total 225280K, used 184865K [0x0000000080000000, 0x0000000100000000)
  region size 1024K, 90 young (92160K), 7 survivors (7168K)
 Metaspace       used 101191K, capacity 103794K, committed 104012K, reserved 1138688K
  class space    used 13095K, capacity 14083K, committed 14156K, reserved 1048576K
}
Event: 20.762 GC heap after
{Heap after GC invocations=34 (full 0):
 garbage-first heap   total 225280K, used 100430K [0x0000000080000000, 0x0000000100000000)
  region size 1024K, 7 young (7168K), 7 survivors (7168K)
 Metaspace       used 101191K, capacity 103794K, committed 104012K, reserved 1138688K
  class space    used 13095K, capacity 14083K, committed 14156K, reserved 1048576K
}
Event: 21.032 GC heap before
{Heap before GC invocations=34 (full 0):
 garbage-first heap   total 225280K, used 188494K [0x0000000080000000, 0x0000000100000000)
  region size 1024K, 93 young (95232K), 7 survivors (7168K)
 Metaspace       used 101216K, capacity 103806K, committed 104012K, reserved 1138688K
  class space    used 13097K, capacity 14087K, committed 14156K, reserved 1048576K
}
Event: 21.044 GC heap after
{Heap after GC invocations=35 (full 0):
 garbage-first heap   total 270336K, used 101799K [0x0000000080000000, 0x0000000100000000)
  region size 1024K, 8 young (8192K), 8 survivors (8192K)
 Metaspace       used 101216K, capacity 103806K, committed 104012K, reserved 1138688K
  class space    used 13097K, capacity 14087K, committed 14156K, reserved 1048576K
}
Event: 21.396 GC heap before
{Heap before GC invocations=35 (full 0):
 garbage-first heap   total 270336K, used 217511K [0x0000000080000000, 0x0000000100000000)
  region size 1024K, 121 young (123904K), 8 survivors (8192K)
 Metaspace       used 101249K, capacity 103825K, committed 104012K, reserved 1138688K
  class space    used 13099K, capacity 14091K, committed 14156K, reserved 1048576K
}
Event: 21.409 GC heap after
{Heap after GC invocations=36 (full 0):
 garbage-first heap   total 270336K, used 102280K [0x0000000080000000, 0x0000000100000000)
  region size 1024K, 9 young (9216K), 9 survivors (9216K)
 Metaspace       used 101249K, capacity 103825K, committed 104012K, reserved 1138688K
  class space    used 13099K, capacity 14091K, committed 14156K, reserved 1048576K
}
Event: 21.768 GC heap before
{Heap before GC invocations=36 (full 0):
 garbage-first heap   total 270336K, used 225160K [0x0000000080000000, 0x0000000100000000)
  region size 1024K, 129 young (132096K), 9 survivors (9216K)
 Metaspace       used 101287K, capacity 103895K, committed 104012K, reserved 1138688K
  class space    used 13099K, capacity 14091K, committed 14156K, reserved 1048576K
}
Event: 21.780 GC heap after
{Heap after GC invocations=37 (full 0):
 garbage-first heap   total 270336K, used 103539K [0x0000000080000000, 0x0000000100000000)
  region size 1024K, 10 young (10240K), 10 survivors (10240K)
 Metaspace       used 101287K, capacity 103895K, committed 104012K, reserved 1138688K
  class space    used 13099K, capacity 14091K, committed 14156K, reserved 1048576K
}
Event: 22.114 GC heap before
{Heap before GC invocations=37 (full 0):
 garbage-first heap   total 270336K, used 231539K [0x0000000080000000, 0x0000000100000000)
  region size 1024K, 135 young (138240K), 10 survivors (10240K)
 Metaspace       used 101305K, capacity 103895K, committed 104012K, reserved 1138688K
  class space    used 13099K, capacity 14091K, committed 14156K, reserved 1048576K
}
Event: 22.130 GC heap after
{Heap after GC invocations=38 (full 0):
 garbage-first heap   total 270336K, used 105692K [0x0000000080000000, 0x0000000100000000)
  region size 1024K, 11 young (11264K), 11 survivors (11264K)
 Metaspace       used 101305K, capacity 103895K, committed 104012K, reserved 1138688K
  class space    used 13099K, capacity 14091K, committed 14156K, reserved 1048576K
}
Event: 22.558 GC heap before
{Heap before GC invocations=38 (full 0):
 garbage-first heap   total 270336K, used 230620K [0x0000000080000000, 0x0000000100000000)
  region size 1024K, 133 young (136192K), 11 survivors (11264K)
 Metaspace       used 101610K, capacity 104231K, committed 104268K, reserved 1138688K
  class space    used 13143K, capacity 14137K, committed 14156K, reserved 1048576K
}

Deoptimization events (20 events):
Event: 21.785 Thread 0x000001e88a20a800 DEOPT PACKING pc=0x000001e8f8304484 sp=0x0000004025ef8c70
Event: 21.785 Thread 0x000001e88a20a800 DEOPT UNPACKING pc=0x000001e8f01478af sp=0x0000004025ef8c38 mode 2
Event: 21.903 Thread 0x000001e88a205000 DEOPT PACKING pc=0x000001e8f234dcf1 sp=0x00000040261f9500
Event: 21.903 Thread 0x000001e88a205000 DEOPT UNPACKING pc=0x000001e8f01476ce sp=0x00000040261f8a68 mode 0
Event: 21.967 Thread 0x000001e88a205000 DEOPT PACKING pc=0x000001e8f2476540 sp=0x00000040261f91f0
Event: 21.967 Thread 0x000001e88a205000 DEOPT UNPACKING pc=0x000001e8f01476ce sp=0x00000040261f8728 mode 0
Event: 22.111 Thread 0x000001e88a20a800 Uncommon trap: trap_request=0xffffff76 fr.pc=0x000001e8f830be90 relative=0x00000000000040d0
Event: 22.111 Thread 0x000001e88a20a800 Uncommon trap: reason=loop_limit_check action=maybe_recompile pc=0x000001e8f830be90 method=com.android.tools.r8.internal.Oh.a(I)Z @ 44 c2
Event: 22.111 Thread 0x000001e88a20a800 DEOPT PACKING pc=0x000001e8f830be90 sp=0x0000004025ef8f80
Event: 22.111 Thread 0x000001e88a20a800 DEOPT UNPACKING pc=0x000001e8f01478af sp=0x0000004025ef8e20 mode 2
Event: 22.236 Thread 0x000001e88a20a800 DEOPT PACKING pc=0x000001e8f27ddd56 sp=0x0000004025ef86e0
Event: 22.236 Thread 0x000001e88a20a800 DEOPT UNPACKING pc=0x000001e8f01476ce sp=0x0000004025ef7c48 mode 0
Event: 22.383 Thread 0x000001e88a20a800 DEOPT PACKING pc=0x000001e8f268c225 sp=0x0000004025ef8e20
Event: 22.383 Thread 0x000001e88a20a800 DEOPT UNPACKING pc=0x000001e8f01476ce sp=0x0000004025ef8340 mode 0
Event: 22.427 Thread 0x000001e88a205000 Uncommon trap: trap_request=0xffffff4d fr.pc=0x000001e8f825ddb0 relative=0x0000000000000c10
Event: 22.427 Thread 0x000001e88a205000 Uncommon trap: reason=unstable_if action=reinterpret pc=0x000001e8f825ddb0 method=com.android.tools.r8.internal.wj.b(Ljava/lang/Iterable;Lcom/android/tools/r8/internal/Yv;)Z @ 37 c2
Event: 22.427 Thread 0x000001e88a205000 DEOPT PACKING pc=0x000001e8f825ddb0 sp=0x00000040261f9c90
Event: 22.427 Thread 0x000001e88a205000 DEOPT UNPACKING pc=0x000001e8f01478af sp=0x00000040261f9ae0 mode 2
Event: 22.506 Thread 0x000001e88a20a800 DEOPT PACKING pc=0x000001e8f290f6e3 sp=0x0000004025ef9560
Event: 22.506 Thread 0x000001e88a20a800 DEOPT UNPACKING pc=0x000001e8f01476ce sp=0x0000004025ef8a40 mode 0

Classes redefined (0 events):
No events

Internal exceptions (20 events):
Event: 15.661 Thread 0x000001e88a20a800 Exception <a 'java/lang/NoSuchMethodError'{0x000000008aff31a8}: 'java.lang.Object java.lang.invoke.DirectMethodHandle$Holder.invokeStatic(java.lang.Object, long)'> (0x000000008aff31a8) thrown at [./src/hotspot/share/interpreter/linkResolver.cpp, line 773]
Event: 15.869 Thread 0x000001e88a20a800 Exception <a 'java/lang/NoSuchMethodError'{0x0000000088fbe7f8}: 'int java.lang.invoke.DirectMethodHandle$Holder.invokeVirtual(java.lang.Object, java.lang.Object, java.lang.Object, java.lang.Object)'> (0x0000000088fbe7f8) thrown at [./src/hotspot/share/interpreter/linkResolver.cpp, line 773]
Event: 15.869 Thread 0x000001e88a205000 Exception <a 'java/lang/NoSuchMethodError'{0x0000000088fd9a18}: 'int java.lang.invoke.DirectMethodHandle$Holder.invokeVirtual(java.lang.Object, java.lang.Object, java.lang.Object, java.lang.Object)'> (0x0000000088fd9a18) thrown at [./src/hotspot/share/interpreter/linkResolver.cpp, line 773]
Event: 15.919 Thread 0x000001e88a20a800 Exception <a 'java/lang/IncompatibleClassChangeError'{0x000000008b6df558}: Found class java.lang.Object, but interface was expected> (0x000000008b6df558) thrown at [./src/hotspot/share/interpreter/linkResolver.cpp, line 839]
Event: 15.919 Thread 0x000001e88a205000 Exception <a 'java/lang/IncompatibleClassChangeError'{0x000000008b61a690}: Found class java.lang.Object, but interface was expected> (0x000000008b61a690) thrown at [./src/hotspot/share/interpreter/linkResolver.cpp, line 839]
Event: 15.927 Thread 0x000001e88a20a800 Exception <a 'java/lang/NoSuchMethodError'{0x000000008b510618}: 'int java.lang.invoke.DirectMethodHandle$Holder.invokeVirtual(java.lang.Object, java.lang.Object, java.lang.Object)'> (0x000000008b510618) thrown at [./src/hotspot/share/interpreter/linkResolver.cpp, line 773]
Event: 16.353 Thread 0x000001e88a205000 Exception <a 'java/lang/NoSuchMethodError'{0x000000008858e2a0}: 'java.lang.Object java.lang.invoke.DirectMethodHandle$Holder.invokeStatic(java.lang.Object, int, java.lang.Object, java.lang.Object)'> (0x000000008858e2a0) thrown at [./src/hotspot/share/interpreter/linkResolver.cpp, line 773]
Event: 16.353 Thread 0x000001e88a20a800 Exception <a 'java/lang/NoSuchMethodError'{0x00000000886961e0}: 'java.lang.Object java.lang.invoke.DirectMethodHandle$Holder.invokeStatic(java.lang.Object, int, java.lang.Object, java.lang.Object)'> (0x00000000886961e0) thrown at [./src/hotspot/share/interpreter/linkResolver.cpp, line 773]
Event: 16.418 Thread 0x000001e88a205000 Exception <a 'java/lang/NoSuchMethodError'{0x000000008b672528}: 'java.lang.Object java.lang.invoke.Invokers$Holder.linkToTargetMethod(java.lang.Object, java.lang.Object, java.lang.Object, java.lang.Object, java.lang.Object, java.lang.Object, java.lang.Object)'> (0x000000008b672528) thrown at [./src/hotspot/share/interpreter/linkResolver.cpp, line 773]
Event: 16.418 Thread 0x000001e88a20a800 Exception <a 'java/lang/NoSuchMethodError'{0x000000008b6744a8}: 'java.lang.Object java.lang.invoke.Invokers$Holder.linkToTargetMethod(java.lang.Object, java.lang.Object, java.lang.Object, java.lang.Object, java.lang.Object, java.lang.Object, java.lang.Object)'> (0x000000008b6744a8) thrown at [./src/hotspot/share/interpreter/linkResolver.cpp, line 773]
Event: 16.519 Thread 0x000001e88a20a800 Exception <a 'java/lang/NoSuchMethodError'{0x000000008d92d390}: 'java.lang.Object java.lang.invoke.DirectMethodHandle$Holder.invokeVirtual(java.lang.Object, java.lang.Object, int, java.lang.Object)'> (0x000000008d92d390) thrown at [./src/hotspot/share/interpreter/linkResolver.cpp, line 773]
Event: 16.534 Thread 0x000001e88a205000 Exception <a 'java/lang/IncompatibleClassChangeError'{0x000000008d984338}: Found class java.lang.Object, but interface was expected> (0x000000008d984338) thrown at [./src/hotspot/share/interpreter/linkResolver.cpp, line 839]
Event: 16.535 Thread 0x000001e88a205000 Exception <a 'java/lang/IncompatibleClassChangeError'{0x000000008d98ec90}: Found class java.lang.Object, but interface was expected> (0x000000008d98ec90) thrown at [./src/hotspot/share/interpreter/linkResolver.cpp, line 839]
Event: 16.558 Thread 0x000001e88a20a800 Exception <a 'java/lang/NoSuchMethodError'{0x000000008d832c70}: 'void java.lang.invoke.DirectMethodHandle$Holder.invokeVirtual(java.lang.Object, java.lang.Object, int, java.lang.Object)'> (0x000000008d832c70) thrown at [./src/hotspot/share/interpreter/linkResolver.cpp, line 773]
Event: 16.641 Thread 0x000001e88a205000 Exception <a 'java/lang/NoSuchMethodError'{0x000000008d459a98}: 'java.lang.Object java.lang.invoke.DirectMethodHandle$Holder.invokeInterface(java.lang.Object, java.lang.Object, int)'> (0x000000008d459a98) thrown at [./src/hotspot/share/interpreter/linkResolver.cpp, line 773]
Event: 16.660 Thread 0x000001e88a20a800 Exception <a 'java/lang/NoSuchMethodError'{0x000000008d3a8818}: 'java.lang.Object java.lang.invoke.DirectMethodHandle$Holder.newInvokeSpecial(java.lang.Object, int)'> (0x000000008d3a8818) thrown at [./src/hotspot/share/interpreter/linkResolver.cpp, line 773]
Event: 17.982 Thread 0x000001e88a20a800 Exception <a 'java/lang/NoSuchMethodError'{0x000000008a345f08}: 'int java.lang.invoke.DirectMethodHandle$Holder.invokeInterface(java.lang.Object, java.lang.Object, int)'> (0x000000008a345f08) thrown at [./src/hotspot/share/interpreter/linkResolver.cpp, line 773]
Event: 22.428 Thread 0x000001e88a205000 Exception <a 'java/lang/NoSuchMethodError'{0x000000008b1a1940}: 'java.lang.Object java.lang.invoke.DirectMethodHandle$Holder.invokeSpecial(java.lang.Object, java.lang.Object, java.lang.Object, java.lang.Object, java.lang.Object, java.lang.Object, java.lang.Object, java.lang.Object, java.lang.Object, java.lang.Object, java.lang.Object)'> (0x000000008b1a1940) thrown at [./src/hotspot/share/interpreter/linkResolver.cpp, line 773]
Event: 22.429 Thread 0x000001e88a205000 Exception <a 'java/lang/NoSuchMethodError'{0x000000008b1ad360}: 'java.lang.Object java.lang.invoke.Invokers$Holder.linkToTargetMethod(java.lang.Object, java.lang.Object, java.lang.Object, java.lang.Object, java.lang.Object, java.lang.Object, java.lang.Object, java.lang.Object, java.lang.Object, java.lang.Object)'> (0x000000008b1ad360) thrown at [./src/hotspot/share/interpreter/linkResolver.cpp, line 773]
Event: 22.442 Thread 0x000001e88a205000 Exception <a 'java/lang/IncompatibleClassChangeError'{0x000000008ae82948}: Found class java.lang.Object, but interface was expected> (0x000000008ae82948) thrown at [./src/hotspot/share/interpreter/linkResolver.cpp, line 839]

Events (20 events):
Event: 22.453 loading class com/android/tools/r8/graph/f0$r done
Event: 22.455 loading class com/android/tools/r8/internal/vo
Event: 22.455 loading class com/android/tools/r8/internal/vo done
Event: 22.455 loading class com/android/tools/r8/graph/P
Event: 22.455 loading class com/android/tools/r8/graph/P done
Event: 22.456 loading class com/android/tools/r8/internal/Bo
Event: 22.456 loading class com/android/tools/r8/internal/Bo done
Event: 22.458 loading class com/android/tools/r8/graph/Z
Event: 22.458 loading class com/android/tools/r8/graph/Z done
Event: 22.459 loading class com/android/tools/r8/graph/Z
Event: 22.459 loading class com/android/tools/r8/graph/Z done
Event: 22.459 loading class com/android/tools/r8/graph/Z$b
Event: 22.459 loading class com/android/tools/r8/graph/Z$b done
Event: 22.534 loading class com/android/tools/r8/internal/nd
Event: 22.534 loading class com/android/tools/r8/internal/nd done
Event: 22.534 loading class com/android/tools/r8/graph/d0
Event: 22.534 loading class com/android/tools/r8/graph/d0 done
Event: 22.534 loading class com/android/tools/r8/internal/nd
Event: 22.534 loading class com/android/tools/r8/internal/nd done
Event: 22.558 Executing VM operation: G1CollectForAllocation


Dynamic libraries:
0x00007ff7a9b70000 - 0x00007ff7a9b7a000 	D:\AndroidStudioSetup\jre\bin\java.exe
0x00007ffd31510000 - 0x00007ffd31705000 	C:\WINDOWS\SYSTEM32\ntdll.dll
0x00007ffd30640000 - 0x00007ffd306fd000 	C:\WINDOWS\System32\KERNEL32.DLL
0x00007ffd2ec50000 - 0x00007ffd2ef19000 	C:\WINDOWS\System32\KERNELBASE.dll
0x00007ffd2ef20000 - 0x00007ffd2f020000 	C:\WINDOWS\System32\ucrtbase.dll
0x00007ffd08580000 - 0x00007ffd08597000 	D:\AndroidStudioSetup\jre\bin\VCRUNTIME140.dll
0x00007ffd06760000 - 0x00007ffd06779000 	D:\AndroidStudioSetup\jre\bin\jli.dll
0x00007ffd30f60000 - 0x00007ffd31100000 	C:\WINDOWS\System32\USER32.dll
0x00007ffd0f850000 - 0x00007ffd0faea000 	C:\WINDOWS\WinSxS\amd64_microsoft.windows.common-controls_6595b64144ccf1df_6.0.19041.844_none_ca00b6081b84eb1d\COMCTL32.dll
0x00007ffd2f020000 - 0x00007ffd2f042000 	C:\WINDOWS\System32\win32u.dll
0x00007ffd30a50000 - 0x00007ffd30aee000 	C:\WINDOWS\System32\msvcrt.dll
0x00007ffd308f0000 - 0x00007ffd3091a000 	C:\WINDOWS\System32\GDI32.dll
0x00007ffd2f460000 - 0x00007ffd2f56b000 	C:\WINDOWS\System32\gdi32full.dll
0x00007ffd2f3c0000 - 0x00007ffd2f45d000 	C:\WINDOWS\System32\msvcp_win.dll
0x00007ffd31440000 - 0x00007ffd31470000 	C:\WINDOWS\System32\IMM32.DLL
0x00007ffcfb980000 - 0x00007ffcfba1d000 	D:\AndroidStudioSetup\jre\bin\msvcp140.dll
0x00007ffce5150000 - 0x00007ffce5c1f000 	D:\AndroidStudioSetup\jre\bin\server\jvm.dll
0x00007ffd30100000 - 0x00007ffd301ac000 	C:\WINDOWS\System32\ADVAPI32.dll
0x00007ffd31320000 - 0x00007ffd313bc000 	C:\WINDOWS\System32\sechost.dll
0x00007ffd30510000 - 0x00007ffd3063b000 	C:\WINDOWS\System32\RPCRT4.dll
0x00007ffd31430000 - 0x00007ffd31438000 	C:\WINDOWS\System32\PSAPI.DLL
0x00007ffd18ac0000 - 0x00007ffd18ac9000 	C:\WINDOWS\SYSTEM32\WSOCK32.dll
0x00007ffd20790000 - 0x00007ffd207b7000 	C:\WINDOWS\SYSTEM32\WINMM.dll
0x00007ffd1dc80000 - 0x00007ffd1dc8a000 	C:\WINDOWS\SYSTEM32\VERSION.dll
0x00007ffd30700000 - 0x00007ffd3076b000 	C:\WINDOWS\System32\WS2_32.dll
0x00007ffd2d530000 - 0x00007ffd2d542000 	C:\WINDOWS\SYSTEM32\kernel.appcore.dll
0x00007ffd29000000 - 0x00007ffd29011000 	D:\AndroidStudioSetup\jre\bin\verify.dll
0x00007ffd2caa0000 - 0x00007ffd2cc84000 	C:\WINDOWS\SYSTEM32\DBGHELP.DLL
0x00007ffd1c570000 - 0x00007ffd1c59c000 	C:\WINDOWS\SYSTEM32\dbgcore.DLL
0x00007ffd2f080000 - 0x00007ffd2f100000 	C:\WINDOWS\System32\bcryptPrimitives.dll
0x00007ffd120c0000 - 0x00007ffd120e9000 	D:\AndroidStudioSetup\jre\bin\java.dll
0x00007ffd290b0000 - 0x00007ffd290bb000 	D:\AndroidStudioSetup\jre\bin\jimage.dll
0x00007ffd28690000 - 0x00007ffd286a8000 	D:\AndroidStudioSetup\jre\bin\zip.dll
0x00007ffd2f570000 - 0x00007ffd2fcb2000 	C:\WINDOWS\System32\SHELL32.dll
0x00007ffd2cd90000 - 0x00007ffd2d520000 	C:\WINDOWS\SYSTEM32\windows.storage.dll
0x00007ffd301b0000 - 0x00007ffd30505000 	C:\WINDOWS\System32\combase.dll
0x00007ffd2e5f0000 - 0x00007ffd2e61c000 	C:\WINDOWS\SYSTEM32\Wldp.dll
0x00007ffd30050000 - 0x00007ffd300fe000 	C:\WINDOWS\System32\SHCORE.dll
0x00007ffd313d0000 - 0x00007ffd31425000 	C:\WINDOWS\System32\shlwapi.dll
0x00007ffd2eb90000 - 0x00007ffd2ebaf000 	C:\WINDOWS\SYSTEM32\profapi.dll
0x00007ffd20410000 - 0x00007ffd2042a000 	D:\AndroidStudioSetup\jre\bin\net.dll
0x00007ffd24fd0000 - 0x00007ffd250dc000 	C:\WINDOWS\SYSTEM32\WINHTTP.dll
0x00007ffd2e370000 - 0x00007ffd2e3da000 	C:\WINDOWS\system32\mswsock.dll
0x00007ffd20200000 - 0x00007ffd20214000 	D:\AndroidStudioSetup\jre\bin\nio.dll
0x00007ffd29910000 - 0x00007ffd29937000 	C:\Users\27073\.gradle\native\8bec1ad78214c89d9ad589b4d07fe93259594b29d510b10fafb7a158f7737e5d\windows-amd64\native-platform.dll
0x00007ffcfc250000 - 0x00007ffcfc38d000 	C:\Users\27073\.gradle\native\53dbd7edfb1c66fb8903c78663c9afc45aea4f116125fa6feffd364cf09443e8\windows-amd64\native-platform-file-events.dll
0x00007ffd28fb0000 - 0x00007ffd28fba000 	D:\AndroidStudioSetup\jre\bin\management.dll
0x00007ffd28db0000 - 0x00007ffd28dbc000 	D:\AndroidStudioSetup\jre\bin\management_ext.dll
0x00007ffd2e550000 - 0x00007ffd2e568000 	C:\WINDOWS\SYSTEM32\CRYPTSP.dll
0x00007ffd2dd10000 - 0x00007ffd2dd44000 	C:\WINDOWS\system32\rsaenh.dll
0x00007ffd2f050000 - 0x00007ffd2f077000 	C:\WINDOWS\System32\bcrypt.dll
0x00007ffd2eb50000 - 0x00007ffd2eb7e000 	C:\WINDOWS\SYSTEM32\USERENV.dll
0x00007ffd2e540000 - 0x00007ffd2e54c000 	C:\WINDOWS\SYSTEM32\CRYPTBASE.dll
0x00007ffd2e060000 - 0x00007ffd2e09b000 	C:\WINDOWS\SYSTEM32\IPHLPAPI.DLL
0x00007ffd313c0000 - 0x00007ffd313c8000 	C:\WINDOWS\System32\NSI.dll
0x00007ffd26520000 - 0x00007ffd26537000 	C:\WINDOWS\SYSTEM32\dhcpcsvc6.DLL
0x00007ffd26660000 - 0x00007ffd2667d000 	C:\WINDOWS\SYSTEM32\dhcpcsvc.DLL
0x00007ffd2e0a0000 - 0x00007ffd2e16b000 	C:\WINDOWS\SYSTEM32\DNSAPI.dll

dbghelp: loaded successfully - version: 4.0.5 - missing functions: none
symbol engine: initialized successfully - sym options: 0x614 - pdb path: .;D:\AndroidStudioSetup\jre\bin;C:\WINDOWS\SYSTEM32;C:\WINDOWS\WinSxS\amd64_microsoft.windows.common-controls_6595b64144ccf1df_6.0.19041.844_none_ca00b6081b84eb1d;D:\AndroidStudioSetup\jre\bin\server;C:\Users\27073\.gradle\native\8bec1ad78214c89d9ad589b4d07fe93259594b29d510b10fafb7a158f7737e5d\windows-amd64;C:\Users\27073\.gradle\native\53dbd7edfb1c66fb8903c78663c9afc45aea4f116125fa6feffd364cf09443e8\windows-amd64

VM Arguments:
jvm_args: --add-opens=java.base/java.util=ALL-UNNAMED --add-opens=java.base/java.lang=ALL-UNNAMED --add-opens=java.base/java.lang.invoke=ALL-UNNAMED --add-opens=java.base/java.util=ALL-UNNAMED --add-opens=java.prefs/java.util.prefs=ALL-UNNAMED --add-opens=java.prefs/java.util.prefs=ALL-UNNAMED --add-opens=java.base/java.nio.charset=ALL-UNNAMED --add-opens=java.base/java.net=ALL-UNNAMED --add-opens=java.base/java.util.concurrent.atomic=ALL-UNNAMED -Xmx2048m -Dfile.encoding=UTF-8 -Duser.country=US -Duser.language=en -Duser.variant 
java_command: org.gradle.launcher.daemon.bootstrap.GradleDaemon 7.0.2
java_class_path (initial): C:\Users\27073\.gradle\wrapper\dists\gradle-7.0.2-bin\857tjihv64xamwrf0h14cai3r\gradle-7.0.2\lib\gradle-launcher-7.0.2.jar
Launcher Type: SUN_STANDARD

[Global flags]
     intx CICompilerCount                          = 4                                         {product} {ergonomic}
     uint ConcGCThreads                            = 2                                         {product} {ergonomic}
     uint G1ConcRefinementThreads                  = 8                                         {product} {ergonomic}
   size_t G1HeapRegionSize                         = 1048576                                   {product} {ergonomic}
    uintx GCDrainStackTargetSize                   = 64                                        {product} {ergonomic}
   size_t InitialHeapSize                          = 132120576                                 {product} {ergonomic}
   size_t MarkStackSize                            = 4194304                                   {product} {ergonomic}
   size_t MaxHeapSize                              = 2147483648                                {product} {command line}
   size_t MaxNewSize                               = 1287651328                                {product} {ergonomic}
   size_t MinHeapDeltaBytes                        = 1048576                                   {product} {ergonomic}
    uintx NonNMethodCodeHeapSize                   = 5836300                                {pd product} {ergonomic}
    uintx NonProfiledCodeHeapSize                  = 122910970                              {pd product} {ergonomic}
    uintx ProfiledCodeHeapSize                     = 122910970                              {pd product} {ergonomic}
    uintx ReservedCodeCacheSize                    = 251658240                              {pd product} {ergonomic}
     bool SegmentedCodeCache                       = true                                      {product} {ergonomic}
     bool UseCompressedClassPointers               = true                                 {lp64_product} {ergonomic}
     bool UseCompressedOops                        = true                                 {lp64_product} {ergonomic}
     bool UseG1GC                                  = true                                      {product} {ergonomic}
     bool UseLargePagesIndividualAllocation        = false                                  {pd product} {ergonomic}

Logging:
Log output configuration:
 #0: stdout all=warning uptime,level,tags
 #1: stderr all=off uptime,level,tags

Environment Variables:
JAVA_HOME=C:\Program Files\Java\jdk-13.0.2
PATH=C:\Program Files\Java\jdk-13.0.2\bin;C:\Program Files\Git\cmd;C:\Users\27073\AppData\Local\Programs\Python\Python39\Scripts\;C:\Users\27073\AppData\Local\Programs\Python\Python39\;C:\Users\27073\AppData\Local\Microsoft\WindowsApps;C:\Program Files\Intel\WiFi\bin\;C:\Program Files\Common Files\Intel\WirelessCommon\;D:\Microsoft VS Code\bin
USERNAME=27073
OS=Windows_NT
PROCESSOR_IDENTIFIER=Intel64 Family 6 Model 142 Stepping 10, GenuineIntel



---------------  S Y S T E M  ---------------

OS: Windows 10 , 64 bit Build 19041 (10.0.19041.804)
OS uptime: 11 days 19:11 hours

CPU:total 8 (initial active 8) (4 cores per cpu, 2 threads per core) family 6 model 142 stepping 10 microcode 0xe0, cmov, cx8, fxsr, mmx, sse, sse2, sse3, ssse3, sse4.1, sse4.2, popcnt, avx, avx2, aes, clmul, erms, 3dnowpref, lzcnt, ht, tsc, tscinvbit, bmi1, bmi2, adx, fma

Memory: 4k page, system-wide physical 8033M (427M free)
TotalPageFile size 30788M (AvailPageFile size 44M)
current process WorkingSet (physical memory assigned to process): 404M, peak: 454M
current process commit charge ("private bytes"): 626M, peak: 679M

vm_info: OpenJDK 64-Bit Server VM (11.0.10+0-b96-7249189) for windows-amd64 JRE (11.0.10+0-b96-7249189), built on Mar 31 2021 21:44:00 by "builder" with MS VC++ 14.0 (VS2015)

END.
