#
# There is insufficient memory for the Java Runtime Environment to continue.
# Native memory allocation (mmap) failed to map 93323264 bytes for Failed to commit area from 0x0000000090800000 to 0x0000000096100000 of length 93323264.
# Possible reasons:
#   The system is out of physical RAM or swap space
#   The process is running with CompressedOops enabled, and the Java Heap may be blocking the growth of the native heap
# Possible solutions:
#   Reduce memory load on the system
#   Increase physical memory or swap space
#   Check if swap backing store is full
#   Decrease Java heap size (-Xmx/-Xms)
#   Decrease number of Java threads
#   Decrease Java thread stack sizes (-Xss)
#   Set larger code cache with -XX:ReservedCodeCacheSize=
#   JVM is running with Unscaled Compressed Oops mode in which the Java heap is
#     placed in the first 4GB address space. The Java Heap base address is the
#     maximum limit for the native heap growth. Please use -XX:HeapBaseMinAddress
#     to set the Java Heap base and to place the Java Heap above 4GB virtual address.
# This output file may be truncated or incomplete.
#
#  Out of Memory Error (./src/hotspot/os/windows/os_windows.cpp:3301), pid=29040, tid=22808
#
# JRE version: OpenJDK Runtime Environment (11.0.10) (build 11.0.10+0-b96-7249189)
# Java VM: OpenJDK 64-Bit Server VM (11.0.10+0-b96-7249189, mixed mode, tiered, compressed oops, g1 gc, windows-amd64)
# No core dump will be written. Minidumps are not enabled by default on client versions of Windows
#

---------------  S U M M A R Y ------------

Command Line: --add-opens=java.base/java.util=ALL-UNNAMED --add-opens=java.base/java.lang=ALL-UNNAMED --add-opens=java.base/java.lang.invoke=ALL-UNNAMED --add-opens=java.base/java.util=ALL-UNNAMED --add-opens=java.prefs/java.util.prefs=ALL-UNNAMED --add-opens=java.prefs/java.util.prefs=ALL-UNNAMED --add-opens=java.base/java.nio.charset=ALL-UNNAMED --add-opens=java.base/java.net=ALL-UNNAMED --add-opens=java.base/java.util.concurrent.atomic=ALL-UNNAMED -Xmx2048m -Dfile.encoding=UTF-8 -Duser.country=US -Duser.language=en -Duser.variant org.gradle.launcher.daemon.bootstrap.GradleDaemon 7.0.2

Host: Intel(R) Core(TM) i5-8250U CPU @ 1.60GHz, 8 cores, 7G,  Windows 10 , 64 bit Build 19041 (10.0.19041.804)
Time: Sat Oct  2 17:22:32 2021 Eastern Daylight Time elapsed time: 21.156631 seconds (0d 0h 0m 21s)

---------------  T H R E A D  ---------------

Current thread (0x0000018a3bc4c000):  VMThread "VM Thread" [stack: 0x00000006c0300000,0x00000006c0400000] [id=22808]

Stack: [0x00000006c0300000,0x00000006c0400000]
[error occurred during error reporting (printing stack bounds), id 0xc0000005, EXCEPTION_ACCESS_VIOLATION (0xc0000005) at pc=0x0000018a24ba0f2d]

Native frames: (J=compiled Java code, j=interpreted, Vv=VM code, C=native code)
V  [jvm.dll+0x5ecfaa]
V  [jvm.dll+0x722bd5]
V  [jvm.dll+0x72412d]
V  [jvm.dll+0x724745]
V  [jvm.dll+0x7246fb]
V  [jvm.dll+0x5ec348]
V  [jvm.dll+0x5ecad8]
C  [ntdll.dll+0xa1f6f]
C  [ntdll.dll+0x51454]
C  [ntdll.dll+0xa0a9e]
C  0x0000018a24ba0f2d

VM_Operation (0x00000006c38f87c0): G1CollectForAllocation, mode: safepoint, requested by thread 0x0000018a421be800


---------------  P R O C E S S  ---------------

Threads class SMR info:
_java_thread_list=0x0000018a3ed729a0, length=63, elements={
0x0000018a210ab800, 0x0000018a3bc4e000, 0x0000018a3bc5b800, 0x0000018a3bc6e000,
0x0000018a3bc72000, 0x0000018a3bc73000, 0x0000018a3bc77800, 0x0000018a3bc7c000,
0x0000018a3c60f000, 0x0000018a3c778800, 0x0000018a3dc78000, 0x0000018a3c84f000,
0x0000018a3f782000, 0x0000018a3ca09000, 0x0000018a3e072800, 0x0000018a3e735000,
0x0000018a3da58800, 0x0000018a3e00e800, 0x0000018a3e77b800, 0x0000018a3e60f000,
0x0000018a3e60c800, 0x0000018a3e610000, 0x0000018a3e610800, 0x0000018a3e7a6000,
0x0000018a3e611800, 0x0000018a3e612800, 0x0000018a3e613000, 0x0000018a3e60d800,
0x0000018a3e60e800, 0x0000018a421b3000, 0x0000018a421b1000, 0x0000018a421b2000,
0x0000018a421b8800, 0x0000018a421b9800, 0x0000018a421ba000, 0x0000018a421b7000,
0x0000018a421b4800, 0x0000018a421b5800, 0x0000018a421bb000, 0x0000018a421bc000,
0x0000018a421b6000, 0x0000018a421bf000, 0x0000018a421bc800, 0x0000018a421bd800,
0x0000018a421be800, 0x0000018a421c0000, 0x0000018a3c876800, 0x0000018a3c879000,
0x0000018a3c875800, 0x0000018a3c87b800, 0x0000018a3c87c000, 0x0000018a3c87a800,
0x0000018a3c87d000, 0x0000018a3c877800, 0x0000018a3c87e000, 0x0000018a3c878000,
0x0000018a3c882000, 0x0000018a3c883000, 0x0000018a3c880800, 0x0000018a3c884800,
0x0000018a3c881000, 0x0000018a3c883800, 0x0000018a3c87e800
}

Java Threads: ( => current thread )
  0x0000018a210ab800 JavaThread "main" [_thread_blocked, id=19948, stack(0x00000006bfd00000,0x00000006bfe00000)]
  0x0000018a3bc4e000 JavaThread "Reference Handler" daemon [_thread_blocked, id=35256, stack(0x00000006c0400000,0x00000006c0500000)]
  0x0000018a3bc5b800 JavaThread "Finalizer" daemon [_thread_blocked, id=38172, stack(0x00000006c0500000,0x00000006c0600000)]
  0x0000018a3bc6e000 JavaThread "Signal Dispatcher" daemon [_thread_blocked, id=38644, stack(0x00000006c0600000,0x00000006c0700000)]
  0x0000018a3bc72000 JavaThread "Attach Listener" daemon [_thread_blocked, id=27876, stack(0x00000006c0700000,0x00000006c0800000)]
  0x0000018a3bc73000 JavaThread "Service Thread" daemon [_thread_blocked, id=5084, stack(0x00000006c0800000,0x00000006c0900000)]
  0x0000018a3bc77800 JavaThread "C2 CompilerThread0" daemon [_thread_blocked, id=29944, stack(0x00000006c0900000,0x00000006c0a00000)]
  0x0000018a3bc7c000 JavaThread "C1 CompilerThread0" daemon [_thread_blocked, id=27372, stack(0x00000006c0a00000,0x00000006c0b00000)]
  0x0000018a3c60f000 JavaThread "Sweeper thread" daemon [_thread_blocked, id=21460, stack(0x00000006c0b00000,0x00000006c0c00000)]
  0x0000018a3c778800 JavaThread "Common-Cleaner" daemon [_thread_blocked, id=6804, stack(0x00000006c0c00000,0x00000006c0d00000)]
  0x0000018a3dc78000 JavaThread "Daemon health stats" [_thread_blocked, id=17300, stack(0x00000006c1200000,0x00000006c1300000)]
  0x0000018a3c84f000 JavaThread "Incoming local TCP Connector on port 57746" [_thread_in_native, id=22512, stack(0x00000006c0e00000,0x00000006c0f00000)]
  0x0000018a3f782000 JavaThread "Daemon periodic checks" [_thread_blocked, id=37572, stack(0x00000006c0f00000,0x00000006c1000000)]
  0x0000018a3ca09000 JavaThread "Daemon" [_thread_blocked, id=30360, stack(0x00000006c1300000,0x00000006c1400000)]
  0x0000018a3e072800 JavaThread "Handler for socket connection from /127.0.0.1:57746 to /127.0.0.1:57747" [_thread_in_native, id=34520, stack(0x00000006c1400000,0x00000006c1500000)]
  0x0000018a3e735000 JavaThread "Cancel handler" [_thread_blocked, id=31560, stack(0x00000006c1500000,0x00000006c1600000)]
  0x0000018a3da58800 JavaThread "Daemon worker" [_thread_blocked, id=32832, stack(0x00000006c1600000,0x00000006c1700000)]
  0x0000018a3e00e800 JavaThread "Asynchronous log dispatcher for DefaultDaemonConnection: socket connection from /127.0.0.1:57746 to /127.0.0.1:57747" [_thread_blocked, id=6112, stack(0x00000006c1800000,0x00000006c1900000)]
  0x0000018a3e77b800 JavaThread "Stdin handler" [_thread_blocked, id=29568, stack(0x00000006c1900000,0x00000006c1a00000)]
  0x0000018a3e60f000 JavaThread "Daemon client event forwarder" [_thread_blocked, id=18584, stack(0x00000006c1a00000,0x00000006c1b00000)]
  0x0000018a3e60c800 JavaThread "Cache worker for file hash cache (C:\Users\27073\.gradle\caches\7.0.2\fileHashes)" [_thread_blocked, id=26560, stack(0x00000006c1700000,0x00000006c1800000)]
  0x0000018a3e610000 JavaThread "File lock request listener" [_thread_in_native, id=32796, stack(0x00000006c2000000,0x00000006c2100000)]
  0x0000018a3e610800 JavaThread "Cache worker for journal cache (C:\Users\27073\.gradle\caches\journal-1)" [_thread_blocked, id=34032, stack(0x00000006c2200000,0x00000006c2300000)]
  0x0000018a3e7a6000 JavaThread "C2 CompilerThread1" daemon [_thread_in_native, id=16128, stack(0x00000006c2300000,0x00000006c2400000)]
  0x0000018a3e611800 JavaThread "Cache worker for file hash cache (C:\Users\27073\AndroidStudioProjects\InstragramClone\.gradle\7.0.2\fileHashes)" [_thread_blocked, id=13336, stack(0x00000006c2400000,0x00000006c2500000)]
  0x0000018a3e612800 JavaThread "File watcher server" daemon [_thread_blocked, id=32628, stack(0x00000006c2500000,0x00000006c2600000)]
  0x0000018a3e613000 JavaThread "File watcher consumer" daemon [_thread_blocked, id=7792, stack(0x00000006c2600000,0x00000006c2700000)]
  0x0000018a3e60d800 JavaThread "Cache worker for checksums cache (C:\Users\27073\AndroidStudioProjects\InstragramClone\.gradle\checksums)" [_thread_blocked, id=18124, stack(0x00000006c2700000,0x00000006c2800000)]
  0x0000018a3e60e800 JavaThread "Cache worker for cache directory md-supplier (C:\Users\27073\.gradle\caches\7.0.2\md-supplier)" [_thread_blocked, id=19004, stack(0x00000006c2800000,0x00000006c2900000)]
  0x0000018a421b3000 JavaThread "Cache worker for cache directory md-rule (C:\Users\27073\.gradle\caches\7.0.2\md-rule)" [_thread_blocked, id=36408, stack(0x00000006c2900000,0x00000006c2a00000)]
  0x0000018a421b1000 JavaThread "Cache worker for execution history cache (C:\Users\27073\.gradle\caches\7.0.2\executionHistory)" [_thread_blocked, id=38500, stack(0x00000006c2a00000,0x00000006c2b00000)]
  0x0000018a421b2000 JavaThread "jar transforms" [_thread_blocked, id=37472, stack(0x00000006c2b00000,0x00000006c2c00000)]
  0x0000018a421b8800 JavaThread "jar transforms Thread 2" [_thread_blocked, id=19520, stack(0x00000006c2c00000,0x00000006c2d00000)]
  0x0000018a421b9800 JavaThread "Cache worker for file content cache (C:\Users\27073\.gradle\caches\7.0.2\fileContent)" [_thread_blocked, id=21408, stack(0x00000006c2d00000,0x00000006c2e00000)]
  0x0000018a421ba000 JavaThread "Cache worker for dependencies-accessors (C:\Users\27073\AndroidStudioProjects\InstragramClone\.gradle\7.0.2\dependencies-accessors)" [_thread_blocked, id=5508, stack(0x00000006c2e00000,0x00000006c2f00000)]
  0x0000018a421b7000 JavaThread "jar transforms Thread 3" [_thread_blocked, id=19092, stack(0x00000006c2f00000,0x00000006c3000000)]
  0x0000018a421b4800 JavaThread "Cache worker for Build Output Cleanup Cache (C:\Users\27073\AndroidStudioProjects\InstragramClone\.gradle\buildOutputCleanup)" [_thread_blocked, id=20692, stack(0x00000006c3000000,0x00000006c3100000)]
  0x0000018a421b5800 JavaThread "Build operations" [_thread_blocked, id=38596, stack(0x00000006c3100000,0x00000006c3200000)]
  0x0000018a421bb000 JavaThread "Build operations Thread 2" [_thread_blocked, id=28060, stack(0x00000006c3200000,0x00000006c3300000)]
  0x0000018a421bc000 JavaThread "Build operations Thread 3" [_thread_blocked, id=38088, stack(0x00000006c3300000,0x00000006c3400000)]
  0x0000018a421b6000 JavaThread "Build operations Thread 4" [_thread_blocked, id=25268, stack(0x00000006c3400000,0x00000006c3500000)]
  0x0000018a421bf000 JavaThread "Build operations Thread 5" [_thread_blocked, id=13928, stack(0x00000006c3500000,0x00000006c3600000)]
  0x0000018a421bc800 JavaThread "Build operations Thread 6" [_thread_blocked, id=36504, stack(0x00000006c3600000,0x00000006c3700000)]
  0x0000018a421bd800 JavaThread "Build operations Thread 7" [_thread_blocked, id=23836, stack(0x00000006c3700000,0x00000006c3800000)]
  0x0000018a421be800 JavaThread "Build operations Thread 8" [_thread_blocked, id=37508, stack(0x00000006c3800000,0x00000006c3900000)]
  0x0000018a421c0000 JavaThread "jar transforms Thread 4" [_thread_blocked, id=32272, stack(0x00000006c3900000,0x00000006c3a00000)]
  0x0000018a3c876800 JavaThread "jar transforms Thread 5" [_thread_blocked, id=10996, stack(0x00000006c3a00000,0x00000006c3b00000)]
  0x0000018a3c879000 JavaThread "jar transforms Thread 6" [_thread_blocked, id=38428, stack(0x00000006c3b00000,0x00000006c3c00000)]
  0x0000018a3c875800 JavaThread "jar transforms Thread 7" [_thread_blocked, id=35572, stack(0x00000006c3c00000,0x00000006c3d00000)]
  0x0000018a3c87b800 JavaThread "jar transforms Thread 8" [_thread_blocked, id=36084, stack(0x00000006c3d00000,0x00000006c3e00000)]
  0x0000018a3c87c000 JavaThread "Memory manager" [_thread_blocked, id=4756, stack(0x00000006c3e00000,0x00000006c3f00000)]
  0x0000018a3c87a800 JavaThread "build event listener" [_thread_blocked, id=34960, stack(0x00000006c3f00000,0x00000006c4000000)]
  0x0000018a3c87d000 JavaThread "pool-3-thread-1" [_thread_blocked, id=33736, stack(0x00000006c4000000,0x00000006c4100000)]
  0x0000018a3c877800 JavaThread "build event listener" [_thread_blocked, id=26796, stack(0x00000006c4100000,0x00000006c4200000)]
  0x0000018a3c87e000 JavaThread "Execution worker for ':'" [_thread_blocked, id=35320, stack(0x00000006c4200000,0x00000006c4300000)]
  0x0000018a3c878000 JavaThread "Execution worker for ':' Thread 2" [_thread_blocked, id=27448, stack(0x00000006c4300000,0x00000006c4400000)]
  0x0000018a3c882000 JavaThread "Execution worker for ':' Thread 3" [_thread_blocked, id=36272, stack(0x00000006c4400000,0x00000006c4500000)]
  0x0000018a3c883000 JavaThread "Execution worker for ':' Thread 4" [_thread_blocked, id=25572, stack(0x00000006c4500000,0x00000006c4600000)]
  0x0000018a3c880800 JavaThread "Execution worker for ':' Thread 5" [_thread_blocked, id=4060, stack(0x00000006c4600000,0x00000006c4700000)]
  0x0000018a3c884800 JavaThread "Execution worker for ':' Thread 6" [_thread_blocked, id=10336, stack(0x00000006c4700000,0x00000006c4800000)]
  0x0000018a3c881000 JavaThread "Execution worker for ':' Thread 7" [_thread_blocked, id=1876, stack(0x00000006c4800000,0x00000006c4900000)]
  0x0000018a3c883800 JavaThread "Cache worker for execution history cache (C:\Users\27073\AndroidStudioProjects\InstragramClone\.gradle\7.0.2\executionHistory)" [_thread_blocked, id=19376, stack(0x00000006c4900000,0x00000006c4a00000)]
  0x0000018a3c87e800 JavaThread "WorkerExecutor Queue" [_thread_blocked, id=36480, stack(0x00000006c4a00000,0x00000006c4b00000)]

Other Threads:
=>0x0000018a3bc4c000 VMThread "VM Thread" [stack: 0x00000006c0300000,0x00000006c0400000] [id=22808]
  0x0000018a3c79c000 WatcherThread [stack: 0x00000006c0d00000,0x00000006c0e00000] [id=22264]
  0x0000018a210c2000 GCTaskThread "GC Thread#0" [stack: 0x00000006bfe00000,0x00000006bff00000] [id=37948]
  0x0000018a3cef1000 GCTaskThread "GC Thread#1" [stack: 0x00000006c1000000,0x00000006c1100000] [id=25300]
  0x0000018a3cf2a000 GCTaskThread "GC Thread#2" [stack: 0x00000006c1100000,0x00000006c1200000] [id=28476]
  0x0000018a3e77c000 GCTaskThread "GC Thread#3" [stack: 0x00000006c1b00000,0x00000006c1c00000] [id=30816]
  0x0000018a3e629000 GCTaskThread "GC Thread#4" [stack: 0x00000006c1c00000,0x00000006c1d00000] [id=36904]
  0x0000018a3e62a000 GCTaskThread "GC Thread#5" [stack: 0x00000006c1d00000,0x00000006c1e00000] [id=34420]
  0x0000018a3f0b7800 GCTaskThread "GC Thread#6" [stack: 0x00000006c1e00000,0x00000006c1f00000] [id=27380]
  0x0000018a3f0b8800 GCTaskThread "GC Thread#7" [stack: 0x00000006c1f00000,0x00000006c2000000] [id=3804]
  0x0000018a210f7800 ConcurrentGCThread "G1 Main Marker" [stack: 0x00000006bff00000,0x00000006c0000000] [id=20596]
  0x0000018a210f9800 ConcurrentGCThread "G1 Conc#0" [stack: 0x00000006c0000000,0x00000006c0100000] [id=288]
  0x0000018a3e9a0800 ConcurrentGCThread "G1 Conc#1" [stack: 0x00000006c2100000,0x00000006c2200000] [id=20800]
  0x0000018a3baa0800 ConcurrentGCThread "G1 Refine#0" [stack: 0x00000006c0100000,0x00000006c0200000] [id=29536]
  0x0000018a3baa1800 ConcurrentGCThread "G1 Young RemSet Sampling" [stack: 0x00000006c0200000,0x00000006c0300000] [id=36440]

Threads with active compile tasks:
C2 CompilerThread0  21194 13378       4       com.android.tools.r8.internal.Lv::a (270 bytes)
C2 CompilerThread1  21194 12819 %     4       com.android.tools.r8.ir.regalloc.a::a @ 2157 (3985 bytes)

VM state:at safepoint (normal execution)

VM Mutex/Monitor currently owned by a thread:  ([mutex/lock_event])
[0x0000018a210a6ad0] Threads_lock - owner thread: 0x0000018a3bc4c000
[0x0000018a210a6530] Heap_lock - owner thread: 0x0000018a421be800

Heap address: 0x0000000080000000, size: 2048 MB, Compressed Oops mode: 32-bit
Narrow klass base: 0x0000000000000000, Narrow klass shift: 3
Compressed class space size: 1073741824 Address: 0x0000000100000000

Heap:
 garbage-first heap   total 361472K, used 92766K [0x0000000080000000, 0x0000000100000000)
  region size 1024K, 5 young (5120K), 5 survivors (5120K)
 Metaspace       used 98002K, capacity 100426K, committed 101408K, reserved 1136640K
  class space    used 12646K, capacity 13530K, committed 13856K, reserved 1048576K
Heap Regions: E=young(eden), S=young(survivor), O=old, HS=humongous(starts), HC=humongous(continues), CS=collection set, F=free, A=archive, TAMS=top-at-mark-start (previous, next)
|   0|0x0000000080000000, 0x0000000080100000, 0x0000000080100000|100%| O|  |TAMS 0x0000000080100000, 0x0000000080000000| Untracked 
|   1|0x0000000080100000, 0x0000000080200000, 0x0000000080200000|100%| O|  |TAMS 0x0000000080200000, 0x0000000080100000| Untracked 
|   2|0x0000000080200000, 0x0000000080300000, 0x0000000080300000|100%| O|  |TAMS 0x0000000080300000, 0x0000000080200000| Untracked 
|   3|0x0000000080300000, 0x0000000080400000, 0x0000000080400000|100%|HS|  |TAMS 0x0000000080400000, 0x0000000080300000| Complete 
|   4|0x0000000080400000, 0x0000000080500000, 0x0000000080500000|100%|HC|  |TAMS 0x0000000080500000, 0x0000000080400000| Complete 
|   5|0x0000000080500000, 0x0000000080600000, 0x0000000080600000|100%|HC|  |TAMS 0x0000000080600000, 0x0000000080500000| Complete 
|   6|0x0000000080600000, 0x0000000080700000, 0x0000000080700000|100%| O|  |TAMS 0x0000000080700000, 0x0000000080600000| Untracked 
|   7|0x0000000080700000, 0x0000000080800000, 0x0000000080800000|100%| O|  |TAMS 0x0000000080800000, 0x0000000080700000| Untracked 
|   8|0x0000000080800000, 0x0000000080900000, 0x0000000080900000|100%| O|  |TAMS 0x0000000080900000, 0x0000000080800000| Untracked 
|   9|0x0000000080900000, 0x0000000080a00000, 0x0000000080a00000|100%| O|  |TAMS 0x0000000080a00000, 0x0000000080900000| Untracked 
|  10|0x0000000080a00000, 0x0000000080b00000, 0x0000000080b00000|100%| O|  |TAMS 0x0000000080b00000, 0x0000000080a00000| Untracked 
|  11|0x0000000080b00000, 0x0000000080c00000, 0x0000000080c00000|100%| O|  |TAMS 0x0000000080c00000, 0x0000000080b00000| Untracked 
|  12|0x0000000080c00000, 0x0000000080d00000, 0x0000000080d00000|100%| O|  |TAMS 0x0000000080d00000, 0x0000000080c00000| Untracked 
|  13|0x0000000080d00000, 0x0000000080e00000, 0x0000000080e00000|100%| O|  |TAMS 0x0000000080e00000, 0x0000000080d00000| Untracked 
|  14|0x0000000080e00000, 0x0000000080f00000, 0x0000000080f00000|100%| O|  |TAMS 0x0000000080f00000, 0x0000000080e00000| Untracked 
|  15|0x0000000080f00000, 0x0000000081000000, 0x0000000081000000|100%| O|  |TAMS 0x0000000081000000, 0x0000000080f00000| Untracked 
|  16|0x0000000081000000, 0x0000000081100000, 0x0000000081100000|100%| O|  |TAMS 0x0000000081100000, 0x0000000081000000| Untracked 
|  17|0x0000000081100000, 0x0000000081200000, 0x0000000081200000|100%| O|  |TAMS 0x0000000081200000, 0x0000000081100000| Untracked 
|  18|0x0000000081200000, 0x0000000081300000, 0x0000000081300000|100%| O|  |TAMS 0x0000000081300000, 0x0000000081200000| Untracked 
|  19|0x0000000081300000, 0x0000000081400000, 0x0000000081400000|100%| O|  |TAMS 0x0000000081400000, 0x0000000081300000| Untracked 
|  20|0x0000000081400000, 0x0000000081500000, 0x0000000081500000|100%| O|  |TAMS 0x0000000081500000, 0x0000000081400000| Untracked 
|  21|0x0000000081500000, 0x0000000081600000, 0x0000000081600000|100%| O|  |TAMS 0x0000000081600000, 0x0000000081500000| Untracked 
|  22|0x0000000081600000, 0x0000000081700000, 0x0000000081700000|100%| O|  |TAMS 0x0000000081700000, 0x0000000081600000| Untracked 
|  23|0x0000000081700000, 0x0000000081800000, 0x0000000081800000|100%| O|  |TAMS 0x0000000081800000, 0x0000000081700000| Untracked 
|  24|0x0000000081800000, 0x0000000081900000, 0x0000000081900000|100%| O|  |TAMS 0x0000000081900000, 0x0000000081800000| Untracked 
|  25|0x0000000081900000, 0x0000000081a00000, 0x0000000081a00000|100%| O|  |TAMS 0x0000000081a00000, 0x0000000081900000| Untracked 
|  26|0x0000000081a00000, 0x0000000081b00000, 0x0000000081b00000|100%|HS|  |TAMS 0x0000000081b00000, 0x0000000081a00000| Complete 
|  27|0x0000000081b00000, 0x0000000081c00000, 0x0000000081c00000|100%|HS|  |TAMS 0x0000000081c00000, 0x0000000081b00000| Complete 
|  28|0x0000000081c00000, 0x0000000081d00000, 0x0000000081d00000|100%|HS|  |TAMS 0x0000000081d00000, 0x0000000081c00000| Complete 
|  29|0x0000000081d00000, 0x0000000081e00000, 0x0000000081e00000|100%|HC|  |TAMS 0x0000000081e00000, 0x0000000081d00000| Complete 
|  30|0x0000000081e00000, 0x0000000081f00000, 0x0000000081f00000|100%| O|  |TAMS 0x0000000081f00000, 0x0000000081e00000| Untracked 
|  31|0x0000000081f00000, 0x0000000082000000, 0x0000000082000000|100%| O|  |TAMS 0x0000000082000000, 0x0000000081f00000| Untracked 
|  32|0x0000000082000000, 0x0000000082100000, 0x0000000082100000|100%| O|  |TAMS 0x0000000082100000, 0x0000000082000000| Untracked 
|  33|0x0000000082100000, 0x0000000082200000, 0x0000000082200000|100%| O|  |TAMS 0x0000000082200000, 0x0000000082100000| Untracked 
|  34|0x0000000082200000, 0x0000000082300000, 0x0000000082300000|100%| O|  |TAMS 0x0000000082300000, 0x0000000082200000| Untracked 
|  35|0x0000000082300000, 0x0000000082400000, 0x0000000082400000|100%| O|  |TAMS 0x0000000082400000, 0x0000000082300000| Untracked 
|  36|0x0000000082400000, 0x0000000082500000, 0x0000000082500000|100%| O|  |TAMS 0x0000000082500000, 0x0000000082400000| Untracked 
|  37|0x0000000082500000, 0x0000000082600000, 0x0000000082600000|100%| O|  |TAMS 0x0000000082600000, 0x0000000082500000| Untracked 
|  38|0x0000000082600000, 0x0000000082700000, 0x0000000082700000|100%| O|  |TAMS 0x0000000082700000, 0x0000000082600000| Untracked 
|  39|0x0000000082700000, 0x0000000082800000, 0x0000000082800000|100%| O|  |TAMS 0x0000000082800000, 0x0000000082700000| Untracked 
|  40|0x0000000082800000, 0x0000000082900000, 0x0000000082900000|100%| O|  |TAMS 0x0000000082900000, 0x0000000082800000| Untracked 
|  41|0x0000000082900000, 0x0000000082a00000, 0x0000000082a00000|100%| O|  |TAMS 0x0000000082a00000, 0x0000000082900000| Untracked 
|  42|0x0000000082a00000, 0x0000000082b00000, 0x0000000082b00000|100%| O|  |TAMS 0x0000000082b00000, 0x0000000082a00000| Untracked 
|  43|0x0000000082b00000, 0x0000000082c00000, 0x0000000082c00000|100%| O|  |TAMS 0x0000000082c00000, 0x0000000082b00000| Untracked 
|  44|0x0000000082c00000, 0x0000000082d00000, 0x0000000082d00000|100%| O|  |TAMS 0x0000000082d00000, 0x0000000082c00000| Untracked 
|  45|0x0000000082d00000, 0x0000000082e00000, 0x0000000082e00000|100%| O|  |TAMS 0x0000000082e00000, 0x0000000082d00000| Untracked 
|  46|0x0000000082e00000, 0x0000000082f00000, 0x0000000082f00000|100%| O|  |TAMS 0x0000000082f00000, 0x0000000082e00000| Untracked 
|  47|0x0000000082f00000, 0x0000000083000000, 0x0000000083000000|100%| O|  |TAMS 0x0000000083000000, 0x0000000082f00000| Untracked 
|  48|0x0000000083000000, 0x0000000083100000, 0x0000000083100000|100%| O|  |TAMS 0x0000000083100000, 0x0000000083000000| Untracked 
|  49|0x0000000083100000, 0x0000000083200000, 0x0000000083200000|100%| O|  |TAMS 0x0000000083200000, 0x0000000083100000| Untracked 
|  50|0x0000000083200000, 0x0000000083300000, 0x0000000083300000|100%| O|  |TAMS 0x0000000083300000, 0x0000000083200000| Untracked 
|  51|0x0000000083300000, 0x0000000083400000, 0x0000000083400000|100%| O|  |TAMS 0x0000000083400000, 0x0000000083300000| Untracked 
|  52|0x0000000083400000, 0x0000000083500000, 0x0000000083500000|100%| O|  |TAMS 0x0000000083500000, 0x0000000083400000| Untracked 
|  53|0x0000000083500000, 0x0000000083600000, 0x0000000083600000|100%| O|  |TAMS 0x0000000083600000, 0x0000000083500000| Untracked 
|  54|0x0000000083600000, 0x0000000083700000, 0x0000000083700000|100%| O|  |TAMS 0x0000000083700000, 0x0000000083600000| Untracked 
|  55|0x0000000083700000, 0x0000000083800000, 0x0000000083800000|100%| O|  |TAMS 0x0000000083800000, 0x0000000083700000| Untracked 
|  56|0x0000000083800000, 0x0000000083900000, 0x0000000083900000|100%| O|  |TAMS 0x0000000083900000, 0x0000000083800000| Untracked 
|  57|0x0000000083900000, 0x0000000083a00000, 0x0000000083a00000|100%| O|  |TAMS 0x0000000083a00000, 0x0000000083900000| Untracked 
|  58|0x0000000083a00000, 0x0000000083b00000, 0x0000000083b00000|100%| O|  |TAMS 0x0000000083b00000, 0x0000000083a00000| Untracked 
|  59|0x0000000083b00000, 0x0000000083c00000, 0x0000000083c00000|100%| O|  |TAMS 0x0000000083c00000, 0x0000000083b00000| Untracked 
|  60|0x0000000083c00000, 0x0000000083d00000, 0x0000000083d00000|100%| O|  |TAMS 0x0000000083d00000, 0x0000000083c00000| Untracked 
|  61|0x0000000083d00000, 0x0000000083e00000, 0x0000000083e00000|100%| O|  |TAMS 0x0000000083e00000, 0x0000000083d00000| Untracked 
|  62|0x0000000083e00000, 0x0000000083f00000, 0x0000000083f00000|100%| O|  |TAMS 0x0000000083f00000, 0x0000000083e00000| Untracked 
|  63|0x0000000083f00000, 0x0000000084000000, 0x0000000084000000|100%| O|  |TAMS 0x0000000084000000, 0x0000000083f00000| Untracked 
|  64|0x0000000084000000, 0x0000000084100000, 0x0000000084100000|100%| O|  |TAMS 0x0000000084100000, 0x0000000084000000| Untracked 
|  65|0x0000000084100000, 0x0000000084200000, 0x0000000084200000|100%| O|  |TAMS 0x0000000084200000, 0x0000000084100000| Untracked 
|  66|0x0000000084200000, 0x0000000084300000, 0x0000000084300000|100%| O|  |TAMS 0x0000000084300000, 0x0000000084200000| Untracked 
|  67|0x0000000084300000, 0x0000000084400000, 0x0000000084400000|100%| O|  |TAMS 0x0000000084400000, 0x0000000084300000| Untracked 
|  68|0x0000000084400000, 0x0000000084500000, 0x0000000084500000|100%| O|  |TAMS 0x0000000084500000, 0x0000000084400000| Untracked 
|  69|0x0000000084500000, 0x0000000084600000, 0x0000000084600000|100%| O|  |TAMS 0x0000000084600000, 0x0000000084500000| Untracked 
|  70|0x0000000084600000, 0x0000000084700000, 0x0000000084700000|100%| O|  |TAMS 0x0000000084700000, 0x0000000084600000| Untracked 
|  71|0x0000000084700000, 0x0000000084800000, 0x0000000084800000|100%| O|  |TAMS 0x0000000084800000, 0x0000000084700000| Untracked 
|  72|0x0000000084800000, 0x0000000084900000, 0x0000000084900000|100%| O|  |TAMS 0x0000000084900000, 0x0000000084800000| Untracked 
|  73|0x0000000084900000, 0x0000000084a00000, 0x0000000084a00000|100%| O|  |TAMS 0x0000000084a00000, 0x0000000084900000| Untracked 
|  74|0x0000000084a00000, 0x0000000084b00000, 0x0000000084b00000|100%| O|  |TAMS 0x0000000084b00000, 0x0000000084a00000| Untracked 
|  75|0x0000000084b00000, 0x0000000084c00000, 0x0000000084c00000|100%| O|  |TAMS 0x0000000084c00000, 0x0000000084b00000| Untracked 
|  76|0x0000000084c00000, 0x0000000084d00000, 0x0000000084d00000|100%| O|  |TAMS 0x0000000084d00000, 0x0000000084c00000| Untracked 
|  77|0x0000000084d00000, 0x0000000084e00000, 0x0000000084e00000|100%| O|  |TAMS 0x0000000084e00000, 0x0000000084d00000| Untracked 
|  78|0x0000000084e00000, 0x0000000084f00000, 0x0000000084f00000|100%| O|  |TAMS 0x0000000084f00000, 0x0000000084e00000| Untracked 
|  79|0x0000000084f00000, 0x0000000085000000, 0x0000000085000000|100%| O|  |TAMS 0x0000000085000000, 0x0000000084f00000| Untracked 
|  80|0x0000000085000000, 0x0000000085100000, 0x0000000085100000|100%| O|  |TAMS 0x0000000085100000, 0x0000000085000000| Untracked 
|  81|0x0000000085100000, 0x0000000085200000, 0x0000000085200000|100%| O|  |TAMS 0x0000000085200000, 0x0000000085100000| Untracked 
|  82|0x0000000085200000, 0x0000000085300000, 0x0000000085300000|100%| O|  |TAMS 0x0000000085300000, 0x0000000085200000| Untracked 
|  83|0x0000000085300000, 0x0000000085400000, 0x0000000085400000|100%| O|  |TAMS 0x0000000085400000, 0x0000000085300000| Untracked 
|  84|0x0000000085400000, 0x0000000085500000, 0x0000000085500000|100%| O|  |TAMS 0x0000000085500000, 0x0000000085400000| Untracked 
|  85|0x0000000085500000, 0x0000000085597800, 0x0000000085600000| 59%| O|  |TAMS 0x0000000085597800, 0x0000000085500000| Untracked 
|  86|0x0000000085600000, 0x0000000085600000, 0x0000000085700000|  0%| F|  |TAMS 0x0000000085600000, 0x0000000085600000| Untracked 
|  87|0x0000000085700000, 0x0000000085700000, 0x0000000085800000|  0%| F|  |TAMS 0x0000000085700000, 0x0000000085700000| Untracked 
|  88|0x0000000085800000, 0x0000000085800000, 0x0000000085900000|  0%| F|  |TAMS 0x0000000085800000, 0x0000000085800000| Untracked 
|  89|0x0000000085900000, 0x0000000085900000, 0x0000000085a00000|  0%| F|  |TAMS 0x0000000085900000, 0x0000000085900000| Untracked 
|  90|0x0000000085a00000, 0x0000000085a00000, 0x0000000085b00000|  0%| F|  |TAMS 0x0000000085a00000, 0x0000000085a00000| Untracked 
|  91|0x0000000085b00000, 0x0000000085b00000, 0x0000000085c00000|  0%| F|  |TAMS 0x0000000085b00000, 0x0000000085b00000| Untracked 
|  92|0x0000000085c00000, 0x0000000085c00000, 0x0000000085d00000|  0%| F|  |TAMS 0x0000000085c00000, 0x0000000085c00000| Untracked 
|  93|0x0000000085d00000, 0x0000000085d00000, 0x0000000085e00000|  0%| F|  |TAMS 0x0000000085d00000, 0x0000000085d00000| Untracked 
|  94|0x0000000085e00000, 0x0000000085e00000, 0x0000000085f00000|  0%| F|  |TAMS 0x0000000085e00000, 0x0000000085e00000| Untracked 
|  95|0x0000000085f00000, 0x0000000085f00000, 0x0000000086000000|  0%| F|  |TAMS 0x0000000085f00000, 0x0000000085f00000| Untracked 
|  96|0x0000000086000000, 0x0000000086000000, 0x0000000086100000|  0%| F|  |TAMS 0x0000000086000000, 0x0000000086000000| Untracked 
|  97|0x0000000086100000, 0x0000000086100000, 0x0000000086200000|  0%| F|  |TAMS 0x0000000086100000, 0x0000000086100000| Untracked 
|  98|0x0000000086200000, 0x0000000086200000, 0x0000000086300000|  0%| F|  |TAMS 0x0000000086200000, 0x0000000086200000| Untracked 
|  99|0x0000000086300000, 0x0000000086300000, 0x0000000086400000|  0%| F|  |TAMS 0x0000000086300000, 0x0000000086300000| Untracked 
| 100|0x0000000086400000, 0x0000000086400000, 0x0000000086500000|  0%| F|  |TAMS 0x0000000086400000, 0x0000000086400000| Untracked 
| 101|0x0000000086500000, 0x0000000086500000, 0x0000000086600000|  0%| F|  |TAMS 0x0000000086500000, 0x0000000086500000| Untracked 
| 102|0x0000000086600000, 0x0000000086600000, 0x0000000086700000|  0%| F|  |TAMS 0x0000000086600000, 0x0000000086600000| Untracked 
| 103|0x0000000086700000, 0x0000000086700000, 0x0000000086800000|  0%| F|  |TAMS 0x0000000086700000, 0x0000000086700000| Untracked 
| 104|0x0000000086800000, 0x0000000086800000, 0x0000000086900000|  0%| F|  |TAMS 0x0000000086800000, 0x0000000086800000| Untracked 
| 105|0x0000000086900000, 0x0000000086900000, 0x0000000086a00000|  0%| F|  |TAMS 0x0000000086900000, 0x0000000086900000| Untracked 
| 106|0x0000000086a00000, 0x0000000086a00000, 0x0000000086b00000|  0%| F|  |TAMS 0x0000000086a00000, 0x0000000086a00000| Untracked 
| 107|0x0000000086b00000, 0x0000000086b00000, 0x0000000086c00000|  0%| F|  |TAMS 0x0000000086b00000, 0x0000000086b00000| Untracked 
| 108|0x0000000086c00000, 0x0000000086c00000, 0x0000000086d00000|  0%| F|  |TAMS 0x0000000086c00000, 0x0000000086c00000| Untracked 
| 109|0x0000000086d00000, 0x0000000086d00000, 0x0000000086e00000|  0%| F|  |TAMS 0x0000000086d00000, 0x0000000086d00000| Untracked 
| 110|0x0000000086e00000, 0x0000000086e00000, 0x0000000086f00000|  0%| F|  |TAMS 0x0000000086e00000, 0x0000000086e00000| Untracked 
| 111|0x0000000086f00000, 0x0000000086f00000, 0x0000000087000000|  0%| F|  |TAMS 0x0000000086f00000, 0x0000000086f00000| Untracked 
| 112|0x0000000087000000, 0x0000000087000000, 0x0000000087100000|  0%| F|  |TAMS 0x0000000087000000, 0x0000000087000000| Untracked 
| 113|0x0000000087100000, 0x0000000087100000, 0x0000000087200000|  0%| F|  |TAMS 0x0000000087100000, 0x0000000087100000| Untracked 
| 114|0x0000000087200000, 0x0000000087200000, 0x0000000087300000|  0%| F|  |TAMS 0x0000000087200000, 0x0000000087200000| Untracked 
| 115|0x0000000087300000, 0x0000000087300000, 0x0000000087400000|  0%| F|  |TAMS 0x0000000087300000, 0x0000000087300000| Untracked 
| 116|0x0000000087400000, 0x0000000087400000, 0x0000000087500000|  0%| F|  |TAMS 0x0000000087400000, 0x0000000087400000| Untracked 
| 117|0x0000000087500000, 0x0000000087500000, 0x0000000087600000|  0%| F|  |TAMS 0x0000000087500000, 0x0000000087500000| Untracked 
| 118|0x0000000087600000, 0x0000000087600000, 0x0000000087700000|  0%| F|  |TAMS 0x0000000087600000, 0x0000000087600000| Untracked 
| 119|0x0000000087700000, 0x0000000087700000, 0x0000000087800000|  0%| F|  |TAMS 0x0000000087700000, 0x0000000087700000| Untracked 
| 120|0x0000000087800000, 0x0000000087800000, 0x0000000087900000|  0%| F|  |TAMS 0x0000000087800000, 0x0000000087800000| Untracked 
| 121|0x0000000087900000, 0x0000000087900000, 0x0000000087a00000|  0%| F|  |TAMS 0x0000000087900000, 0x0000000087900000| Untracked 
| 122|0x0000000087a00000, 0x0000000087a00000, 0x0000000087b00000|  0%| F|  |TAMS 0x0000000087a00000, 0x0000000087a00000| Untracked 
| 123|0x0000000087b00000, 0x0000000087b00000, 0x0000000087c00000|  0%| F|  |TAMS 0x0000000087b00000, 0x0000000087b00000| Untracked 
| 124|0x0000000087c00000, 0x0000000087c00000, 0x0000000087d00000|  0%| F|  |TAMS 0x0000000087c00000, 0x0000000087c00000| Untracked 
| 125|0x0000000087d00000, 0x0000000087d00000, 0x0000000087e00000|  0%| F|  |TAMS 0x0000000087d00000, 0x0000000087d00000| Untracked 
| 126|0x0000000087e00000, 0x0000000087e00000, 0x0000000087f00000|  0%| F|  |TAMS 0x0000000087e00000, 0x0000000087e00000| Untracked 
| 127|0x0000000087f00000, 0x0000000087f00000, 0x0000000088000000|  0%| F|  |TAMS 0x0000000087f00000, 0x0000000087f00000| Untracked 
| 128|0x0000000088000000, 0x0000000088000000, 0x0000000088100000|  0%| F|  |TAMS 0x0000000088000000, 0x0000000088000000| Untracked 
| 129|0x0000000088100000, 0x0000000088100000, 0x0000000088200000|  0%| F|  |TAMS 0x0000000088100000, 0x0000000088100000| Untracked 
| 130|0x0000000088200000, 0x0000000088200000, 0x0000000088300000|  0%| F|  |TAMS 0x0000000088200000, 0x0000000088200000| Untracked 
| 131|0x0000000088300000, 0x0000000088300000, 0x0000000088400000|  0%| F|  |TAMS 0x0000000088300000, 0x0000000088300000| Untracked 
| 132|0x0000000088400000, 0x0000000088400000, 0x0000000088500000|  0%| F|  |TAMS 0x0000000088400000, 0x0000000088400000| Untracked 
| 133|0x0000000088500000, 0x0000000088500000, 0x0000000088600000|  0%| F|  |TAMS 0x0000000088500000, 0x0000000088500000| Untracked 
| 134|0x0000000088600000, 0x0000000088600000, 0x0000000088700000|  0%| F|  |TAMS 0x0000000088600000, 0x0000000088600000| Untracked 
| 135|0x0000000088700000, 0x0000000088700000, 0x0000000088800000|  0%| F|  |TAMS 0x0000000088700000, 0x0000000088700000| Untracked 
| 136|0x0000000088800000, 0x0000000088800000, 0x0000000088900000|  0%| F|  |TAMS 0x0000000088800000, 0x0000000088800000| Untracked 
| 137|0x0000000088900000, 0x0000000088900000, 0x0000000088a00000|  0%| F|  |TAMS 0x0000000088900000, 0x0000000088900000| Untracked 
| 138|0x0000000088a00000, 0x0000000088a00000, 0x0000000088b00000|  0%| F|  |TAMS 0x0000000088a00000, 0x0000000088a00000| Untracked 
| 139|0x0000000088b00000, 0x0000000088b00000, 0x0000000088c00000|  0%| F|  |TAMS 0x0000000088b00000, 0x0000000088b00000| Untracked 
| 140|0x0000000088c00000, 0x0000000088d00000, 0x0000000088d00000|100%| S|CS|TAMS 0x0000000088c00000, 0x0000000088c00000| Complete 
| 141|0x0000000088d00000, 0x0000000088e00000, 0x0000000088e00000|100%| S|CS|TAMS 0x0000000088d00000, 0x0000000088d00000| Complete 
| 142|0x0000000088e00000, 0x0000000088f00000, 0x0000000088f00000|100%| S|CS|TAMS 0x0000000088e00000, 0x0000000088e00000| Complete 
| 143|0x0000000088f00000, 0x0000000089000000, 0x0000000089000000|100%| S|CS|TAMS 0x0000000088f00000, 0x0000000088f00000| Complete 
| 144|0x0000000089000000, 0x0000000089100000, 0x0000000089100000|100%| S|CS|TAMS 0x0000000089000000, 0x0000000089000000| Complete 
| 145|0x0000000089100000, 0x0000000089100000, 0x0000000089200000|  0%| F|  |TAMS 0x0000000089100000, 0x0000000089100000| Untracked 
| 146|0x0000000089200000, 0x0000000089200000, 0x0000000089300000|  0%| F|  |TAMS 0x0000000089200000, 0x0000000089200000| Untracked 
| 147|0x0000000089300000, 0x0000000089300000, 0x0000000089400000|  0%| F|  |TAMS 0x0000000089300000, 0x0000000089300000| Untracked 
| 148|0x0000000089400000, 0x0000000089400000, 0x0000000089500000|  0%| F|  |TAMS 0x0000000089400000, 0x0000000089400000| Untracked 
| 149|0x0000000089500000, 0x0000000089500000, 0x0000000089600000|  0%| F|  |TAMS 0x0000000089500000, 0x0000000089500000| Untracked 
| 150|0x0000000089600000, 0x0000000089600000, 0x0000000089700000|  0%| F|  |TAMS 0x0000000089600000, 0x0000000089600000| Untracked 
| 151|0x0000000089700000, 0x0000000089700000, 0x0000000089800000|  0%| F|  |TAMS 0x0000000089700000, 0x0000000089700000| Untracked 
| 152|0x0000000089800000, 0x0000000089800000, 0x0000000089900000|  0%| F|  |TAMS 0x0000000089800000, 0x0000000089800000| Untracked 
| 153|0x0000000089900000, 0x0000000089900000, 0x0000000089a00000|  0%| F|  |TAMS 0x0000000089900000, 0x0000000089900000| Untracked 
| 154|0x0000000089a00000, 0x0000000089a00000, 0x0000000089b00000|  0%| F|  |TAMS 0x0000000089a00000, 0x0000000089a00000| Untracked 
| 155|0x0000000089b00000, 0x0000000089b00000, 0x0000000089c00000|  0%| F|  |TAMS 0x0000000089b00000, 0x0000000089b00000| Untracked 
| 156|0x0000000089c00000, 0x0000000089c00000, 0x0000000089d00000|  0%| F|  |TAMS 0x0000000089c00000, 0x0000000089c00000| Untracked 
| 157|0x0000000089d00000, 0x0000000089d00000, 0x0000000089e00000|  0%| F|  |TAMS 0x0000000089d00000, 0x0000000089d00000| Untracked 
| 158|0x0000000089e00000, 0x0000000089e00000, 0x0000000089f00000|  0%| F|  |TAMS 0x0000000089e00000, 0x0000000089e00000| Untracked 
| 159|0x0000000089f00000, 0x0000000089f00000, 0x000000008a000000|  0%| F|  |TAMS 0x0000000089f00000, 0x0000000089f00000| Untracked 
| 160|0x000000008a000000, 0x000000008a000000, 0x000000008a100000|  0%| F|  |TAMS 0x000000008a000000, 0x000000008a000000| Untracked 
| 161|0x000000008a100000, 0x000000008a100000, 0x000000008a200000|  0%| F|  |TAMS 0x000000008a100000, 0x000000008a100000| Untracked 
| 162|0x000000008a200000, 0x000000008a200000, 0x000000008a300000|  0%| F|  |TAMS 0x000000008a200000, 0x000000008a200000| Untracked 
| 163|0x000000008a300000, 0x000000008a300000, 0x000000008a400000|  0%| F|  |TAMS 0x000000008a300000, 0x000000008a300000| Untracked 
| 164|0x000000008a400000, 0x000000008a400000, 0x000000008a500000|  0%| F|  |TAMS 0x000000008a400000, 0x000000008a400000| Untracked 
| 165|0x000000008a500000, 0x000000008a500000, 0x000000008a600000|  0%| F|  |TAMS 0x000000008a500000, 0x000000008a500000| Untracked 
| 166|0x000000008a600000, 0x000000008a600000, 0x000000008a700000|  0%| F|  |TAMS 0x000000008a600000, 0x000000008a600000| Untracked 
| 167|0x000000008a700000, 0x000000008a700000, 0x000000008a800000|  0%| F|  |TAMS 0x000000008a700000, 0x000000008a700000| Untracked 
| 168|0x000000008a800000, 0x000000008a800000, 0x000000008a900000|  0%| F|  |TAMS 0x000000008a800000, 0x000000008a800000| Untracked 
| 169|0x000000008a900000, 0x000000008a900000, 0x000000008aa00000|  0%| F|  |TAMS 0x000000008a900000, 0x000000008a900000| Untracked 
| 170|0x000000008aa00000, 0x000000008aa00000, 0x000000008ab00000|  0%| F|  |TAMS 0x000000008aa00000, 0x000000008aa00000| Untracked 
| 171|0x000000008ab00000, 0x000000008ab00000, 0x000000008ac00000|  0%| F|  |TAMS 0x000000008ab00000, 0x000000008ab00000| Untracked 
| 172|0x000000008ac00000, 0x000000008ac00000, 0x000000008ad00000|  0%| F|  |TAMS 0x000000008ac00000, 0x000000008ac00000| Untracked 
| 173|0x000000008ad00000, 0x000000008ad00000, 0x000000008ae00000|  0%| F|  |TAMS 0x000000008ad00000, 0x000000008ad00000| Untracked 
| 174|0x000000008ae00000, 0x000000008ae00000, 0x000000008af00000|  0%| F|  |TAMS 0x000000008ae00000, 0x000000008ae00000| Untracked 
| 175|0x000000008af00000, 0x000000008af00000, 0x000000008b000000|  0%| F|  |TAMS 0x000000008af00000, 0x000000008af00000| Untracked 
| 176|0x000000008b000000, 0x000000008b000000, 0x000000008b100000|  0%| F|  |TAMS 0x000000008b000000, 0x000000008b000000| Untracked 
| 177|0x000000008b100000, 0x000000008b100000, 0x000000008b200000|  0%| F|  |TAMS 0x000000008b100000, 0x000000008b100000| Untracked 
| 178|0x000000008b200000, 0x000000008b200000, 0x000000008b300000|  0%| F|  |TAMS 0x000000008b200000, 0x000000008b200000| Untracked 
| 179|0x000000008b300000, 0x000000008b300000, 0x000000008b400000|  0%| F|  |TAMS 0x000000008b300000, 0x000000008b300000| Untracked 
| 180|0x000000008b400000, 0x000000008b400000, 0x000000008b500000|  0%| F|  |TAMS 0x000000008b400000, 0x000000008b400000| Untracked 
| 181|0x000000008b500000, 0x000000008b500000, 0x000000008b600000|  0%| F|  |TAMS 0x000000008b500000, 0x000000008b500000| Untracked 
| 182|0x000000008b600000, 0x000000008b600000, 0x000000008b700000|  0%| F|  |TAMS 0x000000008b600000, 0x000000008b600000| Untracked 
| 183|0x000000008b700000, 0x000000008b700000, 0x000000008b800000|  0%| F|  |TAMS 0x000000008b700000, 0x000000008b700000| Untracked 
| 184|0x000000008b800000, 0x000000008b800000, 0x000000008b900000|  0%| F|  |TAMS 0x000000008b800000, 0x000000008b800000| Untracked 
| 185|0x000000008b900000, 0x000000008b900000, 0x000000008ba00000|  0%| F|  |TAMS 0x000000008b900000, 0x000000008b900000| Untracked 
| 186|0x000000008ba00000, 0x000000008ba00000, 0x000000008bb00000|  0%| F|  |TAMS 0x000000008ba00000, 0x000000008ba00000| Untracked 
| 187|0x000000008bb00000, 0x000000008bb00000, 0x000000008bc00000|  0%| F|  |TAMS 0x000000008bb00000, 0x000000008bb00000| Untracked 
| 188|0x000000008bc00000, 0x000000008bc00000, 0x000000008bd00000|  0%| F|  |TAMS 0x000000008bc00000, 0x000000008bc00000| Untracked 
| 189|0x000000008bd00000, 0x000000008bd00000, 0x000000008be00000|  0%| F|  |TAMS 0x000000008bd00000, 0x000000008bd00000| Untracked 
| 190|0x000000008be00000, 0x000000008be00000, 0x000000008bf00000|  0%| F|  |TAMS 0x000000008be00000, 0x000000008be00000| Untracked 
| 191|0x000000008bf00000, 0x000000008bf00000, 0x000000008c000000|  0%| F|  |TAMS 0x000000008bf00000, 0x000000008bf00000| Untracked 
| 192|0x000000008c000000, 0x000000008c000000, 0x000000008c100000|  0%| F|  |TAMS 0x000000008c000000, 0x000000008c000000| Untracked 
| 193|0x000000008c100000, 0x000000008c100000, 0x000000008c200000|  0%| F|  |TAMS 0x000000008c100000, 0x000000008c100000| Untracked 
| 194|0x000000008c200000, 0x000000008c200000, 0x000000008c300000|  0%| F|  |TAMS 0x000000008c200000, 0x000000008c200000| Untracked 
| 195|0x000000008c300000, 0x000000008c300000, 0x000000008c400000|  0%| F|  |TAMS 0x000000008c300000, 0x000000008c300000| Untracked 
| 196|0x000000008c400000, 0x000000008c400000, 0x000000008c500000|  0%| F|  |TAMS 0x000000008c400000, 0x000000008c400000| Untracked 
| 197|0x000000008c500000, 0x000000008c500000, 0x000000008c600000|  0%| F|  |TAMS 0x000000008c500000, 0x000000008c500000| Untracked 
| 198|0x000000008c600000, 0x000000008c600000, 0x000000008c700000|  0%| F|  |TAMS 0x000000008c600000, 0x000000008c600000| Untracked 
| 199|0x000000008c700000, 0x000000008c700000, 0x000000008c800000|  0%| F|  |TAMS 0x000000008c700000, 0x000000008c700000| Untracked 
| 200|0x000000008c800000, 0x000000008c800000, 0x000000008c900000|  0%| F|  |TAMS 0x000000008c800000, 0x000000008c800000| Untracked 
| 201|0x000000008c900000, 0x000000008c900000, 0x000000008ca00000|  0%| F|  |TAMS 0x000000008c900000, 0x000000008c900000| Untracked 
| 202|0x000000008ca00000, 0x000000008ca00000, 0x000000008cb00000|  0%| F|  |TAMS 0x000000008ca00000, 0x000000008ca00000| Untracked 
| 203|0x000000008cb00000, 0x000000008cb00000, 0x000000008cc00000|  0%| F|  |TAMS 0x000000008cb00000, 0x000000008cb00000| Untracked 
| 204|0x000000008cc00000, 0x000000008cc00000, 0x000000008cd00000|  0%| F|  |TAMS 0x000000008cc00000, 0x000000008cc00000| Untracked 
| 205|0x000000008cd00000, 0x000000008cd00000, 0x000000008ce00000|  0%| F|  |TAMS 0x000000008cd00000, 0x000000008cd00000| Untracked 
| 206|0x000000008ce00000, 0x000000008ce00000, 0x000000008cf00000|  0%| F|  |TAMS 0x000000008ce00000, 0x000000008ce00000| Untracked 
| 207|0x000000008cf00000, 0x000000008cf00000, 0x000000008d000000|  0%| F|  |TAMS 0x000000008cf00000, 0x000000008cf00000| Untracked 
| 208|0x000000008d000000, 0x000000008d000000, 0x000000008d100000|  0%| F|  |TAMS 0x000000008d000000, 0x000000008d000000| Untracked 
| 209|0x000000008d100000, 0x000000008d100000, 0x000000008d200000|  0%| F|  |TAMS 0x000000008d100000, 0x000000008d100000| Untracked 
| 210|0x000000008d200000, 0x000000008d200000, 0x000000008d300000|  0%| F|  |TAMS 0x000000008d200000, 0x000000008d200000| Untracked 
| 211|0x000000008d300000, 0x000000008d300000, 0x000000008d400000|  0%| F|  |TAMS 0x000000008d300000, 0x000000008d300000| Untracked 
| 212|0x000000008d400000, 0x000000008d400000, 0x000000008d500000|  0%| F|  |TAMS 0x000000008d400000, 0x000000008d400000| Untracked 
| 213|0x000000008d500000, 0x000000008d500000, 0x000000008d600000|  0%| F|  |TAMS 0x000000008d500000, 0x000000008d500000| Untracked 
| 214|0x000000008d600000, 0x000000008d600000, 0x000000008d700000|  0%| F|  |TAMS 0x000000008d600000, 0x000000008d600000| Untracked 
| 215|0x000000008d700000, 0x000000008d700000, 0x000000008d800000|  0%| F|  |TAMS 0x000000008d700000, 0x000000008d700000| Untracked 
| 216|0x000000008d800000, 0x000000008d800000, 0x000000008d900000|  0%| F|  |TAMS 0x000000008d800000, 0x000000008d800000| Untracked 
| 217|0x000000008d900000, 0x000000008d900000, 0x000000008da00000|  0%| F|  |TAMS 0x000000008d900000, 0x000000008d900000| Untracked 
| 218|0x000000008da00000, 0x000000008da00000, 0x000000008db00000|  0%| F|  |TAMS 0x000000008da00000, 0x000000008da00000| Untracked 
| 219|0x000000008db00000, 0x000000008db00000, 0x000000008dc00000|  0%| F|  |TAMS 0x000000008db00000, 0x000000008db00000| Untracked 
| 220|0x000000008dc00000, 0x000000008dc00000, 0x000000008dd00000|  0%| F|  |TAMS 0x000000008dc00000, 0x000000008dc00000| Untracked 
| 221|0x000000008dd00000, 0x000000008dd00000, 0x000000008de00000|  0%| F|  |TAMS 0x000000008dd00000, 0x000000008dd00000| Untracked 
| 222|0x000000008de00000, 0x000000008de00000, 0x000000008df00000|  0%| F|  |TAMS 0x000000008de00000, 0x000000008de00000| Untracked 
| 223|0x000000008df00000, 0x000000008df00000, 0x000000008e000000|  0%| F|  |TAMS 0x000000008df00000, 0x000000008df00000| Untracked 
| 224|0x000000008e000000, 0x000000008e000000, 0x000000008e100000|  0%| F|  |TAMS 0x000000008e000000, 0x000000008e000000| Untracked 
| 225|0x000000008e100000, 0x000000008e100000, 0x000000008e200000|  0%| F|  |TAMS 0x000000008e100000, 0x000000008e100000| Untracked 
| 226|0x000000008e200000, 0x000000008e200000, 0x000000008e300000|  0%| F|  |TAMS 0x000000008e200000, 0x000000008e200000| Untracked 
| 227|0x000000008e300000, 0x000000008e300000, 0x000000008e400000|  0%| F|  |TAMS 0x000000008e300000, 0x000000008e300000| Untracked 
| 228|0x000000008e400000, 0x000000008e400000, 0x000000008e500000|  0%| F|  |TAMS 0x000000008e400000, 0x000000008e400000| Untracked 
| 229|0x000000008e500000, 0x000000008e500000, 0x000000008e600000|  0%| F|  |TAMS 0x000000008e500000, 0x000000008e500000| Untracked 
| 230|0x000000008e600000, 0x000000008e600000, 0x000000008e700000|  0%| F|  |TAMS 0x000000008e600000, 0x000000008e600000| Untracked 
| 231|0x000000008e700000, 0x000000008e700000, 0x000000008e800000|  0%| F|  |TAMS 0x000000008e700000, 0x000000008e700000| Untracked 
| 232|0x000000008e800000, 0x000000008e800000, 0x000000008e900000|  0%| F|  |TAMS 0x000000008e800000, 0x000000008e800000| Untracked 
| 233|0x000000008e900000, 0x000000008e900000, 0x000000008ea00000|  0%| F|  |TAMS 0x000000008e900000, 0x000000008e900000| Untracked 
| 234|0x000000008ea00000, 0x000000008ea00000, 0x000000008eb00000|  0%| F|  |TAMS 0x000000008ea00000, 0x000000008ea00000| Untracked 
| 235|0x000000008eb00000, 0x000000008eb00000, 0x000000008ec00000|  0%| F|  |TAMS 0x000000008eb00000, 0x000000008eb00000| Untracked 
| 236|0x000000008ec00000, 0x000000008ec00000, 0x000000008ed00000|  0%| F|  |TAMS 0x000000008ec00000, 0x000000008ec00000| Untracked 
| 237|0x000000008ed00000, 0x000000008ed00000, 0x000000008ee00000|  0%| F|  |TAMS 0x000000008ed00000, 0x000000008ed00000| Untracked 
| 238|0x000000008ee00000, 0x000000008ee00000, 0x000000008ef00000|  0%| F|  |TAMS 0x000000008ee00000, 0x000000008ee00000| Untracked 
| 239|0x000000008ef00000, 0x000000008ef00000, 0x000000008f000000|  0%| F|  |TAMS 0x000000008ef00000, 0x000000008ef00000| Untracked 
| 240|0x000000008f000000, 0x000000008f000000, 0x000000008f100000|  0%| F|  |TAMS 0x000000008f000000, 0x000000008f000000| Untracked 
| 241|0x000000008f100000, 0x000000008f100000, 0x000000008f200000|  0%| F|  |TAMS 0x000000008f100000, 0x000000008f100000| Untracked 
| 242|0x000000008f200000, 0x000000008f200000, 0x000000008f300000|  0%| F|  |TAMS 0x000000008f200000, 0x000000008f200000| Untracked 
| 243|0x000000008f300000, 0x000000008f300000, 0x000000008f400000|  0%| F|  |TAMS 0x000000008f300000, 0x000000008f300000| Untracked 
| 244|0x000000008f400000, 0x000000008f400000, 0x000000008f500000|  0%| F|  |TAMS 0x000000008f400000, 0x000000008f400000| Untracked 
| 245|0x000000008f500000, 0x000000008f500000, 0x000000008f600000|  0%| F|  |TAMS 0x000000008f500000, 0x000000008f500000| Untracked 
| 246|0x000000008f600000, 0x000000008f600000, 0x000000008f700000|  0%| F|  |TAMS 0x000000008f600000, 0x000000008f600000| Untracked 
| 247|0x000000008f700000, 0x000000008f700000, 0x000000008f800000|  0%| F|  |TAMS 0x000000008f700000, 0x000000008f700000| Untracked 
| 248|0x000000008f800000, 0x000000008f800000, 0x000000008f900000|  0%| F|  |TAMS 0x000000008f800000, 0x000000008f800000| Untracked 
| 249|0x000000008f900000, 0x000000008f900000, 0x000000008fa00000|  0%| F|  |TAMS 0x000000008f900000, 0x000000008f900000| Untracked 
| 250|0x000000008fa00000, 0x000000008fa00000, 0x000000008fb00000|  0%| F|  |TAMS 0x000000008fa00000, 0x000000008fa00000| Untracked 
| 251|0x000000008fb00000, 0x000000008fb00000, 0x000000008fc00000|  0%| F|  |TAMS 0x000000008fb00000, 0x000000008fb00000| Untracked 
| 252|0x000000008fc00000, 0x000000008fc00000, 0x000000008fd00000|  0%| F|  |TAMS 0x000000008fc00000, 0x000000008fc00000| Untracked 
| 253|0x000000008fd00000, 0x000000008fd00000, 0x000000008fe00000|  0%| F|  |TAMS 0x000000008fd00000, 0x000000008fd00000| Untracked 
| 254|0x000000008fe00000, 0x000000008fe00000, 0x000000008ff00000|  0%| F|  |TAMS 0x000000008fe00000, 0x000000008fe00000| Untracked 
| 255|0x000000008ff00000, 0x000000008ff00000, 0x0000000090000000|  0%| F|  |TAMS 0x000000008ff00000, 0x000000008ff00000| Untracked 
| 256|0x0000000090000000, 0x0000000090000000, 0x0000000090100000|  0%| F|  |TAMS 0x0000000090000000, 0x0000000090000000| Untracked 
| 257|0x0000000090100000, 0x0000000090100000, 0x0000000090200000|  0%| F|  |TAMS 0x0000000090100000, 0x0000000090100000| Untracked 
| 258|0x0000000090200000, 0x0000000090200000, 0x0000000090300000|  0%| F|  |TAMS 0x0000000090200000, 0x0000000090200000| Untracked 
| 259|0x0000000090300000, 0x0000000090300000, 0x0000000090400000|  0%| F|  |TAMS 0x0000000090300000, 0x0000000090300000| Untracked 
| 260|0x0000000090400000, 0x0000000090400000, 0x0000000090500000|  0%| F|  |TAMS 0x0000000090400000, 0x0000000090400000| Untracked 
| 261|0x0000000090500000, 0x0000000090500000, 0x0000000090600000|  0%| F|  |TAMS 0x0000000090500000, 0x0000000090500000| Untracked 
| 262|0x0000000090600000, 0x0000000090600000, 0x0000000090700000|  0%| F|  |TAMS 0x0000000090600000, 0x0000000090600000| Untracked 
| 263|0x0000000090700000, 0x0000000090700000, 0x0000000090800000|  0%| F|  |TAMS 0x0000000090700000, 0x0000000090700000| Untracked 

Card table byte_map: [0x0000018a34a00000,0x0000018a34e00000] _byte_map_base: 0x0000018a34600000

Marking Bits (Prev, Next): (CMBitMap*) 0x0000018a210eed40, (CMBitMap*) 0x0000018a210eed08
 Prev Bits: [0x0000018a37200000, 0x0000018a39200000)
 Next Bits: [0x0000018a35200000, 0x0000018a37200000)

Polling page: 0x0000018a1f800000

Metaspace:

Usage:
  Non-class:     84.86 MB capacity,    83.35 MB ( 98%) used,     1.23 MB (  1%) free+waste,   284.69 KB ( <1%) overhead. 
      Class:     13.21 MB capacity,    12.35 MB ( 93%) used,   756.34 KB (  6%) free+waste,   127.06 KB ( <1%) overhead. 
       Both:     98.07 MB capacity,    95.71 MB ( 98%) used,     1.97 MB (  2%) free+waste,   411.75 KB ( <1%) overhead. 

Virtual space:
  Non-class space:       86.00 MB reserved,      85.50 MB (>99%) committed 
      Class space:        1.00 GB reserved,      13.53 MB (  1%) committed 
             Both:        1.08 GB reserved,      99.03 MB (  9%) committed 

Chunk freelists:
   Non-Class:  464.00 KB
       Class:  262.00 KB
        Both:  726.00 KB

MaxMetaspaceSize: 17179869184.00 GB
CompressedClassSpaceSize: 1.00 GB

CodeHeap 'non-profiled nmethods': size=120000Kb used=6669Kb max_used=6669Kb free=113330Kb
 bounds [0x0000018a2c670000, 0x0000018a2cd00000, 0x0000018a33ba0000]
CodeHeap 'profiled nmethods': size=120000Kb used=32717Kb max_used=32717Kb free=87282Kb
 bounds [0x0000018a25140000, 0x0000018a27140000, 0x0000018a2c670000]
CodeHeap 'non-nmethods': size=5760Kb used=2304Kb max_used=2367Kb free=3455Kb
 bounds [0x0000018a24ba0000, 0x0000018a24e10000, 0x0000018a25140000]
 total_blobs=13974 nmethods=13063 adapters=821
 compilation: enabled
              stopped_count=0, restarted_count=0
 full_count=0

Compilation events (20 events):
Event: 21.059 Thread 0x0000018a3bc7c000 13431       2       com.android.tools.r8.internal.r4::a (30 bytes)
Event: 21.060 Thread 0x0000018a3bc7c000 nmethod 13431 0x0000018a2712ef90 code [0x0000018a2712f1a0, 0x0000018a2712f6a8]
Event: 21.060 Thread 0x0000018a3bc7c000 13432       2       com.android.tools.r8.internal.Lv::a (12 bytes)
Event: 21.060 Thread 0x0000018a3bc7c000 nmethod 13432 0x0000018a2712fa10 code [0x0000018a2712fbc0, 0x0000018a2712fce8]
Event: 21.064 Thread 0x0000018a3bc7c000 13435       2       com.android.tools.r8.internal.r4::a (39 bytes)
Event: 21.065 Thread 0x0000018a3bc7c000 nmethod 13435 0x0000018a2712fd90 code [0x0000018a27130000, 0x0000018a271308c8]
Event: 21.065 Thread 0x0000018a3bc7c000 13436       2       com.android.tools.r8.internal.Le::a (53 bytes)
Event: 21.066 Thread 0x0000018a3bc7c000 nmethod 13436 0x0000018a27130e10 code [0x0000018a27131000, 0x0000018a271312a8]
Event: 21.066 Thread 0x0000018a3bc7c000 13437       2       com.android.tools.r8.internal.Bg::<init> (12 bytes)
Event: 21.066 Thread 0x0000018a3bc7c000 nmethod 13437 0x0000018a27131410 code [0x0000018a271315c0, 0x0000018a27131728]
Event: 21.088 Thread 0x0000018a3bc77800 nmethod 13429 0x0000018a2ccf1d90 code [0x0000018a2ccf2000, 0x0000018a2ccf2c38]
Event: 21.088 Thread 0x0000018a3bc77800 13378       4       com.android.tools.r8.internal.Lv::a (270 bytes)
Event: 21.097 Thread 0x0000018a3bc7c000 13438       2       com.android.tools.r8.internal.Bg::a (57 bytes)
Event: 21.098 Thread 0x0000018a3bc7c000 nmethod 13438 0x0000018a27131810 code [0x0000018a27131a00, 0x0000018a27131d08]
Event: 21.098 Thread 0x0000018a3bc7c000 13439       2       com.android.tools.r8.internal.Bg::f2 (14 bytes)
Event: 21.098 Thread 0x0000018a3bc7c000 nmethod 13439 0x0000018a27131f90 code [0x0000018a27132140, 0x0000018a271322a8]
Event: 21.135 Thread 0x0000018a3bc7c000 13441       2       com.android.tools.r8.internal.fj::a (53 bytes)
Event: 21.136 Thread 0x0000018a3bc7c000 nmethod 13441 0x0000018a27132390 code [0x0000018a27132540, 0x0000018a271326e8]
Event: 21.136 Thread 0x0000018a3bc7c000 13442       2       com.android.tools.r8.internal.fj::b (199 bytes)
Event: 21.138 Thread 0x0000018a3bc7c000 nmethod 13442 0x0000018a27132810 code [0x0000018a27132a60, 0x0000018a27132f88]

GC Heap History (20 events):
Event: 17.745 GC heap after
{Heap after GC invocations=26 (full 0):
 garbage-first heap   total 225280K, used 89088K [0x0000000080000000, 0x0000000100000000)
  region size 1024K, 3 young (3072K), 3 survivors (3072K)
 Metaspace       used 97333K, capacity 99947K, committed 100044K, reserved 1136640K
  class space    used 12715K, capacity 13687K, committed 13772K, reserved 1048576K
}
Event: 18.121 GC heap before
{Heap before GC invocations=26 (full 0):
 garbage-first heap   total 225280K, used 182272K [0x0000000080000000, 0x0000000100000000)
  region size 1024K, 94 young (96256K), 3 survivors (3072K)
 Metaspace       used 97523K, capacity 100116K, committed 100300K, reserved 1136640K
  class space    used 12724K, capacity 13720K, committed 13772K, reserved 1048576K
}
Event: 18.128 GC heap after
{Heap after GC invocations=27 (full 0):
 garbage-first heap   total 225280K, used 90180K [0x0000000080000000, 0x0000000100000000)
  region size 1024K, 5 young (5120K), 5 survivors (5120K)
 Metaspace       used 97523K, capacity 100116K, committed 100300K, reserved 1136640K
  class space    used 12724K, capacity 13720K, committed 13772K, reserved 1048576K
}
Event: 18.439 GC heap before
{Heap before GC invocations=27 (full 0):
 garbage-first heap   total 225280K, used 183364K [0x0000000080000000, 0x0000000100000000)
  region size 1024K, 96 young (98304K), 5 survivors (5120K)
 Metaspace       used 97826K, capacity 100448K, committed 100556K, reserved 1136640K
  class space    used 12733K, capacity 13720K, committed 13772K, reserved 1048576K
}
Event: 18.447 GC heap after
{Heap after GC invocations=28 (full 0):
 garbage-first heap   total 225280K, used 91136K [0x0000000080000000, 0x0000000100000000)
  region size 1024K, 5 young (5120K), 5 survivors (5120K)
 Metaspace       used 97826K, capacity 100448K, committed 100556K, reserved 1136640K
  class space    used 12733K, capacity 13720K, committed 13772K, reserved 1048576K
}
Event: 18.757 GC heap before
{Heap before GC invocations=28 (full 0):
 garbage-first heap   total 225280K, used 185344K [0x0000000080000000, 0x0000000100000000)
  region size 1024K, 97 young (99328K), 5 survivors (5120K)
 Metaspace       used 97961K, capacity 100588K, committed 100812K, reserved 1136640K
  class space    used 12733K, capacity 13720K, committed 13772K, reserved 1048576K
}
Event: 18.765 GC heap after
{Heap after GC invocations=29 (full 0):
 garbage-first heap   total 225280K, used 92138K [0x0000000080000000, 0x0000000100000000)
  region size 1024K, 6 young (6144K), 6 survivors (6144K)
 Metaspace       used 97961K, capacity 100588K, committed 100812K, reserved 1136640K
  class space    used 12733K, capacity 13720K, committed 13772K, reserved 1048576K
}
Event: 19.021 GC heap before
{Heap before GC invocations=29 (full 0):
 garbage-first heap   total 225280K, used 187370K [0x0000000080000000, 0x0000000100000000)
  region size 1024K, 99 young (101376K), 6 survivors (6144K)
 Metaspace       used 98021K, capacity 100671K, committed 100812K, reserved 1136640K
  class space    used 12735K, capacity 13724K, committed 13772K, reserved 1048576K
}
Event: 19.032 GC heap after
{Heap after GC invocations=30 (full 0):
 garbage-first heap   total 225280K, used 92832K [0x0000000080000000, 0x0000000100000000)
  region size 1024K, 7 young (7168K), 7 survivors (7168K)
 Metaspace       used 98021K, capacity 100671K, committed 100812K, reserved 1136640K
  class space    used 12735K, capacity 13724K, committed 13772K, reserved 1048576K
}
Event: 19.268 GC heap before
{Heap before GC invocations=30 (full 0):
 garbage-first heap   total 225280K, used 188064K [0x0000000080000000, 0x0000000100000000)
  region size 1024K, 100 young (102400K), 7 survivors (7168K)
 Metaspace       used 98043K, capacity 100685K, committed 100812K, reserved 1136640K
  class space    used 12737K, capacity 13728K, committed 13772K, reserved 1048576K
}
Event: 19.277 GC heap after
{Heap after GC invocations=31 (full 0):
 garbage-first heap   total 225280K, used 93640K [0x0000000080000000, 0x0000000100000000)
  region size 1024K, 8 young (8192K), 8 survivors (8192K)
 Metaspace       used 98043K, capacity 100685K, committed 100812K, reserved 1136640K
  class space    used 12737K, capacity 13728K, committed 13772K, reserved 1048576K
}
Event: 19.519 GC heap before
{Heap before GC invocations=31 (full 0):
 garbage-first heap   total 225280K, used 189896K [0x0000000080000000, 0x0000000100000000)
  region size 1024K, 102 young (104448K), 8 survivors (8192K)
 Metaspace       used 98076K, capacity 100691K, committed 100812K, reserved 1136640K
  class space    used 12737K, capacity 13728K, committed 13772K, reserved 1048576K
}
Event: 19.532 GC heap after
{Heap after GC invocations=32 (full 0):
 garbage-first heap   total 270336K, used 94809K [0x0000000080000000, 0x0000000100000000)
  region size 1024K, 8 young (8192K), 8 survivors (8192K)
 Metaspace       used 98076K, capacity 100691K, committed 100812K, reserved 1136640K
  class space    used 12737K, capacity 13728K, committed 13772K, reserved 1048576K
}
Event: 19.892 GC heap before
{Heap before GC invocations=32 (full 0):
 garbage-first heap   total 270336K, used 226905K [0x0000000080000000, 0x0000000100000000)
  region size 1024K, 137 young (140288K), 8 survivors (8192K)
 Metaspace       used 98098K, capacity 100755K, committed 100812K, reserved 1136640K
  class space    used 12737K, capacity 13728K, committed 13772K, reserved 1048576K
}
Event: 19.904 GC heap after
{Heap after GC invocations=33 (full 0):
 garbage-first heap   total 270336K, used 95886K [0x0000000080000000, 0x0000000100000000)
  region size 1024K, 9 young (9216K), 9 survivors (9216K)
 Metaspace       used 98098K, capacity 100755K, committed 100812K, reserved 1136640K
  class space    used 12737K, capacity 13728K, committed 13772K, reserved 1048576K
}
Event: 20.082 GC heap before
{Heap before GC invocations=33 (full 0):
 garbage-first heap   total 270336K, used 168590K [0x0000000080000000, 0x0000000100000000)
  region size 1024K, 81 young (82944K), 9 survivors (9216K)
 Metaspace       used 98154K, capacity 100757K, committed 100812K, reserved 1136640K
  class space    used 12740K, capacity 13728K, committed 13772K, reserved 1048576K
}
Event: 20.100 GC heap after
{Heap after GC invocations=34 (full 0):
 garbage-first heap   total 270336K, used 97246K [0x0000000080000000, 0x0000000100000000)
  region size 1024K, 11 young (11264K), 11 survivors (11264K)
 Metaspace       used 98154K, capacity 100757K, committed 100812K, reserved 1136640K
  class space    used 12740K, capacity 13728K, committed 13772K, reserved 1048576K
}
Event: 20.730 GC heap before
{Heap before GC invocations=35 (full 0):
 garbage-first heap   total 270336K, used 212958K [0x0000000080000000, 0x0000000100000000)
  region size 1024K, 124 young (126976K), 11 survivors (11264K)
 Metaspace       used 98001K, capacity 100425K, committed 101408K, reserved 1136640K
  class space    used 12646K, capacity 13530K, committed 13856K, reserved 1048576K
}
Event: 20.749 GC heap after
{Heap after GC invocations=36 (full 0):
 garbage-first heap   total 270336K, used 93790K [0x0000000080000000, 0x0000000100000000)
  region size 1024K, 6 young (6144K), 6 survivors (6144K)
 Metaspace       used 98001K, capacity 100425K, committed 101408K, reserved 1136640K
  class space    used 12646K, capacity 13530K, committed 13856K, reserved 1048576K
}
Event: 21.139 GC heap before
{Heap before GC invocations=37 (full 0):
 garbage-first heap   total 270336K, used 215646K [0x0000000080000000, 0x0000000100000000)
  region size 1024K, 125 young (128000K), 6 survivors (6144K)
 Metaspace       used 98002K, capacity 100426K, committed 101408K, reserved 1136640K
  class space    used 12646K, capacity 13530K, committed 13856K, reserved 1048576K
}

Deoptimization events (20 events):
Event: 20.143 Thread 0x0000018a421bc000 Uncommon trap: trap_request=0xffffff6e fr.pc=0x0000018a2cae6338 relative=0x0000000000000758
Event: 20.143 Thread 0x0000018a421bc000 Uncommon trap: reason=speculate_class_check action=maybe_recompile pc=0x0000018a2cae6338 method=sun.security.provider.DigestBase.implCompressMultiBlock([BII)I @ 11 c2
Event: 20.143 Thread 0x0000018a421bc000 DEOPT PACKING pc=0x0000018a2cae6338 sp=0x00000006c33f98e0
Event: 20.143 Thread 0x0000018a421bc000 DEOPT UNPACKING pc=0x0000018a24bc78af sp=0x00000006c33f9818 mode 2
Event: 20.254 Thread 0x0000018a421be800 Uncommon trap: trap_request=0xffffff6e fr.pc=0x0000018a2cae6338 relative=0x0000000000000758
Event: 20.254 Thread 0x0000018a421be800 Uncommon trap: reason=speculate_class_check action=maybe_recompile pc=0x0000018a2cae6338 method=sun.security.provider.DigestBase.implCompressMultiBlock([BII)I @ 11 c2
Event: 20.254 Thread 0x0000018a421be800 DEOPT PACKING pc=0x0000018a2cae6338 sp=0x00000006c38f9270
Event: 20.254 Thread 0x0000018a421be800 DEOPT UNPACKING pc=0x0000018a24bc78af sp=0x00000006c38f91a8 mode 2
Event: 20.302 Thread 0x0000018a421bc000 Uncommon trap: trap_request=0xfffffff4 fr.pc=0x0000018a2ccdfa34 relative=0x00000000000063f4
Event: 20.302 Thread 0x0000018a421bc000 Uncommon trap: reason=null_check action=make_not_entrant pc=0x0000018a2ccdfa34 method=com.android.tools.r8.internal.h2.b(ILcom/android/tools/r8/internal/h2$c;)Lcom/android/tools/r8/internal/NG; @ 23 c2
Event: 20.302 Thread 0x0000018a421bc000 DEOPT PACKING pc=0x0000018a2ccdfa34 sp=0x00000006c33f92d0
Event: 20.302 Thread 0x0000018a421bc000 DEOPT UNPACKING pc=0x0000018a24bc78af sp=0x00000006c33f92d8 mode 2
Event: 20.305 Thread 0x0000018a421be800 DEOPT PACKING pc=0x0000018a26562a01 sp=0x00000006c38f8cd0
Event: 20.305 Thread 0x0000018a421be800 DEOPT UNPACKING pc=0x0000018a24bc76ce sp=0x00000006c38f8460 mode 0
Event: 20.656 Thread 0x0000018a421be800 DEOPT PACKING pc=0x0000018a26562a01 sp=0x00000006c38f8cd0
Event: 20.656 Thread 0x0000018a421be800 DEOPT UNPACKING pc=0x0000018a24bc76ce sp=0x00000006c38f8460 mode 0
Event: 20.970 Thread 0x0000018a421bc000 DEOPT PACKING pc=0x0000018a26f029ed sp=0x00000006c33f93e0
Event: 20.970 Thread 0x0000018a421bc000 DEOPT UNPACKING pc=0x0000018a24bc76ce sp=0x00000006c33f8920 mode 0
Event: 20.980 Thread 0x0000018a421be800 DEOPT PACKING pc=0x0000018a26767638 sp=0x00000006c38f9430
Event: 20.980 Thread 0x0000018a421be800 DEOPT UNPACKING pc=0x0000018a24bc76ce sp=0x00000006c38f89d8 mode 0

Classes redefined (0 events):
No events

Internal exceptions (20 events):
Event: 15.083 Thread 0x0000018a421bc000 Exception <a 'java/lang/IncompatibleClassChangeError'{0x000000008d23caa8}: Found class java.lang.Object, but interface was expected> (0x000000008d23caa8) thrown at [./src/hotspot/share/interpreter/linkResolver.cpp, line 839]
Event: 15.083 Thread 0x0000018a421be800 Exception <a 'java/lang/IncompatibleClassChangeError'{0x000000008d2a4248}: Found class java.lang.Object, but interface was expected> (0x000000008d2a4248) thrown at [./src/hotspot/share/interpreter/linkResolver.cpp, line 839]
Event: 15.089 Thread 0x0000018a421be800 Exception <a 'java/lang/NoSuchMethodError'{0x000000008d2e64f0}: 'int java.lang.invoke.DirectMethodHandle$Holder.invokeVirtual(java.lang.Object, java.lang.Object, java.lang.Object)'> (0x000000008d2e64f0) thrown at [./src/hotspot/share/interpreter/linkResolver.cpp, line 773]
Event: 15.457 Thread 0x0000018a421bc000 Exception <a 'java/lang/NoSuchMethodError'{0x000000008ac64158}: 'java.lang.Object java.lang.invoke.DirectMethodHandle$Holder.invokeStatic(java.lang.Object, int, java.lang.Object, java.lang.Object)'> (0x000000008ac64158) thrown at [./src/hotspot/share/interpreter/linkResolver.cpp, line 773]
Event: 15.457 Thread 0x0000018a421be800 Exception <a 'java/lang/NoSuchMethodError'{0x000000008ac25860}: 'java.lang.Object java.lang.invoke.DirectMethodHandle$Holder.invokeStatic(java.lang.Object, int, java.lang.Object, java.lang.Object)'> (0x000000008ac25860) thrown at [./src/hotspot/share/interpreter/linkResolver.cpp, line 773]
Event: 15.495 Thread 0x0000018a421be800 Exception <a 'java/lang/NoSuchMethodError'{0x000000008aa50c88}: 'java.lang.Object java.lang.invoke.Invokers$Holder.linkToTargetMethod(java.lang.Object, java.lang.Object, java.lang.Object, java.lang.Object, java.lang.Object, java.lang.Object, java.lang.Object)'> (0x000000008aa50c88) thrown at [./src/hotspot/share/interpreter/linkResolver.cpp, line 773]
Event: 15.495 Thread 0x0000018a421bc000 Exception <a 'java/lang/NoSuchMethodError'{0x000000008aa14038}: 'java.lang.Object java.lang.invoke.Invokers$Holder.linkToTargetMethod(java.lang.Object, java.lang.Object, java.lang.Object, java.lang.Object, java.lang.Object, java.lang.Object, java.lang.Object)'> (0x000000008aa14038) thrown at [./src/hotspot/share/interpreter/linkResolver.cpp, line 773]
Event: 15.561 Thread 0x0000018a421be800 Exception <a 'java/lang/NoSuchMethodError'{0x000000008a795f88}: 'java.lang.Object java.lang.invoke.DirectMethodHandle$Holder.invokeVirtual(java.lang.Object, java.lang.Object, int, java.lang.Object)'> (0x000000008a795f88) thrown at [./src/hotspot/share/interpreter/linkResolver.cpp, line 773]
Event: 15.572 Thread 0x0000018a421bc000 Exception <a 'java/lang/IncompatibleClassChangeError'{0x000000008a618248}: Found class java.lang.Object, but interface was expected> (0x000000008a618248) thrown at [./src/hotspot/share/interpreter/linkResolver.cpp, line 839]
Event: 15.573 Thread 0x0000018a421bc000 Exception <a 'java/lang/IncompatibleClassChangeError'{0x000000008a622ba0}: Found class java.lang.Object, but interface was expected> (0x000000008a622ba0) thrown at [./src/hotspot/share/interpreter/linkResolver.cpp, line 839]
Event: 15.591 Thread 0x0000018a421be800 Exception <a 'java/lang/NoSuchMethodError'{0x000000008a6c7940}: 'void java.lang.invoke.DirectMethodHandle$Holder.invokeVirtual(java.lang.Object, java.lang.Object, int, java.lang.Object)'> (0x000000008a6c7940) thrown at [./src/hotspot/share/interpreter/linkResolver.cpp, line 773]
Event: 15.653 Thread 0x0000018a421bc000 Exception <a 'java/lang/NoSuchMethodError'{0x000000008a1994d0}: 'java.lang.Object java.lang.invoke.DirectMethodHandle$Holder.invokeInterface(java.lang.Object, java.lang.Object, int)'> (0x000000008a1994d0) thrown at [./src/hotspot/share/interpreter/linkResolver.cpp, line 773]
Event: 15.661 Thread 0x0000018a421be800 Exception <a 'java/lang/NoSuchMethodError'{0x000000008a1da210}: 'java.lang.Object java.lang.invoke.DirectMethodHandle$Holder.newInvokeSpecial(java.lang.Object, int)'> (0x000000008a1da210) thrown at [./src/hotspot/share/interpreter/linkResolver.cpp, line 773]
Event: 16.202 Thread 0x0000018a421be800 Exception <a 'java/lang/NoSuchMethodError'{0x000000008c24a690}: 'int java.lang.invoke.DirectMethodHandle$Holder.invokeInterface(java.lang.Object, java.lang.Object, int)'> (0x000000008c24a690) thrown at [./src/hotspot/share/interpreter/linkResolver.cpp, line 773]
Event: 19.153 Thread 0x0000018a421bc000 Implicit null exception at 0x0000018a2cc9cd34 to 0x0000018a2cca2d88
Event: 19.701 Thread 0x0000018a421be800 Implicit null exception at 0x0000018a2cccac34 to 0x0000018a2cccfe00
Event: 20.115 Thread 0x0000018a421bc000 Exception <a 'java/lang/NoSuchMethodError'{0x00000000907fd130}: 'java.lang.Object java.lang.invoke.DirectMethodHandle$Holder.invokeSpecial(java.lang.Object, java.lang.Object, java.lang.Object, java.lang.Object, java.lang.Object, java.lang.Object, java.lang.Object, java.lang.Object, java.lang.Object, java.lang.Object, java.lang.Object)'> (0x00000000907fd130) thrown at [./src/hotspot/share/interpreter/linkResolver.cpp, line 773]
Event: 20.116 Thread 0x0000018a421bc000 Exception <a 'java/lang/NoSuchMethodError'{0x0000000090589670}: 'java.lang.Object java.lang.invoke.Invokers$Holder.linkToTargetMethod(java.lang.Object, java.lang.Object, java.lang.Object, java.lang.Object, java.lang.Object, java.lang.Object, java.lang.Object, java.lang.Object, java.lang.Object, java.lang.Object)'> (0x0000000090589670) thrown at [./src/hotspot/share/interpreter/linkResolver.cpp, line 773]
Event: 20.126 Thread 0x0000018a421bc000 Exception <a 'java/lang/IncompatibleClassChangeError'{0x00000000905de160}: Found class java.lang.Object, but interface was expected> (0x00000000905de160) thrown at [./src/hotspot/share/interpreter/linkResolver.cpp, line 839]
Event: 20.302 Thread 0x0000018a421bc000 Implicit null exception at 0x0000018a2ccda817 to 0x0000018a2ccdfa18

Events (20 events):
Event: 20.256 loading class com/android/tools/r8/graph/d0 done
Event: 20.256 loading class com/android/tools/r8/internal/nd
Event: 20.256 loading class com/android/tools/r8/internal/nd done
Event: 20.316 Executing VM operation: CollectForMetadataAllocation
Event: 20.324 Executing VM operation: CollectForMetadataAllocation done
Event: 20.374 Executing VM operation: CGC_Operation
Event: 20.538 Executing VM operation: CGC_Operation done
Event: 20.555 Executing VM operation: ICBufferFull
Event: 20.556 Executing VM operation: ICBufferFull done
Event: 20.581 Executing VM operation: ICBufferFull
Event: 20.582 Executing VM operation: ICBufferFull done
Event: 20.635 Executing VM operation: CGC_Operation
Event: 20.637 Executing VM operation: CGC_Operation done
Event: 20.730 Executing VM operation: G1CollectForAllocation
Event: 20.749 Executing VM operation: G1CollectForAllocation done
Event: 20.908 Executing VM operation: CGC_Operation
Event: 20.917 Executing VM operation: CGC_Operation done
Event: 21.003 Executing VM operation: CGC_Operation
Event: 21.003 Executing VM operation: CGC_Operation done
Event: 21.139 Executing VM operation: G1CollectForAllocation


Dynamic libraries:
0x00007ff65eb10000 - 0x00007ff65eb1a000 	D:\AndroidStudioSetup\jre\bin\java.exe
0x00007ffd31510000 - 0x00007ffd31705000 	C:\WINDOWS\SYSTEM32\ntdll.dll
0x00007ffd30640000 - 0x00007ffd306fd000 	C:\WINDOWS\System32\KERNEL32.DLL
0x00007ffd2ec50000 - 0x00007ffd2ef19000 	C:\WINDOWS\System32\KERNELBASE.dll
0x00007ffd2ef20000 - 0x00007ffd2f020000 	C:\WINDOWS\System32\ucrtbase.dll
0x00007ffd29180000 - 0x00007ffd29199000 	D:\AndroidStudioSetup\jre\bin\jli.dll
0x00007ffd08580000 - 0x00007ffd08597000 	D:\AndroidStudioSetup\jre\bin\VCRUNTIME140.dll
0x00007ffd30f60000 - 0x00007ffd31100000 	C:\WINDOWS\System32\USER32.dll
0x00007ffd2f020000 - 0x00007ffd2f042000 	C:\WINDOWS\System32\win32u.dll
0x00007ffd0f850000 - 0x00007ffd0faea000 	C:\WINDOWS\WinSxS\amd64_microsoft.windows.common-controls_6595b64144ccf1df_6.0.19041.844_none_ca00b6081b84eb1d\COMCTL32.dll
0x00007ffd30a50000 - 0x00007ffd30aee000 	C:\WINDOWS\System32\msvcrt.dll
0x00007ffd308f0000 - 0x00007ffd3091a000 	C:\WINDOWS\System32\GDI32.dll
0x00007ffd2f460000 - 0x00007ffd2f56b000 	C:\WINDOWS\System32\gdi32full.dll
0x00007ffd2f3c0000 - 0x00007ffd2f45d000 	C:\WINDOWS\System32\msvcp_win.dll
0x00007ffd31440000 - 0x00007ffd31470000 	C:\WINDOWS\System32\IMM32.DLL
0x00007ffcfb980000 - 0x00007ffcfba1d000 	D:\AndroidStudioSetup\jre\bin\msvcp140.dll
0x00007ffce5150000 - 0x00007ffce5c1f000 	D:\AndroidStudioSetup\jre\bin\server\jvm.dll
0x00007ffd30100000 - 0x00007ffd301ac000 	C:\WINDOWS\System32\ADVAPI32.dll
0x00007ffd31320000 - 0x00007ffd313bc000 	C:\WINDOWS\System32\sechost.dll
0x00007ffd30510000 - 0x00007ffd3063b000 	C:\WINDOWS\System32\RPCRT4.dll
0x00007ffd31430000 - 0x00007ffd31438000 	C:\WINDOWS\System32\PSAPI.DLL
0x00007ffd20790000 - 0x00007ffd207b7000 	C:\WINDOWS\SYSTEM32\WINMM.dll
0x00007ffd18ac0000 - 0x00007ffd18ac9000 	C:\WINDOWS\SYSTEM32\WSOCK32.dll
0x00007ffd1dc80000 - 0x00007ffd1dc8a000 	C:\WINDOWS\SYSTEM32\VERSION.dll
0x00007ffd30700000 - 0x00007ffd3076b000 	C:\WINDOWS\System32\WS2_32.dll
0x00007ffd2d530000 - 0x00007ffd2d542000 	C:\WINDOWS\SYSTEM32\kernel.appcore.dll
0x00007ffd29000000 - 0x00007ffd29011000 	D:\AndroidStudioSetup\jre\bin\verify.dll
0x00007ffd2caa0000 - 0x00007ffd2cc84000 	C:\WINDOWS\SYSTEM32\DBGHELP.DLL
0x00007ffd1c570000 - 0x00007ffd1c59c000 	C:\WINDOWS\SYSTEM32\dbgcore.DLL
0x00007ffd2f080000 - 0x00007ffd2f100000 	C:\WINDOWS\System32\bcryptPrimitives.dll
0x00007ffd120c0000 - 0x00007ffd120e9000 	D:\AndroidStudioSetup\jre\bin\java.dll
0x00007ffd290b0000 - 0x00007ffd290bb000 	D:\AndroidStudioSetup\jre\bin\jimage.dll
0x00007ffd28690000 - 0x00007ffd286a8000 	D:\AndroidStudioSetup\jre\bin\zip.dll
0x00007ffd2f570000 - 0x00007ffd2fcb2000 	C:\WINDOWS\System32\SHELL32.dll
0x00007ffd2cd90000 - 0x00007ffd2d520000 	C:\WINDOWS\SYSTEM32\windows.storage.dll
0x00007ffd301b0000 - 0x00007ffd30505000 	C:\WINDOWS\System32\combase.dll
0x00007ffd2e5f0000 - 0x00007ffd2e61c000 	C:\WINDOWS\SYSTEM32\Wldp.dll
0x00007ffd30050000 - 0x00007ffd300fe000 	C:\WINDOWS\System32\SHCORE.dll
0x00007ffd313d0000 - 0x00007ffd31425000 	C:\WINDOWS\System32\shlwapi.dll
0x00007ffd2eb90000 - 0x00007ffd2ebaf000 	C:\WINDOWS\SYSTEM32\profapi.dll
0x00007ffd20410000 - 0x00007ffd2042a000 	D:\AndroidStudioSetup\jre\bin\net.dll
0x00007ffd24fd0000 - 0x00007ffd250dc000 	C:\WINDOWS\SYSTEM32\WINHTTP.dll
0x00007ffd2e370000 - 0x00007ffd2e3da000 	C:\WINDOWS\system32\mswsock.dll
0x00007ffd20200000 - 0x00007ffd20214000 	D:\AndroidStudioSetup\jre\bin\nio.dll
0x00007ffd29910000 - 0x00007ffd29937000 	C:\Users\27073\.gradle\native\8bec1ad78214c89d9ad589b4d07fe93259594b29d510b10fafb7a158f7737e5d\windows-amd64\native-platform.dll
0x00007ffcfc250000 - 0x00007ffcfc38d000 	C:\Users\27073\.gradle\native\53dbd7edfb1c66fb8903c78663c9afc45aea4f116125fa6feffd364cf09443e8\windows-amd64\native-platform-file-events.dll
0x00007ffd28fb0000 - 0x00007ffd28fba000 	D:\AndroidStudioSetup\jre\bin\management.dll
0x00007ffd28db0000 - 0x00007ffd28dbc000 	D:\AndroidStudioSetup\jre\bin\management_ext.dll
0x00007ffd2e550000 - 0x00007ffd2e568000 	C:\WINDOWS\SYSTEM32\CRYPTSP.dll
0x00007ffd2dd10000 - 0x00007ffd2dd44000 	C:\WINDOWS\system32\rsaenh.dll
0x00007ffd2f050000 - 0x00007ffd2f077000 	C:\WINDOWS\System32\bcrypt.dll
0x00007ffd2eb50000 - 0x00007ffd2eb7e000 	C:\WINDOWS\SYSTEM32\USERENV.dll
0x00007ffd2e540000 - 0x00007ffd2e54c000 	C:\WINDOWS\SYSTEM32\CRYPTBASE.dll
0x00007ffd2e060000 - 0x00007ffd2e09b000 	C:\WINDOWS\SYSTEM32\IPHLPAPI.DLL
0x00007ffd313c0000 - 0x00007ffd313c8000 	C:\WINDOWS\System32\NSI.dll
0x00007ffd26520000 - 0x00007ffd26537000 	C:\WINDOWS\SYSTEM32\dhcpcsvc6.DLL
0x00007ffd26660000 - 0x00007ffd2667d000 	C:\WINDOWS\SYSTEM32\dhcpcsvc.DLL
0x00007ffd2e0a0000 - 0x00007ffd2e16b000 	C:\WINDOWS\SYSTEM32\DNSAPI.dll

dbghelp: loaded successfully - version: 4.0.5 - missing functions: none
symbol engine: initialized successfully - sym options: 0x614 - pdb path: .;D:\AndroidStudioSetup\jre\bin;C:\WINDOWS\SYSTEM32;C:\WINDOWS\WinSxS\amd64_microsoft.windows.common-controls_6595b64144ccf1df_6.0.19041.844_none_ca00b6081b84eb1d;D:\AndroidStudioSetup\jre\bin\server;C:\Users\27073\.gradle\native\8bec1ad78214c89d9ad589b4d07fe93259594b29d510b10fafb7a158f7737e5d\windows-amd64;C:\Users\27073\.gradle\native\53dbd7edfb1c66fb8903c78663c9afc45aea4f116125fa6feffd364cf09443e8\windows-amd64

VM Arguments:
jvm_args: --add-opens=java.base/java.util=ALL-UNNAMED --add-opens=java.base/java.lang=ALL-UNNAMED --add-opens=java.base/java.lang.invoke=ALL-UNNAMED --add-opens=java.base/java.util=ALL-UNNAMED --add-opens=java.prefs/java.util.prefs=ALL-UNNAMED --add-opens=java.prefs/java.util.prefs=ALL-UNNAMED --add-opens=java.base/java.nio.charset=ALL-UNNAMED --add-opens=java.base/java.net=ALL-UNNAMED --add-opens=java.base/java.util.concurrent.atomic=ALL-UNNAMED -Xmx2048m -Dfile.encoding=UTF-8 -Duser.country=US -Duser.language=en -Duser.variant 
java_command: org.gradle.launcher.daemon.bootstrap.GradleDaemon 7.0.2
java_class_path (initial): C:\Users\27073\.gradle\wrapper\dists\gradle-7.0.2-bin\857tjihv64xamwrf0h14cai3r\gradle-7.0.2\lib\gradle-launcher-7.0.2.jar
Launcher Type: SUN_STANDARD

[Global flags]
     intx CICompilerCount                          = 4                                         {product} {ergonomic}
     uint ConcGCThreads                            = 2                                         {product} {ergonomic}
     uint G1ConcRefinementThreads                  = 8                                         {product} {ergonomic}
   size_t G1HeapRegionSize                         = 1048576                                   {product} {ergonomic}
    uintx GCDrainStackTargetSize                   = 64                                        {product} {ergonomic}
   size_t InitialHeapSize                          = 132120576                                 {product} {ergonomic}
   size_t MarkStackSize                            = 4194304                                   {product} {ergonomic}
   size_t MaxHeapSize                              = 2147483648                                {product} {command line}
   size_t MaxNewSize                               = 1287651328                                {product} {ergonomic}
   size_t MinHeapDeltaBytes                        = 1048576                                   {product} {ergonomic}
    uintx NonNMethodCodeHeapSize                   = 5836300                                {pd product} {ergonomic}
    uintx NonProfiledCodeHeapSize                  = 122910970                              {pd product} {ergonomic}
    uintx ProfiledCodeHeapSize                     = 122910970                              {pd product} {ergonomic}
    uintx ReservedCodeCacheSize                    = 251658240                              {pd product} {ergonomic}
     bool SegmentedCodeCache                       = true                                      {product} {ergonomic}
     bool UseCompressedClassPointers               = true                                 {lp64_product} {ergonomic}
     bool UseCompressedOops                        = true                                 {lp64_product} {ergonomic}
     bool UseG1GC                                  = true                                      {product} {ergonomic}
     bool UseLargePagesIndividualAllocation        = false                                  {pd product} {ergonomic}

Logging:
Log output configuration:
 #0: stdout all=warning uptime,level,tags
 #1: stderr all=off uptime,level,tags

Environment Variables:
JAVA_HOME=C:\Program Files\Java\jdk-13.0.2
PATH=C:\Program Files\Java\jdk-13.0.2\bin;C:\Program Files\Git\cmd;C:\Users\27073\AppData\Local\Programs\Python\Python39\Scripts\;C:\Users\27073\AppData\Local\Programs\Python\Python39\;C:\Users\27073\AppData\Local\Microsoft\WindowsApps;C:\Program Files\Intel\WiFi\bin\;C:\Program Files\Common Files\Intel\WirelessCommon\;D:\Microsoft VS Code\bin
USERNAME=27073
OS=Windows_NT
PROCESSOR_IDENTIFIER=Intel64 Family 6 Model 142 Stepping 10, GenuineIntel



---------------  S Y S T E M  ---------------

OS: Windows 10 , 64 bit Build 19041 (10.0.19041.804)
OS uptime: 11 days 19:13 hours

CPU:total 8 (initial active 8) (4 cores per cpu, 2 threads per core) family 6 model 142 stepping 10 microcode 0xe0, cmov, cx8, fxsr, mmx, sse, sse2, sse3, ssse3, sse4.1, sse4.2, popcnt, avx, avx2, aes, clmul, erms, 3dnowpref, lzcnt, ht, tsc, tscinvbit, bmi1, bmi2, adx, fma

Memory: 4k page, system-wide physical 8033M (394M free)
TotalPageFile size 30788M (AvailPageFile size 23M)
current process WorkingSet (physical memory assigned to process): 463M, peak: 482M
current process commit charge ("private bytes"): 608M, peak: 696M

vm_info: OpenJDK 64-Bit Server VM (11.0.10+0-b96-7249189) for windows-amd64 JRE (11.0.10+0-b96-7249189), built on Mar 31 2021 21:44:00 by "builder" with MS VC++ 14.0 (VS2015)

END.
