#
# There is insufficient memory for the Java Runtime Environment to continue.
# Native memory allocation (mmap) failed to map 38797312 bytes for Failed to commit area from 0x000000008b700000 to 0x000000008dc00000 of length 38797312.
# Possible reasons:
#   The system is out of physical RAM or swap space
#   The process is running with CompressedOops enabled, and the Java Heap may be blocking the growth of the native heap
# Possible solutions:
#   Reduce memory load on the system
#   Increase physical memory or swap space
#   Check if swap backing store is full
#   Decrease Java heap size (-Xmx/-Xms)
#   Decrease number of Java threads
#   Decrease Java thread stack sizes (-Xss)
#   Set larger code cache with -XX:ReservedCodeCacheSize=
#   JVM is running with Unscaled Compressed Oops mode in which the Java heap is
#     placed in the first 4GB address space. The Java Heap base address is the
#     maximum limit for the native heap growth. Please use -XX:HeapBaseMinAddress
#     to set the Java Heap base and to place the Java Heap above 4GB virtual address.
# This output file may be truncated or incomplete.
#
#  Out of Memory Error (./src/hotspot/os/windows/os_windows.cpp:3301), pid=18088, tid=13380
#
# JRE version: OpenJDK Runtime Environment (11.0.10) (build 11.0.10+0-b96-7249189)
# Java VM: OpenJDK 64-Bit Server VM (11.0.10+0-b96-7249189, mixed mode, tiered, compressed oops, g1 gc, windows-amd64)
# No core dump will be written. Minidumps are not enabled by default on client versions of Windows
#

---------------  S U M M A R Y ------------

Command Line: --add-opens=java.base/java.util=ALL-UNNAMED --add-opens=java.base/java.lang=ALL-UNNAMED --add-opens=java.base/java.lang.invoke=ALL-UNNAMED --add-opens=java.base/java.util=ALL-UNNAMED --add-opens=java.prefs/java.util.prefs=ALL-UNNAMED --add-opens=java.prefs/java.util.prefs=ALL-UNNAMED --add-opens=java.base/java.nio.charset=ALL-UNNAMED --add-opens=java.base/java.net=ALL-UNNAMED --add-opens=java.base/java.util.concurrent.atomic=ALL-UNNAMED -Xmx2048m -Dfile.encoding=UTF-8 -Duser.country=US -Duser.language=en -Duser.variant org.gradle.launcher.daemon.bootstrap.GradleDaemon 7.0.2

Host: Intel(R) Core(TM) i5-8250U CPU @ 1.60GHz, 8 cores, 7G,  Windows 10 , 64 bit Build 19041 (10.0.19041.804)
Time: Sat Oct  2 17:18:15 2021 Eastern Daylight Time elapsed time: 360.267244 seconds (0d 0h 6m 0s)

---------------  T H R E A D  ---------------

Current thread (0x000001efc317c800):  VMThread "VM Thread" [stack: 0x000000c0a1c00000,0x000000c0a1d00000] [id=13380]

Stack: [0x000000c0a1c00000,0x000000c0a1d00000]
[error occurred during error reporting (printing stack bounds), id 0xc0000005, EXCEPTION_ACCESS_VIOLATION (0xc0000005) at pc=0x000001efac030f2d]

Native frames: (J=compiled Java code, j=interpreted, Vv=VM code, C=native code)
V  [jvm.dll+0x5ecfaa]
V  [jvm.dll+0x722bd5]
V  [jvm.dll+0x72412d]
V  [jvm.dll+0x724745]
V  [jvm.dll+0x7246fb]
V  [jvm.dll+0x5ec348]
V  [jvm.dll+0x5ecad8]
C  [ntdll.dll+0xa1f6f]
C  [ntdll.dll+0x51454]
C  [ntdll.dll+0xa0a9e]
C  0x000001efac030f2d

VM_Operation (0x000000c0a62f84c0): G1CollectForAllocation, mode: safepoint, requested by thread 0x000001efc9bb8000


---------------  P R O C E S S  ---------------

Threads class SMR info:
_java_thread_list=0x000001efcfb2b6a0, length=72, elements={
0x000001efa8528000, 0x000001efc3180800, 0x000001efc318c000, 0x000001efc319c000,
0x000001efc319e800, 0x000001efc319f800, 0x000001efc31a7800, 0x000001efc31b0000,
0x000001efc31b9000, 0x000001efc3cdb800, 0x000001efc5396800, 0x000001efc3e08800,
0x000001efc62b5800, 0x000001efc5e3b000, 0x000001efc5e3c000, 0x000001efc5e39800,
0x000001efc7569000, 0x000001efc7568000, 0x000001efc756c000, 0x000001efc7567800,
0x000001efc756a800, 0x000001efc756e000, 0x000001efc7569800, 0x000001efc756e800,
0x000001efc756f800, 0x000001efc7570800, 0x000001efc7576000, 0x000001efc7575000,
0x000001efc9baa800, 0x000001efc9baf800, 0x000001efc9bb0000, 0x000001efc9bb1800,
0x000001efcfc36800, 0x000001efcfc3a000, 0x000001efcfc37800, 0x000001efcfc38000,
0x000001efcfc34000, 0x000001efcfc36000, 0x000001efcfc39000, 0x000001efcfc3a800,
0x000001efcfc35000, 0x000001efcfc3e800, 0x000001efcfc41000, 0x000001efcfc3b800,
0x000001efcfc3f800, 0x000001efcfc40800, 0x000001efcfc3e000, 0x000001efcfc42000,
0x000001efcfc3c800, 0x000001efcfc43000, 0x000001efcfc3d000, 0x000001efc9bb1000,
0x000001efc9bab000, 0x000001efc9bac000, 0x000001efc9bb3800, 0x000001efc9bb4000,
0x000001efc9bb6800, 0x000001efc9bb5000, 0x000001efc9bb6000, 0x000001efc9bb2800,
0x000001efc9bb7800, 0x000001efc9bb8000, 0x000001efc9bb9000, 0x000001efc756d000,
0x000001efc7571000, 0x000001efc40bd000, 0x000001efc7572000, 0x000001efc7573800,
0x000001efc9bae800, 0x000001efc5e3a000, 0x000001efd1bf4800, 0x000001efd1bf3800
}

Java Threads: ( => current thread )
  0x000001efa8528000 JavaThread "main" [_thread_blocked, id=8232, stack(0x000000c0a1600000,0x000000c0a1700000)]
  0x000001efc3180800 JavaThread "Reference Handler" daemon [_thread_blocked, id=26152, stack(0x000000c0a1d00000,0x000000c0a1e00000)]
  0x000001efc318c000 JavaThread "Finalizer" daemon [_thread_blocked, id=3904, stack(0x000000c0a1e00000,0x000000c0a1f00000)]
  0x000001efc319c000 JavaThread "Signal Dispatcher" daemon [_thread_blocked, id=1268, stack(0x000000c0a1f00000,0x000000c0a2000000)]
  0x000001efc319e800 JavaThread "Attach Listener" daemon [_thread_blocked, id=34872, stack(0x000000c0a2000000,0x000000c0a2100000)]
  0x000001efc319f800 JavaThread "Service Thread" daemon [_thread_blocked, id=7440, stack(0x000000c0a2100000,0x000000c0a2200000)]
  0x000001efc31a7800 JavaThread "C2 CompilerThread0" daemon [_thread_blocked, id=14340, stack(0x000000c0a2200000,0x000000c0a2300000)]
  0x000001efc31b0000 JavaThread "C1 CompilerThread0" daemon [_thread_blocked, id=1928, stack(0x000000c0a2300000,0x000000c0a2400000)]
  0x000001efc31b9000 JavaThread "Sweeper thread" daemon [_thread_blocked, id=15208, stack(0x000000c0a2400000,0x000000c0a2500000)]
  0x000001efc3cdb800 JavaThread "Common-Cleaner" daemon [_thread_blocked, id=18020, stack(0x000000c0a2500000,0x000000c0a2600000)]
  0x000001efc5396800 JavaThread "Daemon health stats" [_thread_blocked, id=3200, stack(0x000000c0a2a00000,0x000000c0a2b00000)]
  0x000001efc3e08800 JavaThread "Incoming local TCP Connector on port 53137" [_thread_in_native, id=21404, stack(0x000000c0a2700000,0x000000c0a2800000)]
  0x000001efc62b5800 JavaThread "Daemon periodic checks" [_thread_blocked, id=16712, stack(0x000000c0a2b00000,0x000000c0a2c00000)]
  0x000001efc5e3b000 JavaThread "Cache worker for file hash cache (C:\Users\27073\.gradle\caches\7.0.2\fileHashes)" [_thread_blocked, id=13448, stack(0x000000c0a3800000,0x000000c0a3900000)]
  0x000001efc5e3c000 JavaThread "File lock request listener" [_thread_in_native, id=8348, stack(0x000000c0a3900000,0x000000c0a3a00000)]
  0x000001efc5e39800 JavaThread "Cache worker for journal cache (C:\Users\27073\.gradle\caches\journal-1)" [_thread_blocked, id=5328, stack(0x000000c0a3b00000,0x000000c0a3c00000)]
  0x000001efc7569000 JavaThread "File watcher server" daemon [_thread_blocked, id=24712, stack(0x000000c0a3d00000,0x000000c0a3e00000)]
  0x000001efc7568000 JavaThread "File watcher consumer" daemon [_thread_blocked, id=3480, stack(0x000000c0a3e00000,0x000000c0a3f00000)]
  0x000001efc756c000 JavaThread "jar transforms" [_thread_blocked, id=19312, stack(0x000000c0a3f00000,0x000000c0a4000000)]
  0x000001efc7567800 JavaThread "jar transforms Thread 2" [_thread_blocked, id=7824, stack(0x000000c0a4000000,0x000000c0a4100000)]
  0x000001efc756a800 JavaThread "jar transforms Thread 3" [_thread_blocked, id=2672, stack(0x000000c0a4100000,0x000000c0a4200000)]
  0x000001efc756e000 JavaThread "jar transforms Thread 4" [_thread_blocked, id=18928, stack(0x000000c0a4200000,0x000000c0a4300000)]
  0x000001efc7569800 JavaThread "jar transforms Thread 5" [_thread_blocked, id=9776, stack(0x000000c0a4300000,0x000000c0a4400000)]
  0x000001efc756e800 JavaThread "jar transforms Thread 6" [_thread_blocked, id=19252, stack(0x000000c0a4400000,0x000000c0a4500000)]
  0x000001efc756f800 JavaThread "jar transforms Thread 7" [_thread_blocked, id=29756, stack(0x000000c0a4500000,0x000000c0a4600000)]
  0x000001efc7570800 JavaThread "jar transforms Thread 8" [_thread_blocked, id=16904, stack(0x000000c0a4600000,0x000000c0a4700000)]
  0x000001efc7576000 JavaThread "Cache worker for execution history cache (C:\Users\27073\.gradle\caches\7.0.2\executionHistory)" [_thread_blocked, id=14692, stack(0x000000c0a4b00000,0x000000c0a4c00000)]
  0x000001efc7575000 JavaThread "Cache worker for file content cache (C:\Users\27073\.gradle\caches\7.0.2\fileContent)" [_thread_blocked, id=17260, stack(0x000000c0a4c00000,0x000000c0a4d00000)]
  0x000001efc9baa800 JavaThread "Memory manager" [_thread_blocked, id=9204, stack(0x000000c0a5600000,0x000000c0a5700000)]
  0x000001efc9baf800 JavaThread "pool-3-thread-1" [_thread_blocked, id=35992, stack(0x000000c0a5700000,0x000000c0a5800000)]
  0x000001efc9bb0000 JavaThread "Daemon Thread 2" [_thread_blocked, id=25948, stack(0x000000c0a1300000,0x000000c0a1400000)]
  0x000001efc9bb1800 JavaThread "Daemon worker Thread 2" [_thread_blocked, id=29188, stack(0x000000c0a2e00000,0x000000c0a2f00000)]
  0x000001efcfc36800 JavaThread "pool-6-thread-1" [_thread_blocked, id=13968, stack(0x000000c0a5900000,0x000000c0a5a00000)]
  0x000001efcfc3a000 JavaThread "Handler for socket connection from /127.0.0.1:53137 to /127.0.0.1:62481" [_thread_in_native, id=23332, stack(0x000000c0a1400000,0x000000c0a1500000)]
  0x000001efcfc37800 JavaThread "Cancel handler" [_thread_blocked, id=9080, stack(0x000000c0a2c00000,0x000000c0a2d00000)]
  0x000001efcfc38000 JavaThread "Asynchronous log dispatcher for DefaultDaemonConnection: socket connection from /127.0.0.1:53137 to /127.0.0.1:62481" [_thread_blocked, id=22536, stack(0x000000c0a2f00000,0x000000c0a3000000)]
  0x000001efcfc34000 JavaThread "Stdin handler" [_thread_blocked, id=7556, stack(0x000000c0a3000000,0x000000c0a3100000)]
  0x000001efcfc36000 JavaThread "Daemon client event forwarder" [_thread_blocked, id=8, stack(0x000000c0a3100000,0x000000c0a3200000)]
  0x000001efcfc39000 JavaThread "Cache worker for file hash cache (C:\Users\27073\AndroidStudioProjects\InstragramClone\.gradle\7.0.2\fileHashes)" [_thread_blocked, id=27836, stack(0x000000c0a3200000,0x000000c0a3300000)]
  0x000001efcfc3a800 JavaThread "Cache worker for checksums cache (C:\Users\27073\AndroidStudioProjects\InstragramClone\.gradle\checksums)" [_thread_blocked, id=16432, stack(0x000000c0a3c00000,0x000000c0a3d00000)]
  0x000001efcfc35000 JavaThread "Cache worker for cache directory md-supplier (C:\Users\27073\.gradle\caches\7.0.2\md-supplier)" [_thread_blocked, id=3848, stack(0x000000c0a4700000,0x000000c0a4800000)]
  0x000001efcfc3e800 JavaThread "Cache worker for cache directory md-rule (C:\Users\27073\.gradle\caches\7.0.2\md-rule)" [_thread_blocked, id=2768, stack(0x000000c0a4800000,0x000000c0a4900000)]
  0x000001efcfc41000 JavaThread "Cache worker for dependencies-accessors (C:\Users\27073\AndroidStudioProjects\InstragramClone\.gradle\7.0.2\dependencies-accessors)" [_thread_blocked, id=22040, stack(0x000000c0a4900000,0x000000c0a4a00000)]
  0x000001efcfc3b800 JavaThread "Cache worker for Build Output Cleanup Cache (C:\Users\27073\AndroidStudioProjects\InstragramClone\.gradle\buildOutputCleanup)" [_thread_blocked, id=18000, stack(0x000000c0a4d00000,0x000000c0a4e00000)]
  0x000001efcfc3f800 JavaThread "Build operations" [_thread_blocked, id=36944, stack(0x000000c0a4e00000,0x000000c0a4f00000)]
  0x000001efcfc40800 JavaThread "Build operations Thread 2" [_thread_blocked, id=24224, stack(0x000000c0a4f00000,0x000000c0a5000000)]
  0x000001efcfc3e000 JavaThread "Build operations Thread 3" [_thread_blocked, id=14264, stack(0x000000c0a5000000,0x000000c0a5100000)]
  0x000001efcfc42000 JavaThread "Build operations Thread 4" [_thread_blocked, id=18776, stack(0x000000c0a5100000,0x000000c0a5200000)]
  0x000001efcfc3c800 JavaThread "Build operations Thread 5" [_thread_blocked, id=13660, stack(0x000000c0a5200000,0x000000c0a5300000)]
  0x000001efcfc43000 JavaThread "Build operations Thread 6" [_thread_blocked, id=26068, stack(0x000000c0a5300000,0x000000c0a5400000)]
  0x000001efcfc3d000 JavaThread "Build operations Thread 7" [_thread_blocked, id=22336, stack(0x000000c0a5400000,0x000000c0a5500000)]
  0x000001efc9bb1000 JavaThread "Build operations Thread 8" [_thread_blocked, id=21540, stack(0x000000c0a5500000,0x000000c0a5600000)]
  0x000001efc9bab000 JavaThread "build event listener" [_thread_blocked, id=16448, stack(0x000000c0a5800000,0x000000c0a5900000)]
  0x000001efc9bac000 JavaThread "pool-9-thread-1" [_thread_blocked, id=8920, stack(0x000000c0a5a00000,0x000000c0a5b00000)]
  0x000001efc9bb3800 JavaThread "build event listener" [_thread_blocked, id=23240, stack(0x000000c0a5b00000,0x000000c0a5c00000)]
  0x000001efc9bb4000 JavaThread "Execution worker for ':'" [_thread_blocked, id=26764, stack(0x000000c0a5c00000,0x000000c0a5d00000)]
  0x000001efc9bb6800 JavaThread "Execution worker for ':' Thread 2" [_thread_blocked, id=30340, stack(0x000000c0a5d00000,0x000000c0a5e00000)]
  0x000001efc9bb5000 JavaThread "Execution worker for ':' Thread 3" [_thread_blocked, id=10120, stack(0x000000c0a5e00000,0x000000c0a5f00000)]
  0x000001efc9bb6000 JavaThread "Execution worker for ':' Thread 4" [_thread_blocked, id=14720, stack(0x000000c0a5f00000,0x000000c0a6000000)]
  0x000001efc9bb2800 JavaThread "Execution worker for ':' Thread 5" [_thread_blocked, id=11848, stack(0x000000c0a6000000,0x000000c0a6100000)]
  0x000001efc9bb7800 JavaThread "Execution worker for ':' Thread 6" [_thread_blocked, id=21220, stack(0x000000c0a6100000,0x000000c0a6200000)]
  0x000001efc9bb8000 JavaThread "Execution worker for ':' Thread 7" [_thread_blocked, id=8224, stack(0x000000c0a6200000,0x000000c0a6300000)]
  0x000001efc9bb9000 JavaThread "Cache worker for execution history cache (C:\Users\27073\AndroidStudioProjects\InstragramClone\.gradle\7.0.2\executionHistory)" [_thread_blocked, id=24144, stack(0x000000c0a6300000,0x000000c0a6400000)]
  0x000001efc756d000 JavaThread "WorkerExecutor Queue" [_thread_blocked, id=21256, stack(0x000000c0a6400000,0x000000c0a6500000)]
  0x000001efc7571000 JavaThread "WorkerExecutor Queue Thread 2" [_thread_blocked, id=20284, stack(0x000000c0a6500000,0x000000c0a6600000)]
  0x000001efc40bd000 JavaThread "C2 CompilerThread1" daemon [_thread_blocked, id=17056, stack(0x000000c0a4a00000,0x000000c0a4b00000)]
  0x000001efc7572000 JavaThread "WorkerExecutor Queue Thread 3" [_thread_blocked, id=21104, stack(0x000000c0a6600000,0x000000c0a6700000)]
  0x000001efc7573800 JavaThread "WorkerExecutor Queue Thread 4" [_thread_blocked, id=33660, stack(0x000000c0a6700000,0x000000c0a6800000)]
  0x000001efc9bae800 JavaThread "WorkerExecutor Queue Thread 5" [_thread_blocked, id=20908, stack(0x000000c0a6800000,0x000000c0a6900000)]
  0x000001efc5e3a000 JavaThread "WorkerExecutor Queue Thread 6" [_thread_blocked, id=13540, stack(0x000000c0a6900000,0x000000c0a6a00000)]
  0x000001efd1bf4800 JavaThread "WorkerExecutor Queue Thread 7" [_thread_blocked, id=24980, stack(0x000000c0a6a00000,0x000000c0a6b00000)]
  0x000001efd1bf3800 JavaThread "WorkerExecutor Queue Thread 8" [_thread_blocked, id=21784, stack(0x000000c0a6b00000,0x000000c0a6c00000)]

Other Threads:
=>0x000001efc317c800 VMThread "VM Thread" [stack: 0x000000c0a1c00000,0x000000c0a1d00000] [id=13380]
  0x000001efc3ce2800 WatcherThread [stack: 0x000000c0a2600000,0x000000c0a2700000] [id=9736]
  0x000001efa8541000 GCTaskThread "GC Thread#0" [stack: 0x000000c0a1700000,0x000000c0a1800000] [id=12316]
  0x000001efc3d8f800 GCTaskThread "GC Thread#1" [stack: 0x000000c0a2800000,0x000000c0a2900000] [id=14240]
  0x000001efc47d9800 GCTaskThread "GC Thread#2" [stack: 0x000000c0a2900000,0x000000c0a2a00000] [id=19420]
  0x000001efc47a4800 GCTaskThread "GC Thread#3" [stack: 0x000000c0a3300000,0x000000c0a3400000] [id=37556]
  0x000001efc5f5d000 GCTaskThread "GC Thread#4" [stack: 0x000000c0a3400000,0x000000c0a3500000] [id=33028]
  0x000001efc5bad800 GCTaskThread "GC Thread#5" [stack: 0x000000c0a3500000,0x000000c0a3600000] [id=13916]
  0x000001efc5bae000 GCTaskThread "GC Thread#6" [stack: 0x000000c0a3600000,0x000000c0a3700000] [id=21572]
  0x000001efc59f6800 GCTaskThread "GC Thread#7" [stack: 0x000000c0a3700000,0x000000c0a3800000] [id=21268]
  0x000001efa8578000 ConcurrentGCThread "G1 Main Marker" [stack: 0x000000c0a1800000,0x000000c0a1900000] [id=11436]
  0x000001efa8579800 ConcurrentGCThread "G1 Conc#0" [stack: 0x000000c0a1900000,0x000000c0a1a00000] [id=19196]
  0x000001efc5c66800 ConcurrentGCThread "G1 Conc#1" [stack: 0x000000c0a3a00000,0x000000c0a3b00000] [id=20220]
  0x000001efc2fd0800 ConcurrentGCThread "G1 Refine#0" [stack: 0x000000c0a1a00000,0x000000c0a1b00000] [id=8700]
  0x000001efc2fd1000 ConcurrentGCThread "G1 Young RemSet Sampling" [stack: 0x000000c0a1b00000,0x000000c0a1c00000] [id=15404]

Threads with active compile tasks:
C2 CompilerThread0 360296 16914 %     4       org.gradle.internal.snapshot.VfsRelativePath::hasPrefix @ 48 (114 bytes)
C2 CompilerThread1 360296 15758   !   4       java.io.ObjectOutputStream::writeObject0 (619 bytes)

VM state:at safepoint (normal execution)

VM Mutex/Monitor currently owned by a thread:  ([mutex/lock_event])
[0x000001efa8526610] Threads_lock - owner thread: 0x000001efc317c800
[0x000001efa8525b60] Heap_lock - owner thread: 0x000001efc9bb8000

Heap address: 0x0000000080000000, size: 2048 MB, Compressed Oops mode: 32-bit
Narrow klass base: 0x0000000000000000, Narrow klass shift: 3
Compressed class space size: 1073741824 Address: 0x0000000100000000

Heap:
 garbage-first heap   total 225280K, used 129250K [0x0000000080000000, 0x0000000100000000)
  region size 1024K, 1 young (1024K), 1 survivors (1024K)
 Metaspace       used 122518K, capacity 125798K, committed 126080K, reserved 1159168K
  class space    used 15075K, capacity 16225K, committed 16256K, reserved 1048576K
Heap Regions: E=young(eden), S=young(survivor), O=old, HS=humongous(starts), HC=humongous(continues), CS=collection set, F=free, A=archive, TAMS=top-at-mark-start (previous, next)
|   0|0x0000000080000000, 0x0000000080100000, 0x0000000080100000|100%| O|  |TAMS 0x0000000080100000, 0x0000000080000000| Untracked 
|   1|0x0000000080100000, 0x0000000080200000, 0x0000000080200000|100%| O|  |TAMS 0x0000000080200000, 0x0000000080100000| Untracked 
|   2|0x0000000080200000, 0x0000000080300000, 0x0000000080300000|100%| O|  |TAMS 0x0000000080300000, 0x0000000080200000| Untracked 
|   3|0x0000000080300000, 0x0000000080400000, 0x0000000080400000|100%|HS|  |TAMS 0x0000000080400000, 0x0000000080300000| Complete 
|   4|0x0000000080400000, 0x0000000080500000, 0x0000000080500000|100%|HC|  |TAMS 0x0000000080500000, 0x0000000080400000| Complete 
|   5|0x0000000080500000, 0x0000000080600000, 0x0000000080600000|100%|HC|  |TAMS 0x0000000080600000, 0x0000000080500000| Complete 
|   6|0x0000000080600000, 0x0000000080700000, 0x0000000080700000|100%| O|  |TAMS 0x0000000080700000, 0x0000000080600000| Untracked 
|   7|0x0000000080700000, 0x0000000080800000, 0x0000000080800000|100%| O|  |TAMS 0x0000000080800000, 0x0000000080700000| Untracked 
|   8|0x0000000080800000, 0x0000000080900000, 0x0000000080900000|100%| O|  |TAMS 0x0000000080900000, 0x0000000080800000| Untracked 
|   9|0x0000000080900000, 0x0000000080a00000, 0x0000000080a00000|100%| O|  |TAMS 0x0000000080a00000, 0x0000000080900000| Untracked 
|  10|0x0000000080a00000, 0x0000000080b00000, 0x0000000080b00000|100%| O|  |TAMS 0x0000000080b00000, 0x0000000080a00000| Untracked 
|  11|0x0000000080b00000, 0x0000000080c00000, 0x0000000080c00000|100%| O|  |TAMS 0x0000000080c00000, 0x0000000080b00000| Untracked 
|  12|0x0000000080c00000, 0x0000000080d00000, 0x0000000080d00000|100%| O|  |TAMS 0x0000000080d00000, 0x0000000080c00000| Untracked 
|  13|0x0000000080d00000, 0x0000000080e00000, 0x0000000080e00000|100%| O|  |TAMS 0x0000000080e00000, 0x0000000080d00000| Untracked 
|  14|0x0000000080e00000, 0x0000000080f00000, 0x0000000080f00000|100%| O|  |TAMS 0x0000000080f00000, 0x0000000080e00000| Untracked 
|  15|0x0000000080f00000, 0x0000000081000000, 0x0000000081000000|100%| O|  |TAMS 0x0000000081000000, 0x0000000080f00000| Untracked 
|  16|0x0000000081000000, 0x0000000081100000, 0x0000000081100000|100%| O|  |TAMS 0x0000000081100000, 0x0000000081000000| Untracked 
|  17|0x0000000081100000, 0x0000000081200000, 0x0000000081200000|100%|HS|  |TAMS 0x0000000081200000, 0x0000000081100000| Complete 
|  18|0x0000000081200000, 0x0000000081300000, 0x0000000081300000|100%|HC|  |TAMS 0x0000000081300000, 0x0000000081200000| Complete 
|  19|0x0000000081300000, 0x0000000081400000, 0x0000000081400000|100%|HS|  |TAMS 0x0000000081400000, 0x0000000081300000| Complete 
|  20|0x0000000081400000, 0x0000000081500000, 0x0000000081500000|100%|HC|  |TAMS 0x0000000081500000, 0x0000000081400000| Complete 
|  21|0x0000000081500000, 0x0000000081600000, 0x0000000081600000|100%|HC|  |TAMS 0x0000000081600000, 0x0000000081500000| Complete 
|  22|0x0000000081600000, 0x0000000081700000, 0x0000000081700000|100%|HS|  |TAMS 0x0000000081700000, 0x0000000081600000| Complete 
|  23|0x0000000081700000, 0x0000000081800000, 0x0000000081800000|100%|HC|  |TAMS 0x0000000081800000, 0x0000000081700000| Complete 
|  24|0x0000000081800000, 0x0000000081900000, 0x0000000081900000|100%|HC|  |TAMS 0x0000000081900000, 0x0000000081800000| Complete 
|  25|0x0000000081900000, 0x0000000081a00000, 0x0000000081a00000|100%|HC|  |TAMS 0x0000000081a00000, 0x0000000081900000| Complete 
|  26|0x0000000081a00000, 0x0000000081b00000, 0x0000000081b00000|100%|HC|  |TAMS 0x0000000081b00000, 0x0000000081a00000| Complete 
|  27|0x0000000081b00000, 0x0000000081c00000, 0x0000000081c00000|100%| O|  |TAMS 0x0000000081c00000, 0x0000000081b00000| Untracked 
|  28|0x0000000081c00000, 0x0000000081d00000, 0x0000000081d00000|100%| O|  |TAMS 0x0000000081d00000, 0x0000000081c00000| Untracked 
|  29|0x0000000081d00000, 0x0000000081e00000, 0x0000000081e00000|100%| O|  |TAMS 0x0000000081e00000, 0x0000000081d00000| Untracked 
|  30|0x0000000081e00000, 0x0000000081f00000, 0x0000000081f00000|100%| O|  |TAMS 0x0000000081f00000, 0x0000000081e00000| Untracked 
|  31|0x0000000081f00000, 0x0000000082000000, 0x0000000082000000|100%|HS|  |TAMS 0x0000000082000000, 0x0000000081f00000| Complete 
|  32|0x0000000082000000, 0x0000000082100000, 0x0000000082100000|100%|HC|  |TAMS 0x0000000082100000, 0x0000000082000000| Complete 
|  33|0x0000000082100000, 0x0000000082200000, 0x0000000082200000|100%|HC|  |TAMS 0x0000000082200000, 0x0000000082100000| Complete 
|  34|0x0000000082200000, 0x0000000082300000, 0x0000000082300000|100%| O|  |TAMS 0x0000000082300000, 0x0000000082200000| Untracked 
|  35|0x0000000082300000, 0x0000000082400000, 0x0000000082400000|100%|HS|  |TAMS 0x0000000082400000, 0x0000000082300000| Complete 
|  36|0x0000000082400000, 0x0000000082500000, 0x0000000082500000|100%|HC|  |TAMS 0x0000000082500000, 0x0000000082400000| Complete 
|  37|0x0000000082500000, 0x0000000082600000, 0x0000000082600000|100%|HC|  |TAMS 0x0000000082600000, 0x0000000082500000| Complete 
|  38|0x0000000082600000, 0x0000000082700000, 0x0000000082700000|100%|HC|  |TAMS 0x0000000082700000, 0x0000000082600000| Complete 
|  39|0x0000000082700000, 0x0000000082800000, 0x0000000082800000|100%|HC|  |TAMS 0x0000000082800000, 0x0000000082700000| Complete 
|  40|0x0000000082800000, 0x0000000082900000, 0x0000000082900000|100%| O|  |TAMS 0x0000000082900000, 0x0000000082800000| Untracked 
|  41|0x0000000082900000, 0x0000000082a00000, 0x0000000082a00000|100%| O|  |TAMS 0x0000000082a00000, 0x0000000082900000| Untracked 
|  42|0x0000000082a00000, 0x0000000082b00000, 0x0000000082b00000|100%| O|  |TAMS 0x0000000082b00000, 0x0000000082a00000| Untracked 
|  43|0x0000000082b00000, 0x0000000082c00000, 0x0000000082c00000|100%| O|  |TAMS 0x0000000082c00000, 0x0000000082b00000| Untracked 
|  44|0x0000000082c00000, 0x0000000082d00000, 0x0000000082d00000|100%| O|  |TAMS 0x0000000082d00000, 0x0000000082c00000| Untracked 
|  45|0x0000000082d00000, 0x0000000082e00000, 0x0000000082e00000|100%| O|  |TAMS 0x0000000082e00000, 0x0000000082d00000| Untracked 
|  46|0x0000000082e00000, 0x0000000082f00000, 0x0000000082f00000|100%| O|  |TAMS 0x0000000082f00000, 0x0000000082e00000| Untracked 
|  47|0x0000000082f00000, 0x0000000083000000, 0x0000000083000000|100%| O|  |TAMS 0x0000000083000000, 0x0000000082f00000| Untracked 
|  48|0x0000000083000000, 0x0000000083100000, 0x0000000083100000|100%| O|  |TAMS 0x0000000083100000, 0x0000000083000000| Untracked 
|  49|0x0000000083100000, 0x0000000083200000, 0x0000000083200000|100%| O|  |TAMS 0x0000000083200000, 0x0000000083100000| Untracked 
|  50|0x0000000083200000, 0x0000000083300000, 0x0000000083300000|100%| O|  |TAMS 0x0000000083300000, 0x0000000083200000| Untracked 
|  51|0x0000000083300000, 0x0000000083400000, 0x0000000083400000|100%| O|  |TAMS 0x0000000083400000, 0x0000000083300000| Untracked 
|  52|0x0000000083400000, 0x0000000083500000, 0x0000000083500000|100%| O|  |TAMS 0x0000000083500000, 0x0000000083400000| Untracked 
|  53|0x0000000083500000, 0x0000000083600000, 0x0000000083600000|100%|HS|  |TAMS 0x0000000083600000, 0x0000000083500000| Complete 
|  54|0x0000000083600000, 0x0000000083700000, 0x0000000083700000|100%|HS|  |TAMS 0x0000000083700000, 0x0000000083600000| Complete 
|  55|0x0000000083700000, 0x0000000083800000, 0x0000000083800000|100%| O|  |TAMS 0x0000000083800000, 0x0000000083700000| Untracked 
|  56|0x0000000083800000, 0x0000000083900000, 0x0000000083900000|100%| O|  |TAMS 0x0000000083900000, 0x0000000083800000| Untracked 
|  57|0x0000000083900000, 0x0000000083a00000, 0x0000000083a00000|100%| O|  |TAMS 0x0000000083a00000, 0x0000000083900000| Untracked 
|  58|0x0000000083a00000, 0x0000000083b00000, 0x0000000083b00000|100%| O|  |TAMS 0x0000000083b00000, 0x0000000083a00000| Untracked 
|  59|0x0000000083b00000, 0x0000000083c00000, 0x0000000083c00000|100%|HS|  |TAMS 0x0000000083c00000, 0x0000000083b00000| Complete 
|  60|0x0000000083c00000, 0x0000000083d00000, 0x0000000083d00000|100%|HC|  |TAMS 0x0000000083d00000, 0x0000000083c00000| Complete 
|  61|0x0000000083d00000, 0x0000000083e00000, 0x0000000083e00000|100%| O|  |TAMS 0x0000000083e00000, 0x0000000083d00000| Untracked 
|  62|0x0000000083e00000, 0x0000000083f00000, 0x0000000083f00000|100%| O|  |TAMS 0x0000000083f00000, 0x0000000083e00000| Untracked 
|  63|0x0000000083f00000, 0x0000000084000000, 0x0000000084000000|100%| O|  |TAMS 0x0000000083f00000, 0x0000000083f00000| Untracked 
|  64|0x0000000084000000, 0x0000000084100000, 0x0000000084100000|100%| O|  |TAMS 0x0000000084100000, 0x0000000084000000| Untracked 
|  65|0x0000000084100000, 0x0000000084200000, 0x0000000084200000|100%| O|  |TAMS 0x0000000084200000, 0x0000000084100000| Untracked 
|  66|0x0000000084200000, 0x0000000084300000, 0x0000000084300000|100%| O|  |TAMS 0x0000000084300000, 0x0000000084200000| Untracked 
|  67|0x0000000084300000, 0x0000000084400000, 0x0000000084400000|100%| O|  |TAMS 0x0000000084400000, 0x0000000084300000| Untracked 
|  68|0x0000000084400000, 0x0000000084500000, 0x0000000084500000|100%| O|  |TAMS 0x0000000084500000, 0x0000000084400000| Untracked 
|  69|0x0000000084500000, 0x0000000084600000, 0x0000000084600000|100%| O|  |TAMS 0x0000000084600000, 0x0000000084500000| Untracked 
|  70|0x0000000084600000, 0x0000000084700000, 0x0000000084700000|100%| O|  |TAMS 0x0000000084700000, 0x0000000084600000| Untracked 
|  71|0x0000000084700000, 0x0000000084800000, 0x0000000084800000|100%| O|  |TAMS 0x0000000084800000, 0x0000000084700000| Untracked 
|  72|0x0000000084800000, 0x0000000084900000, 0x0000000084900000|100%| O|  |TAMS 0x000000008480a600, 0x0000000084800000| Untracked 
|  73|0x0000000084900000, 0x0000000084a00000, 0x0000000084a00000|100%| O|  |TAMS 0x0000000084a00000, 0x0000000084900000| Untracked 
|  74|0x0000000084a00000, 0x0000000084b00000, 0x0000000084b00000|100%| O|  |TAMS 0x0000000084b00000, 0x0000000084a00000| Untracked 
|  75|0x0000000084b00000, 0x0000000084c00000, 0x0000000084c00000|100%| O|  |TAMS 0x0000000084c00000, 0x0000000084b00000| Untracked 
|  76|0x0000000084c00000, 0x0000000084d00000, 0x0000000084d00000|100%| O|  |TAMS 0x0000000084d00000, 0x0000000084c00000| Untracked 
|  77|0x0000000084d00000, 0x0000000084e00000, 0x0000000084e00000|100%| O|  |TAMS 0x0000000084e00000, 0x0000000084d00000| Untracked 
|  78|0x0000000084e00000, 0x0000000084f00000, 0x0000000084f00000|100%| O|  |TAMS 0x0000000084f00000, 0x0000000084e00000| Untracked 
|  79|0x0000000084f00000, 0x0000000085000000, 0x0000000085000000|100%| O|  |TAMS 0x0000000085000000, 0x0000000084f00000| Untracked 
|  80|0x0000000085000000, 0x0000000085100000, 0x0000000085100000|100%| O|  |TAMS 0x0000000085100000, 0x0000000085000000| Untracked 
|  81|0x0000000085100000, 0x0000000085200000, 0x0000000085200000|100%| O|  |TAMS 0x0000000085200000, 0x0000000085100000| Untracked 
|  82|0x0000000085200000, 0x0000000085300000, 0x0000000085300000|100%| O|  |TAMS 0x0000000085300000, 0x0000000085200000| Untracked 
|  83|0x0000000085300000, 0x0000000085400000, 0x0000000085400000|100%| O|  |TAMS 0x0000000085400000, 0x0000000085300000| Untracked 
|  84|0x0000000085400000, 0x0000000085500000, 0x0000000085500000|100%| O|  |TAMS 0x0000000085400000, 0x0000000085400000| Untracked 
|  85|0x0000000085500000, 0x0000000085600000, 0x0000000085600000|100%| O|  |TAMS 0x0000000085600000, 0x0000000085500000| Untracked 
|  86|0x0000000085600000, 0x0000000085700000, 0x0000000085700000|100%| O|  |TAMS 0x0000000085700000, 0x0000000085600000| Untracked 
|  87|0x0000000085700000, 0x0000000085800000, 0x0000000085800000|100%| O|  |TAMS 0x0000000085800000, 0x0000000085700000| Untracked 
|  88|0x0000000085800000, 0x0000000085900000, 0x0000000085900000|100%| O|  |TAMS 0x0000000085900000, 0x0000000085800000| Untracked 
|  89|0x0000000085900000, 0x0000000085a00000, 0x0000000085a00000|100%| O|  |TAMS 0x0000000085a00000, 0x0000000085900000| Untracked 
|  90|0x0000000085a00000, 0x0000000085b00000, 0x0000000085b00000|100%| O|  |TAMS 0x0000000085b00000, 0x0000000085a00000| Untracked 
|  91|0x0000000085b00000, 0x0000000085c00000, 0x0000000085c00000|100%| O|  |TAMS 0x0000000085c00000, 0x0000000085b00000| Untracked 
|  92|0x0000000085c00000, 0x0000000085d00000, 0x0000000085d00000|100%| O|  |TAMS 0x0000000085d00000, 0x0000000085c00000| Untracked 
|  93|0x0000000085d00000, 0x0000000085e00000, 0x0000000085e00000|100%| O|  |TAMS 0x0000000085e00000, 0x0000000085d00000| Untracked 
|  94|0x0000000085e00000, 0x0000000085f00000, 0x0000000085f00000|100%| O|  |TAMS 0x0000000085f00000, 0x0000000085e00000| Untracked 
|  95|0x0000000085f00000, 0x0000000086000000, 0x0000000086000000|100%| O|  |TAMS 0x0000000086000000, 0x0000000085f00000| Untracked 
|  96|0x0000000086000000, 0x0000000086100000, 0x0000000086100000|100%| O|  |TAMS 0x0000000086100000, 0x0000000086000000| Untracked 
|  97|0x0000000086100000, 0x0000000086200000, 0x0000000086200000|100%| O|  |TAMS 0x0000000086200000, 0x0000000086100000| Untracked 
|  98|0x0000000086200000, 0x0000000086300000, 0x0000000086300000|100%| O|  |TAMS 0x0000000086300000, 0x0000000086200000| Untracked 
|  99|0x0000000086300000, 0x0000000086400000, 0x0000000086400000|100%| O|  |TAMS 0x0000000086400000, 0x0000000086300000| Untracked 
| 100|0x0000000086400000, 0x0000000086500000, 0x0000000086500000|100%| O|  |TAMS 0x0000000086500000, 0x0000000086400000| Untracked 
| 101|0x0000000086500000, 0x0000000086600000, 0x0000000086600000|100%| O|  |TAMS 0x0000000086600000, 0x0000000086500000| Untracked 
| 102|0x0000000086600000, 0x0000000086700000, 0x0000000086700000|100%| O|  |TAMS 0x0000000086600000, 0x0000000086600000| Untracked 
| 103|0x0000000086700000, 0x000000008678e200, 0x0000000086800000| 55%| O|  |TAMS 0x0000000086700000, 0x0000000086700000| Untracked 
| 104|0x0000000086800000, 0x0000000086900000, 0x0000000086900000|100%| O|  |TAMS 0x0000000086900000, 0x0000000086800000| Untracked 
| 105|0x0000000086900000, 0x0000000086900000, 0x0000000086a00000|  0%| F|  |TAMS 0x0000000086900000, 0x0000000086900000| Untracked 
| 106|0x0000000086a00000, 0x0000000086a00000, 0x0000000086b00000|  0%| F|  |TAMS 0x0000000086a00000, 0x0000000086a00000| Untracked 
| 107|0x0000000086b00000, 0x0000000086c00000, 0x0000000086c00000|100%| O|  |TAMS 0x0000000086c00000, 0x0000000086b00000| Untracked 
| 108|0x0000000086c00000, 0x0000000086c00000, 0x0000000086d00000|  0%| F|  |TAMS 0x0000000086c00000, 0x0000000086c00000| Untracked 
| 109|0x0000000086d00000, 0x0000000086e00000, 0x0000000086e00000|100%| O|  |TAMS 0x0000000086e00000, 0x0000000086d00000| Untracked 
| 110|0x0000000086e00000, 0x0000000086f00000, 0x0000000086f00000|100%| O|  |TAMS 0x0000000086f00000, 0x0000000086e00000| Untracked 
| 111|0x0000000086f00000, 0x0000000087000000, 0x0000000087000000|100%| O|  |TAMS 0x0000000087000000, 0x0000000086f00000| Untracked 
| 112|0x0000000087000000, 0x0000000087100000, 0x0000000087100000|100%| O|  |TAMS 0x0000000087000000, 0x0000000087000000| Untracked 
| 113|0x0000000087100000, 0x0000000087100000, 0x0000000087200000|  0%| F|  |TAMS 0x0000000087100000, 0x0000000087100000| Untracked 
| 114|0x0000000087200000, 0x0000000087300000, 0x0000000087300000|100%| O|  |TAMS 0x0000000087300000, 0x0000000087200000| Untracked 
| 115|0x0000000087300000, 0x0000000087400000, 0x0000000087400000|100%| O|  |TAMS 0x0000000087400000, 0x0000000087300000| Untracked 
| 116|0x0000000087400000, 0x0000000087500000, 0x0000000087500000|100%| O|  |TAMS 0x0000000087500000, 0x0000000087400000| Untracked 
| 117|0x0000000087500000, 0x0000000087600000, 0x0000000087600000|100%| O|  |TAMS 0x0000000087600000, 0x0000000087500000| Untracked 
| 118|0x0000000087600000, 0x0000000087600000, 0x0000000087700000|  0%| F|  |TAMS 0x0000000087600000, 0x0000000087600000| Untracked 
| 119|0x0000000087700000, 0x0000000087800000, 0x0000000087800000|100%|HS|  |TAMS 0x0000000087800000, 0x0000000087700000| Complete 
| 120|0x0000000087800000, 0x0000000087900000, 0x0000000087900000|100%| O|  |TAMS 0x0000000087900000, 0x0000000087800000| Untracked 
| 121|0x0000000087900000, 0x0000000087a00000, 0x0000000087a00000|100%| O|  |TAMS 0x0000000087a00000, 0x0000000087900000| Untracked 
| 122|0x0000000087a00000, 0x0000000087b00000, 0x0000000087b00000|100%| O|  |TAMS 0x0000000087b00000, 0x0000000087a00000| Untracked 
| 123|0x0000000087b00000, 0x0000000087b00000, 0x0000000087c00000|  0%| F|  |TAMS 0x0000000087b00000, 0x0000000087b00000| Untracked 
| 124|0x0000000087c00000, 0x0000000087c00000, 0x0000000087d00000|  0%| F|  |TAMS 0x0000000087c00000, 0x0000000087c00000| Untracked 
| 125|0x0000000087d00000, 0x0000000087d00000, 0x0000000087e00000|  0%| F|  |TAMS 0x0000000087d00000, 0x0000000087d00000| Untracked 
| 126|0x0000000087e00000, 0x0000000087e00000, 0x0000000087f00000|  0%| F|  |TAMS 0x0000000087e00000, 0x0000000087e00000| Untracked 
| 127|0x0000000087f00000, 0x0000000087f00000, 0x0000000088000000|  0%| F|  |TAMS 0x0000000087f00000, 0x0000000087f00000| Untracked 
| 128|0x0000000088000000, 0x0000000088100000, 0x0000000088100000|100%| O|  |TAMS 0x0000000088100000, 0x0000000088000000| Untracked 
| 129|0x0000000088100000, 0x0000000088100000, 0x0000000088200000|  0%| F|  |TAMS 0x0000000088100000, 0x0000000088100000| Untracked 
| 130|0x0000000088200000, 0x0000000088200000, 0x0000000088300000|  0%| F|  |TAMS 0x0000000088200000, 0x0000000088200000| Untracked 
| 131|0x0000000088300000, 0x0000000088300000, 0x0000000088400000|  0%| F|  |TAMS 0x0000000088300000, 0x0000000088300000| Untracked 
| 132|0x0000000088400000, 0x0000000088500000, 0x0000000088500000|100%| O|  |TAMS 0x0000000088500000, 0x0000000088400000| Untracked 
| 133|0x0000000088500000, 0x0000000088600000, 0x0000000088600000|100%| O|  |TAMS 0x0000000088600000, 0x0000000088500000| Untracked 
| 134|0x0000000088600000, 0x0000000088700000, 0x0000000088700000|100%| O|  |TAMS 0x0000000088600000, 0x0000000088600000| Untracked 
| 135|0x0000000088700000, 0x0000000088700000, 0x0000000088800000|  0%| F|  |TAMS 0x0000000088700000, 0x0000000088700000| Untracked 
| 136|0x0000000088800000, 0x0000000088900000, 0x0000000088900000|100%| O|  |TAMS 0x0000000088800000, 0x0000000088800000| Untracked 
| 137|0x0000000088900000, 0x0000000088a00000, 0x0000000088a00000|100%| O|  |TAMS 0x0000000088900000, 0x0000000088900000| Untracked 
| 138|0x0000000088a00000, 0x0000000088b00000, 0x0000000088b00000|100%| O|  |TAMS 0x0000000088a00000, 0x0000000088a00000| Untracked 
| 139|0x0000000088b00000, 0x0000000088b00000, 0x0000000088c00000|  0%| F|  |TAMS 0x0000000088b00000, 0x0000000088b00000| Untracked 
| 140|0x0000000088c00000, 0x0000000088c00000, 0x0000000088d00000|  0%| F|  |TAMS 0x0000000088c00000, 0x0000000088c00000| Untracked 
| 141|0x0000000088d00000, 0x0000000088e00000, 0x0000000088e00000|100%| O|  |TAMS 0x0000000088d00000, 0x0000000088d00000| Untracked 
| 142|0x0000000088e00000, 0x0000000088e00000, 0x0000000088f00000|  0%| F|  |TAMS 0x0000000088e00000, 0x0000000088e00000| Untracked 
| 143|0x0000000088f00000, 0x0000000088f00000, 0x0000000089000000|  0%| F|  |TAMS 0x0000000088f00000, 0x0000000088f00000| Untracked 
| 144|0x0000000089000000, 0x0000000089000000, 0x0000000089100000|  0%| F|  |TAMS 0x0000000089000000, 0x0000000089000000| Untracked 
| 145|0x0000000089100000, 0x0000000089100000, 0x0000000089200000|  0%| F|  |TAMS 0x0000000089100000, 0x0000000089100000| Untracked 
| 146|0x0000000089200000, 0x0000000089200000, 0x0000000089300000|  0%| F|  |TAMS 0x0000000089200000, 0x0000000089200000| Untracked 
| 147|0x0000000089300000, 0x0000000089300000, 0x0000000089400000|  0%| F|  |TAMS 0x0000000089300000, 0x0000000089300000| Untracked 
| 148|0x0000000089400000, 0x0000000089400000, 0x0000000089500000|  0%| F|  |TAMS 0x0000000089400000, 0x0000000089400000| Untracked 
| 149|0x0000000089500000, 0x0000000089500000, 0x0000000089600000|  0%| F|  |TAMS 0x0000000089500000, 0x0000000089500000| Untracked 
| 150|0x0000000089600000, 0x0000000089600000, 0x0000000089700000|  0%| F|  |TAMS 0x0000000089600000, 0x0000000089600000| Untracked 
| 151|0x0000000089700000, 0x0000000089700000, 0x0000000089800000|  0%| F|  |TAMS 0x0000000089700000, 0x0000000089700000| Untracked 
| 152|0x0000000089800000, 0x0000000089800000, 0x0000000089900000|  0%| F|  |TAMS 0x0000000089800000, 0x0000000089800000| Untracked 
| 153|0x0000000089900000, 0x0000000089900000, 0x0000000089a00000|  0%| F|  |TAMS 0x0000000089900000, 0x0000000089900000| Untracked 
| 154|0x0000000089a00000, 0x0000000089a00000, 0x0000000089b00000|  0%| F|  |TAMS 0x0000000089a00000, 0x0000000089a00000| Untracked 
| 155|0x0000000089b00000, 0x0000000089b00000, 0x0000000089c00000|  0%| F|  |TAMS 0x0000000089b00000, 0x0000000089b00000| Untracked 
| 156|0x0000000089c00000, 0x0000000089caa7e0, 0x0000000089d00000| 66%| S|CS|TAMS 0x0000000089c00000, 0x0000000089c00000| Complete 
| 157|0x0000000089d00000, 0x0000000089d00000, 0x0000000089e00000|  0%| F|  |TAMS 0x0000000089d00000, 0x0000000089d00000| Untracked 
| 158|0x0000000089e00000, 0x0000000089e00000, 0x0000000089f00000|  0%| F|  |TAMS 0x0000000089e00000, 0x0000000089e00000| Untracked 
| 159|0x0000000089f00000, 0x0000000089f00000, 0x000000008a000000|  0%| F|  |TAMS 0x0000000089f00000, 0x0000000089f00000| Untracked 
| 160|0x000000008a000000, 0x000000008a000000, 0x000000008a100000|  0%| F|  |TAMS 0x000000008a000000, 0x000000008a000000| Untracked 
| 161|0x000000008a100000, 0x000000008a100000, 0x000000008a200000|  0%| F|  |TAMS 0x000000008a100000, 0x000000008a100000| Untracked 
| 162|0x000000008a200000, 0x000000008a200000, 0x000000008a300000|  0%| F|  |TAMS 0x000000008a200000, 0x000000008a200000| Untracked 
| 163|0x000000008a300000, 0x000000008a300000, 0x000000008a400000|  0%| F|  |TAMS 0x000000008a300000, 0x000000008a300000| Untracked 
| 164|0x000000008a400000, 0x000000008a400000, 0x000000008a500000|  0%| F|  |TAMS 0x000000008a400000, 0x000000008a400000| Untracked 
| 165|0x000000008a500000, 0x000000008a500000, 0x000000008a600000|  0%| F|  |TAMS 0x000000008a500000, 0x000000008a500000| Untracked 
| 166|0x000000008a600000, 0x000000008a600000, 0x000000008a700000|  0%| F|  |TAMS 0x000000008a600000, 0x000000008a600000| Untracked 
| 167|0x000000008a700000, 0x000000008a700000, 0x000000008a800000|  0%| F|  |TAMS 0x000000008a700000, 0x000000008a700000| Untracked 
| 168|0x000000008a800000, 0x000000008a800000, 0x000000008a900000|  0%| F|  |TAMS 0x000000008a800000, 0x000000008a800000| Untracked 
| 169|0x000000008a900000, 0x000000008a900000, 0x000000008aa00000|  0%| F|  |TAMS 0x000000008a900000, 0x000000008a900000| Untracked 
| 170|0x000000008aa00000, 0x000000008aa00000, 0x000000008ab00000|  0%| F|  |TAMS 0x000000008aa00000, 0x000000008aa00000| Untracked 
| 171|0x000000008ab00000, 0x000000008ab00000, 0x000000008ac00000|  0%| F|  |TAMS 0x000000008ab00000, 0x000000008ab00000| Untracked 
| 172|0x000000008ac00000, 0x000000008ac00000, 0x000000008ad00000|  0%| F|  |TAMS 0x000000008ac00000, 0x000000008ac00000| Untracked 
| 173|0x000000008ad00000, 0x000000008ad00000, 0x000000008ae00000|  0%| F|  |TAMS 0x000000008ad00000, 0x000000008ad00000| Untracked 
| 174|0x000000008ae00000, 0x000000008ae00000, 0x000000008af00000|  0%| F|  |TAMS 0x000000008ae00000, 0x000000008ae00000| Untracked 
| 175|0x000000008af00000, 0x000000008af00000, 0x000000008b000000|  0%| F|  |TAMS 0x000000008af00000, 0x000000008af00000| Untracked 
| 176|0x000000008b000000, 0x000000008b000000, 0x000000008b100000|  0%| F|  |TAMS 0x000000008b000000, 0x000000008b000000| Untracked 
| 177|0x000000008b100000, 0x000000008b100000, 0x000000008b200000|  0%| F|  |TAMS 0x000000008b100000, 0x000000008b100000| Untracked 
| 178|0x000000008b200000, 0x000000008b200000, 0x000000008b300000|  0%| F|  |TAMS 0x000000008b200000, 0x000000008b200000| Untracked 
| 179|0x000000008b300000, 0x000000008b300000, 0x000000008b400000|  0%| F|  |TAMS 0x000000008b300000, 0x000000008b300000| Untracked 
| 180|0x000000008b400000, 0x000000008b400000, 0x000000008b500000|  0%| F|  |TAMS 0x000000008b400000, 0x000000008b400000| Untracked 
| 181|0x000000008b500000, 0x000000008b500000, 0x000000008b600000|  0%| F|  |TAMS 0x000000008b500000, 0x000000008b500000| Untracked 
| 182|0x000000008b600000, 0x000000008b600000, 0x000000008b700000|  0%| F|  |TAMS 0x000000008b600000, 0x000000008b600000| Untracked 

Card table byte_map: [0x000001efbbea0000,0x000001efbc2a0000] _byte_map_base: 0x000001efbbaa0000

Marking Bits (Prev, Next): (CMBitMap*) 0x000001efa856f1d0, (CMBitMap*) 0x000001efa856f198
 Prev Bits: [0x000001efbe6a0000, 0x000001efc06a0000)
 Next Bits: [0x000001efbc6a0000, 0x000001efbe6a0000)

Polling page: 0x000001efa6ee0000

Metaspace:

Usage:
  Non-class:    107.00 MB capacity,   104.92 MB ( 98%) used,     1.73 MB (  2%) free+waste,   356.94 KB ( <1%) overhead. 
      Class:     15.84 MB capacity,    14.72 MB ( 93%) used,   988.96 KB (  6%) free+waste,   160.69 KB ( <1%) overhead. 
       Both:    122.85 MB capacity,   119.65 MB ( 97%) used,     2.70 MB (  2%) free+waste,   517.63 KB ( <1%) overhead. 

Virtual space:
  Non-class space:      108.00 MB reserved,     107.25 MB (>99%) committed 
      Class space:        1.00 GB reserved,      15.88 MB (  2%) committed 
             Both:        1.11 GB reserved,     123.13 MB ( 11%) committed 

Chunk freelists:
   Non-Class:  59.00 KB
       Class:  0 bytes
        Both:  59.00 KB

MaxMetaspaceSize: 17179869184.00 GB
CompressedClassSpaceSize: 1.00 GB

CodeHeap 'non-profiled nmethods': size=120000Kb used=9242Kb max_used=9242Kb free=110757Kb
 bounds [0x000001efb3b00000, 0x000001efb4410000, 0x000001efbb030000]
CodeHeap 'profiled nmethods': size=120000Kb used=36487Kb max_used=36487Kb free=83512Kb
 bounds [0x000001efac5d0000, 0x000001efae980000, 0x000001efb3b00000]
CodeHeap 'non-nmethods': size=5760Kb used=2349Kb max_used=2397Kb free=3410Kb
 bounds [0x000001efac030000, 0x000001efac2a0000, 0x000001efac5d0000]
 total_blobs=17530 nmethods=16557 adapters=884
 compilation: enabled
              stopped_count=0, restarted_count=0
 full_count=0

Compilation events (20 events):
Event: 360.243 Thread 0x000001efc31b0000 17072   !   2       com.android.manifmerger.ManifestModel::fromXmlSimpleName (15 bytes)
Event: 360.243 Thread 0x000001efc31b0000 nmethod 17072 0x000001efae96e610 code [0x000001efae96e800, 0x000001efae96ea88]
Event: 360.243 Thread 0x000001efc31b0000 17073       2       com.android.utils.SdkUtils::xmlNameToConstantName (11 bytes)
Event: 360.243 Thread 0x000001efc31b0000 nmethod 17073 0x000001efae96ec10 code [0x000001efae96ede0, 0x000001efae96ef98]
Event: 360.243 Thread 0x000001efc31b0000 17074       2       com.google.common.base.CaseFormat$1::convert (42 bytes)
Event: 360.243 Thread 0x000001efc31b0000 nmethod 17074 0x000001efae96f090 code [0x000001efae96f280, 0x000001efae96f458]
Event: 360.247 Thread 0x000001efc31b0000 17075       2       java.util.Collections::indexedBinarySearch (83 bytes)
Event: 360.248 Thread 0x000001efc31b0000 nmethod 17075 0x000001efae96f590 code [0x000001efae96f760, 0x000001efae96f9e8]
Event: 360.249 Thread 0x000001efc31b0000 17076       2       com.google.gson.internal.bind.TypeAdapters$33::create (30 bytes)
Event: 360.250 Thread 0x000001efc31b0000 nmethod 17076 0x000001efae96fb90 code [0x000001efae96fd40, 0x000001efae96fe78]
Event: 360.250 Thread 0x000001efc31b0000 17077       2       com.google.gson.internal.Excluder::isAnonymousOrLocal (29 bytes)
Event: 360.251 Thread 0x000001efc31b0000 nmethod 17077 0x000001efae96ff90 code [0x000001efae9701a0, 0x000001efae9704a8]
Event: 360.251 Thread 0x000001efc31b0000 17078       2       com.google.gson.internal.Excluder::excludeClassInStrategy (64 bytes)
Event: 360.252 Thread 0x000001efc31b0000 nmethod 17078 0x000001efae970690 code [0x000001efae970880, 0x000001efae970b38]
Event: 360.255 Thread 0x000001efc31b0000 17079       2       com.android.manifmerger.XmlElement::initMergeableChildren (83 bytes)
Event: 360.256 Thread 0x000001efc31b0000 nmethod 17079 0x000001efae970c90 code [0x000001efae970ec0, 0x000001efae9714d8]
Event: 360.257 Thread 0x000001efc31b0000 17080       2       com.google.common.base.Ascii::isUpperCase (18 bytes)
Event: 360.257 Thread 0x000001efc31b0000 nmethod 17080 0x000001efae971810 code [0x000001efae9719c0, 0x000001efae971ab8]
Event: 360.258 Thread 0x000001efc31b0000 17081       2       org.apache.xerces.dom.NodeImpl::isFirstChild (16 bytes)
Event: 360.259 Thread 0x000001efc31b0000 nmethod 17081 0x000001efae971b90 code [0x000001efae971d40, 0x000001efae971e58]

GC Heap History (20 events):
Event: 358.305 GC heap after
{Heap after GC invocations=64 (full 0):
 garbage-first heap   total 187392K, used 137222K [0x0000000080000000, 0x0000000100000000)
  region size 1024K, 1 young (1024K), 1 survivors (1024K)
 Metaspace       used 117348K, capacity 120591K, committed 120832K, reserved 1155072K
  class space    used 14661K, capacity 15811K, committed 15872K, reserved 1048576K
}
Event: 358.467 GC heap before
{Heap before GC invocations=64 (full 0):
 garbage-first heap   total 187392K, used 154630K [0x0000000080000000, 0x0000000100000000)
  region size 1024K, 19 young (19456K), 1 survivors (1024K)
 Metaspace       used 117362K, capacity 120591K, committed 120832K, reserved 1155072K
  class space    used 14661K, capacity 15811K, committed 15872K, reserved 1048576K
}
Event: 358.470 GC heap after
{Heap after GC invocations=65 (full 0):
 garbage-first heap   total 187392K, used 136990K [0x0000000080000000, 0x0000000100000000)
  region size 1024K, 1 young (1024K), 1 survivors (1024K)
 Metaspace       used 117362K, capacity 120591K, committed 120832K, reserved 1155072K
  class space    used 14661K, capacity 15811K, committed 15872K, reserved 1048576K
}
Event: 358.595 GC heap before
{Heap before GC invocations=65 (full 0):
 garbage-first heap   total 187392K, used 156446K [0x0000000080000000, 0x0000000100000000)
  region size 1024K, 20 young (20480K), 1 survivors (1024K)
 Metaspace       used 117366K, capacity 120591K, committed 120832K, reserved 1155072K
  class space    used 14661K, capacity 15811K, committed 15872K, reserved 1048576K
}
Event: 358.596 GC heap after
{Heap after GC invocations=66 (full 0):
 garbage-first heap   total 187392K, used 136953K [0x0000000080000000, 0x0000000100000000)
  region size 1024K, 1 young (1024K), 1 survivors (1024K)
 Metaspace       used 117366K, capacity 120591K, committed 120832K, reserved 1155072K
  class space    used 14661K, capacity 15811K, committed 15872K, reserved 1048576K
}
Event: 358.778 GC heap before
{Heap before GC invocations=67 (full 0):
 garbage-first heap   total 187392K, used 157433K [0x0000000080000000, 0x0000000100000000)
  region size 1024K, 21 young (21504K), 1 survivors (1024K)
 Metaspace       used 117387K, capacity 120597K, committed 120832K, reserved 1155072K
  class space    used 14663K, capacity 15813K, committed 15872K, reserved 1048576K
}
Event: 358.782 GC heap after
{Heap after GC invocations=68 (full 0):
 garbage-first heap   total 187392K, used 139423K [0x0000000080000000, 0x0000000100000000)
  region size 1024K, 3 young (3072K), 3 survivors (3072K)
 Metaspace       used 117387K, capacity 120597K, committed 120832K, reserved 1155072K
  class space    used 14663K, capacity 15813K, committed 15872K, reserved 1048576K
}
Event: 358.909 GC heap before
{Heap before GC invocations=68 (full 0):
 garbage-first heap   total 187392K, used 159903K [0x0000000080000000, 0x0000000100000000)
  region size 1024K, 9 young (9216K), 3 survivors (3072K)
 Metaspace       used 117590K, capacity 120767K, committed 120832K, reserved 1155072K
  class space    used 14678K, capacity 15820K, committed 15872K, reserved 1048576K
}
Event: 358.915 GC heap after
{Heap after GC invocations=69 (full 0):
 garbage-first heap   total 187392K, used 136453K [0x0000000080000000, 0x0000000100000000)
  region size 1024K, 1 young (1024K), 1 survivors (1024K)
 Metaspace       used 117590K, capacity 120767K, committed 120832K, reserved 1155072K
  class space    used 14678K, capacity 15820K, committed 15872K, reserved 1048576K
}
Event: 359.049 GC heap before
{Heap before GC invocations=69 (full 0):
 garbage-first heap   total 187392K, used 156933K [0x0000000080000000, 0x0000000100000000)
  region size 1024K, 22 young (22528K), 1 survivors (1024K)
 Metaspace       used 118344K, capacity 121629K, committed 121984K, reserved 1155072K
  class space    used 14746K, capacity 15891K, committed 16000K, reserved 1048576K
}
Event: 359.053 GC heap after
{Heap after GC invocations=70 (full 0):
 garbage-first heap   total 187392K, used 139305K [0x0000000080000000, 0x0000000100000000)
  region size 1024K, 3 young (3072K), 3 survivors (3072K)
 Metaspace       used 118344K, capacity 121629K, committed 121984K, reserved 1155072K
  class space    used 14746K, capacity 15891K, committed 16000K, reserved 1048576K
}
Event: 359.381 GC heap before
{Heap before GC invocations=71 (full 0):
 garbage-first heap   total 187392K, used 157737K [0x0000000080000000, 0x0000000100000000)
  region size 1024K, 22 young (22528K), 3 survivors (3072K)
 Metaspace       used 120697K, capacity 123928K, committed 124160K, reserved 1157120K
  class space    used 14923K, capacity 16051K, committed 16128K, reserved 1048576K
}
Event: 359.386 GC heap after
{Heap after GC invocations=72 (full 0):
 garbage-first heap   total 187392K, used 141459K [0x0000000080000000, 0x0000000100000000)
  region size 1024K, 3 young (3072K), 3 survivors (3072K)
 Metaspace       used 120697K, capacity 123928K, committed 124160K, reserved 1157120K
  class space    used 14923K, capacity 16051K, committed 16128K, reserved 1048576K
}
Event: 359.453 GC heap before
{Heap before GC invocations=72 (full 0):
 garbage-first heap   total 187392K, used 146579K [0x0000000080000000, 0x0000000100000000)
  region size 1024K, 9 young (9216K), 3 survivors (3072K)
 Metaspace       used 120755K, capacity 123992K, committed 124160K, reserved 1157120K
  class space    used 14923K, capacity 16051K, committed 16128K, reserved 1048576K
}
Event: 359.461 GC heap after
{Heap after GC invocations=73 (full 0):
 garbage-first heap   total 187392K, used 127818K [0x0000000080000000, 0x0000000100000000)
  region size 1024K, 1 young (1024K), 1 survivors (1024K)
 Metaspace       used 120755K, capacity 123992K, committed 124160K, reserved 1157120K
  class space    used 14923K, capacity 16051K, committed 16128K, reserved 1048576K
}
Event: 359.662 GC heap before
{Heap before GC invocations=73 (full 0):
 garbage-first heap   total 187392K, used 151370K [0x0000000080000000, 0x0000000100000000)
  region size 1024K, 25 young (25600K), 1 survivors (1024K)
 Metaspace       used 121047K, capacity 124280K, committed 124416K, reserved 1157120K
  class space    used 14935K, capacity 16083K, committed 16128K, reserved 1048576K
}
Event: 359.668 GC heap after
{Heap after GC invocations=74 (full 0):
 garbage-first heap   total 187392K, used 129967K [0x0000000080000000, 0x0000000100000000)
  region size 1024K, 4 young (4096K), 4 survivors (4096K)
 Metaspace       used 121047K, capacity 124280K, committed 124416K, reserved 1157120K
  class space    used 14935K, capacity 16083K, committed 16128K, reserved 1048576K
}
Event: 359.926 GC heap before
{Heap before GC invocations=74 (full 0):
 garbage-first heap   total 187392K, used 152495K [0x0000000080000000, 0x0000000100000000)
  region size 1024K, 27 young (27648K), 4 survivors (4096K)
 Metaspace       used 121264K, capacity 124472K, committed 124672K, reserved 1157120K
  class space    used 14948K, capacity 16083K, committed 16128K, reserved 1048576K
}
Event: 359.929 GC heap after
{Heap after GC invocations=75 (full 0):
 garbage-first heap   total 187392K, used 129142K [0x0000000080000000, 0x0000000100000000)
  region size 1024K, 1 young (1024K), 1 survivors (1024K)
 Metaspace       used 121264K, capacity 124472K, committed 124672K, reserved 1157120K
  class space    used 14948K, capacity 16083K, committed 16128K, reserved 1048576K
}
Event: 360.259 GC heap before
{Heap before GC invocations=75 (full 0):
 garbage-first heap   total 187392K, used 153718K [0x0000000080000000, 0x0000000100000000)
  region size 1024K, 26 young (26624K), 1 survivors (1024K)
 Metaspace       used 122518K, capacity 125798K, committed 126080K, reserved 1159168K
  class space    used 15075K, capacity 16225K, committed 16256K, reserved 1048576K
}

Deoptimization events (20 events):
Event: 360.166 Thread 0x000001efc9bb8000 DEOPT PACKING pc=0x000001efae5d3ef2 sp=0x000000c0a62f9f00
Event: 360.166 Thread 0x000001efc9bb8000 DEOPT UNPACKING pc=0x000001efac0576ce sp=0x000000c0a62f9430 mode 0
Event: 360.177 Thread 0x000001efc9bb8000 DEOPT PACKING pc=0x000001efae5d3ef2 sp=0x000000c0a62f9f00
Event: 360.177 Thread 0x000001efc9bb8000 DEOPT UNPACKING pc=0x000001efac0576ce sp=0x000000c0a62f9430 mode 0
Event: 360.187 Thread 0x000001efc9bb8000 DEOPT PACKING pc=0x000001efae5d3ef2 sp=0x000000c0a62f9f00
Event: 360.187 Thread 0x000001efc9bb8000 DEOPT UNPACKING pc=0x000001efac0576ce sp=0x000000c0a62f9430 mode 0
Event: 360.196 Thread 0x000001efc9bb8000 DEOPT PACKING pc=0x000001efae5d3ef2 sp=0x000000c0a62f9f00
Event: 360.196 Thread 0x000001efc9bb8000 DEOPT UNPACKING pc=0x000001efac0576ce sp=0x000000c0a62f9430 mode 0
Event: 360.207 Thread 0x000001efc9bb8000 DEOPT PACKING pc=0x000001efae5d3ef2 sp=0x000000c0a62f9f00
Event: 360.207 Thread 0x000001efc9bb8000 DEOPT UNPACKING pc=0x000001efac0576ce sp=0x000000c0a62f9430 mode 0
Event: 360.217 Thread 0x000001efc9bb8000 DEOPT PACKING pc=0x000001efae92f8d4 sp=0x000000c0a62f9f00
Event: 360.217 Thread 0x000001efc9bb8000 DEOPT UNPACKING pc=0x000001efac0576ce sp=0x000000c0a62f9438 mode 0
Event: 360.228 Thread 0x000001efc9bb8000 Uncommon trap: trap_request=0xffffff4d fr.pc=0x000001efb43c7ad4 relative=0x0000000000000954
Event: 360.228 Thread 0x000001efc9bb8000 Uncommon trap: reason=unstable_if action=reinterpret pc=0x000001efb43c7ad4 method=org.apache.xerces.dom.ParentNode.internalInsertBefore(Lorg/w3c/dom/Node;Lorg/w3c/dom/Node;Z)Lorg/w3c/dom/Node; @ 562 c2
Event: 360.228 Thread 0x000001efc9bb8000 DEOPT PACKING pc=0x000001efb43c7ad4 sp=0x000000c0a62fa700
Event: 360.228 Thread 0x000001efc9bb8000 DEOPT UNPACKING pc=0x000001efac0578af sp=0x000000c0a62fa6a8 mode 2
Event: 360.251 Thread 0x000001efc9bb8000 Uncommon trap: trap_request=0xffffff4d fr.pc=0x000001efb4101344 relative=0x0000000000000344
Event: 360.251 Thread 0x000001efc9bb8000 Uncommon trap: reason=unstable_if action=reinterpret pc=0x000001efb4101344 method=java.util.HashMap.removeNode(ILjava/lang/Object;Ljava/lang/Object;ZZ)Ljava/util/HashMap$Node; @ 71 c2
Event: 360.251 Thread 0x000001efc9bb8000 DEOPT PACKING pc=0x000001efb4101344 sp=0x000000c0a62fa4a0
Event: 360.251 Thread 0x000001efc9bb8000 DEOPT UNPACKING pc=0x000001efac0578af sp=0x000000c0a62fa440 mode 2

Classes redefined (0 events):
No events

Internal exceptions (20 events):
Event: 357.714 Thread 0x000001efc9bb2800 Exception <a 'java/lang/NoSuchMethodError'{0x000000008a8bca50}: <clinit>> (0x000000008a8bca50) thrown at [./src/hotspot/share/prims/jni.cpp, line 1362]
Event: 357.715 Thread 0x000001efc9bb2800 Exception <a 'java/lang/NoSuchMethodError'{0x000000008a8c81f0}: <clinit>> (0x000000008a8c81f0) thrown at [./src/hotspot/share/prims/jni.cpp, line 1362]
Event: 357.719 Thread 0x000001efc9bb2800 Exception <a 'java/lang/NoSuchMethodError'{0x000000008a71fcb8}: <clinit>> (0x000000008a71fcb8) thrown at [./src/hotspot/share/prims/jni.cpp, line 1362]
Event: 357.722 Thread 0x000001efc9bb2800 Exception <a 'java/lang/NoSuchMethodError'{0x000000008a7525a8}: <clinit>> (0x000000008a7525a8) thrown at [./src/hotspot/share/prims/jni.cpp, line 1362]
Event: 357.722 Thread 0x000001efc9bb2800 Exception <a 'java/lang/NoSuchMethodError'{0x000000008a755a10}: <clinit>> (0x000000008a755a10) thrown at [./src/hotspot/share/prims/jni.cpp, line 1362]
Event: 357.722 Thread 0x000001efc9bb2800 Exception <a 'java/lang/NoSuchMethodError'{0x000000008a758680}: <clinit>> (0x000000008a758680) thrown at [./src/hotspot/share/prims/jni.cpp, line 1362]
Event: 357.723 Thread 0x000001efc9bb2800 Exception <a 'java/lang/NoSuchMethodError'{0x000000008a770690}: <clinit>> (0x000000008a770690) thrown at [./src/hotspot/share/prims/jni.cpp, line 1362]
Event: 357.725 Thread 0x000001efc9bb2800 Exception <a 'java/lang/NoSuchMethodError'{0x000000008a7879b0}: <clinit>> (0x000000008a7879b0) thrown at [./src/hotspot/share/prims/jni.cpp, line 1362]
Event: 357.726 Thread 0x000001efc9bb2800 Exception <a 'java/lang/NoSuchMethodError'{0x000000008a79c8d8}: <clinit>> (0x000000008a79c8d8) thrown at [./src/hotspot/share/prims/jni.cpp, line 1362]
Event: 357.727 Thread 0x000001efc9bb2800 Exception <a 'java/lang/NoSuchMethodError'{0x000000008a7bf398}: <clinit>> (0x000000008a7bf398) thrown at [./src/hotspot/share/prims/jni.cpp, line 1362]
Event: 357.729 Thread 0x000001efc9bb2800 Exception <a 'java/lang/NoSuchMethodError'{0x000000008a7e49c0}: <clinit>> (0x000000008a7e49c0) thrown at [./src/hotspot/share/prims/jni.cpp, line 1362]
Event: 357.729 Thread 0x000001efc9bb2800 Exception <a 'java/lang/NoSuchMethodError'{0x000000008a7f8fb0}: <clinit>> (0x000000008a7f8fb0) thrown at [./src/hotspot/share/prims/jni.cpp, line 1362]
Event: 358.848 Thread 0x000001efc9bb2800 Implicit null exception at 0x000001efb436f855 to 0x000001efb4373d58
Event: 358.909 Thread 0x000001efc9bb2800 Exception <a 'java/lang/NoSuchMethodError'{0x000000008b1f0e08}: <clinit>> (0x000000008b1f0e08) thrown at [./src/hotspot/share/prims/jni.cpp, line 1362]
Event: 360.090 Thread 0x000001efc9bb8000 Exception <a 'sun/nio/fs/WindowsException'{0x000000008aae45e8}> (0x000000008aae45e8) thrown at [./src/hotspot/share/prims/jni.cpp, line 615]
Event: 360.091 Thread 0x000001efc9bb8000 Exception <a 'sun/nio/fs/WindowsException'{0x000000008aae5750}> (0x000000008aae5750) thrown at [./src/hotspot/share/prims/jni.cpp, line 615]
Event: 360.091 Thread 0x000001efc9bb8000 Exception <a 'sun/nio/fs/WindowsException'{0x000000008aae5978}> (0x000000008aae5978) thrown at [./src/hotspot/share/prims/jni.cpp, line 615]
Event: 360.091 Thread 0x000001efc9bb8000 Exception <a 'sun/nio/fs/WindowsException'{0x000000008aae6da8}> (0x000000008aae6da8) thrown at [./src/hotspot/share/prims/jni.cpp, line 615]
Event: 360.091 Thread 0x000001efc9bb8000 Exception <a 'sun/nio/fs/WindowsException'{0x000000008aae70a8}> (0x000000008aae70a8) thrown at [./src/hotspot/share/prims/jni.cpp, line 615]
Event: 360.091 Thread 0x000001efc9bb8000 Exception <a 'sun/nio/fs/WindowsException'{0x000000008aae8188}> (0x000000008aae8188) thrown at [./src/hotspot/share/prims/jni.cpp, line 615]

Events (20 events):
Event: 360.250 loading class com/android/manifmerger/DeepLink done
Event: 360.250 loading class com/android/manifmerger/DeepLink$Companion
Event: 360.250 loading class com/android/manifmerger/DeepLink$Companion done
Event: 360.251 loading class com/android/manifmerger/NavGraphExpander
Event: 360.251 loading class com/android/manifmerger/NavGraphExpander done
Event: 360.253 loading class com/android/manifmerger/NavGraphExpander$NavGraphException
Event: 360.253 loading class com/android/manifmerger/NavGraphExpander$NavGraphException done
Event: 360.254 loading class com/android/manifmerger/ElementsTrimmer
Event: 360.254 loading class com/android/manifmerger/ElementsTrimmer done
Event: 360.255 loading class java/util/TreeMap$DescendingSubMap$DescendingEntrySetView
Event: 360.256 loading class java/util/TreeMap$NavigableSubMap$EntrySetView
Event: 360.256 loading class java/util/TreeMap$NavigableSubMap$EntrySetView done
Event: 360.256 loading class java/util/TreeMap$DescendingSubMap$DescendingEntrySetView done
Event: 360.256 loading class java/util/TreeMap$NavigableSubMap$DescendingSubMapEntryIterator
Event: 360.257 loading class java/util/TreeMap$NavigableSubMap$DescendingSubMapEntryIterator done
Event: 360.257 loading class com/android/manifmerger/PostValidator
Event: 360.257 loading class com/android/manifmerger/PostValidator done
Event: 360.258 loading class com/android/manifmerger/Actions
Event: 360.258 loading class com/android/manifmerger/Actions done
Event: 360.259 Executing VM operation: G1CollectForAllocation


Dynamic libraries:
0x00007ff7d07f0000 - 0x00007ff7d07fa000 	D:\AndroidStudioSetup\jre\bin\java.exe
0x00007ffd31510000 - 0x00007ffd31705000 	C:\WINDOWS\SYSTEM32\ntdll.dll
0x00007ffd30640000 - 0x00007ffd306fd000 	C:\WINDOWS\System32\KERNEL32.DLL
0x00007ffd2ec50000 - 0x00007ffd2ef19000 	C:\WINDOWS\System32\KERNELBASE.dll
0x00007ffd2ef20000 - 0x00007ffd2f020000 	C:\WINDOWS\System32\ucrtbase.dll
0x00007ffd06720000 - 0x00007ffd06737000 	D:\AndroidStudioSetup\jre\bin\VCRUNTIME140.dll
0x00007ffd08580000 - 0x00007ffd08599000 	D:\AndroidStudioSetup\jre\bin\jli.dll
0x00007ffd30f60000 - 0x00007ffd31100000 	C:\WINDOWS\System32\USER32.dll
0x00007ffd2f020000 - 0x00007ffd2f042000 	C:\WINDOWS\System32\win32u.dll
0x00007ffd0f850000 - 0x00007ffd0faea000 	C:\WINDOWS\WinSxS\amd64_microsoft.windows.common-controls_6595b64144ccf1df_6.0.19041.844_none_ca00b6081b84eb1d\COMCTL32.dll
0x00007ffd30a50000 - 0x00007ffd30aee000 	C:\WINDOWS\System32\msvcrt.dll
0x00007ffd308f0000 - 0x00007ffd3091a000 	C:\WINDOWS\System32\GDI32.dll
0x00007ffd2f460000 - 0x00007ffd2f56b000 	C:\WINDOWS\System32\gdi32full.dll
0x00007ffd2f3c0000 - 0x00007ffd2f45d000 	C:\WINDOWS\System32\msvcp_win.dll
0x00007ffd31440000 - 0x00007ffd31470000 	C:\WINDOWS\System32\IMM32.DLL
0x00007ffcfb980000 - 0x00007ffcfba1d000 	D:\AndroidStudioSetup\jre\bin\msvcp140.dll
0x00007ffce5150000 - 0x00007ffce5c1f000 	D:\AndroidStudioSetup\jre\bin\server\jvm.dll
0x00007ffd30100000 - 0x00007ffd301ac000 	C:\WINDOWS\System32\ADVAPI32.dll
0x00007ffd31320000 - 0x00007ffd313bc000 	C:\WINDOWS\System32\sechost.dll
0x00007ffd30510000 - 0x00007ffd3063b000 	C:\WINDOWS\System32\RPCRT4.dll
0x00007ffd31430000 - 0x00007ffd31438000 	C:\WINDOWS\System32\PSAPI.DLL
0x00007ffd20790000 - 0x00007ffd207b7000 	C:\WINDOWS\SYSTEM32\WINMM.dll
0x00007ffd1dc80000 - 0x00007ffd1dc8a000 	C:\WINDOWS\SYSTEM32\VERSION.dll
0x00007ffd18ac0000 - 0x00007ffd18ac9000 	C:\WINDOWS\SYSTEM32\WSOCK32.dll
0x00007ffd30700000 - 0x00007ffd3076b000 	C:\WINDOWS\System32\WS2_32.dll
0x00007ffd2d530000 - 0x00007ffd2d542000 	C:\WINDOWS\SYSTEM32\kernel.appcore.dll
0x00007ffd29000000 - 0x00007ffd29011000 	D:\AndroidStudioSetup\jre\bin\verify.dll
0x00007ffd2caa0000 - 0x00007ffd2cc84000 	C:\WINDOWS\SYSTEM32\DBGHELP.DLL
0x00007ffd1c570000 - 0x00007ffd1c59c000 	C:\WINDOWS\SYSTEM32\dbgcore.DLL
0x00007ffd2f080000 - 0x00007ffd2f100000 	C:\WINDOWS\System32\bcryptPrimitives.dll
0x00007ffd120c0000 - 0x00007ffd120e9000 	D:\AndroidStudioSetup\jre\bin\java.dll
0x00007ffd290b0000 - 0x00007ffd290bb000 	D:\AndroidStudioSetup\jre\bin\jimage.dll
0x00007ffd28690000 - 0x00007ffd286a8000 	D:\AndroidStudioSetup\jre\bin\zip.dll
0x00007ffd2f570000 - 0x00007ffd2fcb2000 	C:\WINDOWS\System32\SHELL32.dll
0x00007ffd2cd90000 - 0x00007ffd2d520000 	C:\WINDOWS\SYSTEM32\windows.storage.dll
0x00007ffd301b0000 - 0x00007ffd30505000 	C:\WINDOWS\System32\combase.dll
0x00007ffd2e5f0000 - 0x00007ffd2e61c000 	C:\WINDOWS\SYSTEM32\Wldp.dll
0x00007ffd30050000 - 0x00007ffd300fe000 	C:\WINDOWS\System32\SHCORE.dll
0x00007ffd313d0000 - 0x00007ffd31425000 	C:\WINDOWS\System32\shlwapi.dll
0x00007ffd2eb90000 - 0x00007ffd2ebaf000 	C:\WINDOWS\SYSTEM32\profapi.dll
0x00007ffd20410000 - 0x00007ffd2042a000 	D:\AndroidStudioSetup\jre\bin\net.dll
0x00007ffd24fd0000 - 0x00007ffd250dc000 	C:\WINDOWS\SYSTEM32\WINHTTP.dll
0x00007ffd2e370000 - 0x00007ffd2e3da000 	C:\WINDOWS\system32\mswsock.dll
0x00007ffd20200000 - 0x00007ffd20214000 	D:\AndroidStudioSetup\jre\bin\nio.dll
0x00007ffd29910000 - 0x00007ffd29937000 	C:\Users\27073\.gradle\native\8bec1ad78214c89d9ad589b4d07fe93259594b29d510b10fafb7a158f7737e5d\windows-amd64\native-platform.dll
0x00007ffcfc250000 - 0x00007ffcfc38d000 	C:\Users\27073\.gradle\native\53dbd7edfb1c66fb8903c78663c9afc45aea4f116125fa6feffd364cf09443e8\windows-amd64\native-platform-file-events.dll
0x00007ffd28fb0000 - 0x00007ffd28fba000 	D:\AndroidStudioSetup\jre\bin\management.dll
0x00007ffd28db0000 - 0x00007ffd28dbc000 	D:\AndroidStudioSetup\jre\bin\management_ext.dll
0x00007ffd2e550000 - 0x00007ffd2e568000 	C:\WINDOWS\SYSTEM32\CRYPTSP.dll
0x00007ffd2dd10000 - 0x00007ffd2dd44000 	C:\WINDOWS\system32\rsaenh.dll
0x00007ffd2f050000 - 0x00007ffd2f077000 	C:\WINDOWS\System32\bcrypt.dll
0x00007ffd2eb50000 - 0x00007ffd2eb7e000 	C:\WINDOWS\SYSTEM32\USERENV.dll
0x00007ffd2e540000 - 0x00007ffd2e54c000 	C:\WINDOWS\SYSTEM32\CRYPTBASE.dll
0x00007ffd2e060000 - 0x00007ffd2e09b000 	C:\WINDOWS\SYSTEM32\IPHLPAPI.DLL
0x00007ffd313c0000 - 0x00007ffd313c8000 	C:\WINDOWS\System32\NSI.dll
0x00007ffd26520000 - 0x00007ffd26537000 	C:\WINDOWS\SYSTEM32\dhcpcsvc6.DLL
0x00007ffd26660000 - 0x00007ffd2667d000 	C:\WINDOWS\SYSTEM32\dhcpcsvc.DLL
0x00007ffd2e0a0000 - 0x00007ffd2e16b000 	C:\WINDOWS\SYSTEM32\DNSAPI.dll
0x00007ffd0bdf0000 - 0x00007ffd0be17000 	D:\AndroidStudioSetup\jre\bin\sunec.dll
0x00007ffd1f2a0000 - 0x00007ffd1f2aa000 	C:\Windows\System32\rasadhlp.dll
0x00007ffd1ff90000 - 0x00007ffd2000f000 	C:\WINDOWS\System32\fwpuclnt.dll
0x00007ffd2d9a0000 - 0x00007ffd2d9d3000 	C:\WINDOWS\SYSTEM32\ntmarta.dll

dbghelp: loaded successfully - version: 4.0.5 - missing functions: none
symbol engine: initialized successfully - sym options: 0x614 - pdb path: .;D:\AndroidStudioSetup\jre\bin;C:\WINDOWS\SYSTEM32;C:\WINDOWS\WinSxS\amd64_microsoft.windows.common-controls_6595b64144ccf1df_6.0.19041.844_none_ca00b6081b84eb1d;D:\AndroidStudioSetup\jre\bin\server;C:\Users\27073\.gradle\native\8bec1ad78214c89d9ad589b4d07fe93259594b29d510b10fafb7a158f7737e5d\windows-amd64;C:\Users\27073\.gradle\native\53dbd7edfb1c66fb8903c78663c9afc45aea4f116125fa6feffd364cf09443e8\windows-amd64

VM Arguments:
jvm_args: --add-opens=java.base/java.util=ALL-UNNAMED --add-opens=java.base/java.lang=ALL-UNNAMED --add-opens=java.base/java.lang.invoke=ALL-UNNAMED --add-opens=java.base/java.util=ALL-UNNAMED --add-opens=java.prefs/java.util.prefs=ALL-UNNAMED --add-opens=java.prefs/java.util.prefs=ALL-UNNAMED --add-opens=java.base/java.nio.charset=ALL-UNNAMED --add-opens=java.base/java.net=ALL-UNNAMED --add-opens=java.base/java.util.concurrent.atomic=ALL-UNNAMED -Xmx2048m -Dfile.encoding=UTF-8 -Duser.country=US -Duser.language=en -Duser.variant 
java_command: org.gradle.launcher.daemon.bootstrap.GradleDaemon 7.0.2
java_class_path (initial): C:\Users\27073\.gradle\wrapper\dists\gradle-7.0.2-bin\857tjihv64xamwrf0h14cai3r\gradle-7.0.2\lib\gradle-launcher-7.0.2.jar
Launcher Type: SUN_STANDARD

[Global flags]
     intx CICompilerCount                          = 4                                         {product} {ergonomic}
     uint ConcGCThreads                            = 2                                         {product} {ergonomic}
     uint G1ConcRefinementThreads                  = 8                                         {product} {ergonomic}
   size_t G1HeapRegionSize                         = 1048576                                   {product} {ergonomic}
    uintx GCDrainStackTargetSize                   = 64                                        {product} {ergonomic}
   size_t InitialHeapSize                          = 132120576                                 {product} {ergonomic}
   size_t MarkStackSize                            = 4194304                                   {product} {ergonomic}
   size_t MaxHeapSize                              = 2147483648                                {product} {command line}
   size_t MaxNewSize                               = 1287651328                                {product} {ergonomic}
   size_t MinHeapDeltaBytes                        = 1048576                                   {product} {ergonomic}
    uintx NonNMethodCodeHeapSize                   = 5836300                                {pd product} {ergonomic}
    uintx NonProfiledCodeHeapSize                  = 122910970                              {pd product} {ergonomic}
    uintx ProfiledCodeHeapSize                     = 122910970                              {pd product} {ergonomic}
    uintx ReservedCodeCacheSize                    = 251658240                              {pd product} {ergonomic}
     bool SegmentedCodeCache                       = true                                      {product} {ergonomic}
     bool UseCompressedClassPointers               = true                                 {lp64_product} {ergonomic}
     bool UseCompressedOops                        = true                                 {lp64_product} {ergonomic}
     bool UseG1GC                                  = true                                      {product} {ergonomic}
     bool UseLargePagesIndividualAllocation        = false                                  {pd product} {ergonomic}

Logging:
Log output configuration:
 #0: stdout all=warning uptime,level,tags
 #1: stderr all=off uptime,level,tags

Environment Variables:
JAVA_HOME=C:\Program Files\Java\jdk-13.0.2
PATH=C:\Program Files\Java\jdk-13.0.2\bin;C:\Program Files\Git\cmd;C:\Users\27073\AppData\Local\Programs\Python\Python39\Scripts\;C:\Users\27073\AppData\Local\Programs\Python\Python39\;C:\Users\27073\AppData\Local\Microsoft\WindowsApps;C:\Program Files\Intel\WiFi\bin\;C:\Program Files\Common Files\Intel\WirelessCommon\;D:\Microsoft VS Code\bin
USERNAME=27073
OS=Windows_NT
PROCESSOR_IDENTIFIER=Intel64 Family 6 Model 142 Stepping 10, GenuineIntel



---------------  S Y S T E M  ---------------

OS: Windows 10 , 64 bit Build 19041 (10.0.19041.804)
OS uptime: 11 days 19:08 hours

CPU:total 8 (initial active 8) (4 cores per cpu, 2 threads per core) family 6 model 142 stepping 10 microcode 0xe0, cmov, cx8, fxsr, mmx, sse, sse2, sse3, ssse3, sse4.1, sse4.2, popcnt, avx, avx2, aes, clmul, erms, 3dnowpref, lzcnt, ht, tsc, tscinvbit, bmi1, bmi2, adx, fma

Memory: 4k page, system-wide physical 8033M (362M free)
TotalPageFile size 30788M (AvailPageFile size 14M)
current process WorkingSet (physical memory assigned to process): 386M, peak: 410M
current process commit charge ("private bytes"): 543M, peak: 580M

vm_info: OpenJDK 64-Bit Server VM (11.0.10+0-b96-7249189) for windows-amd64 JRE (11.0.10+0-b96-7249189), built on Mar 31 2021 21:44:00 by "builder" with MS VC++ 14.0 (VS2015)

END.
